[2024-01-05T17:13:36.733+0000] {processor.py:161} INFO - Started process (PID=56) to work on /opt/airflow/dags/dag_dummy.py
[2024-01-05T17:13:36.735+0000] {processor.py:830} INFO - Processing file /opt/airflow/dags/dag_dummy.py for tasks to queue
[2024-01-05T17:13:36.738+0000] {logging_mixin.py:188} INFO - [2024-01-05T17:13:36.737+0000] {dagbag.py:538} INFO - Filling up the DagBag from /opt/airflow/dags/dag_dummy.py
[2024-01-05T17:13:36.743+0000] {logging_mixin.py:188} INFO - [2024-01-05T17:13:36.742+0000] {dagbag.py:348} ERROR - Failed to import: /opt/airflow/dags/dag_dummy.py
Traceback (most recent call last):
  File "/home/airflow/.local/lib/python3.8/site-packages/airflow/models/dagbag.py", line 344, in parse
    loader.exec_module(new_module)
  File "<frozen importlib._bootstrap_external>", line 839, in exec_module
  File "<frozen importlib._bootstrap_external>", line 976, in get_code
  File "<frozen importlib._bootstrap_external>", line 906, in source_to_code
  File "<frozen importlib._bootstrap>", line 219, in _call_with_frames_removed
  File "/opt/airflow/dags/dag_dummy.py", line 15
    ) as dag):
      ^
SyntaxError: invalid syntax
[2024-01-05T17:13:36.744+0000] {processor.py:842} WARNING - No viable dags retrieved from /opt/airflow/dags/dag_dummy.py
[2024-01-05T17:13:36.761+0000] {processor.py:183} INFO - Processing /opt/airflow/dags/dag_dummy.py took 0.033 seconds
[2024-01-05T17:14:06.915+0000] {processor.py:161} INFO - Started process (PID=68) to work on /opt/airflow/dags/dag_dummy.py
[2024-01-05T17:14:06.916+0000] {processor.py:830} INFO - Processing file /opt/airflow/dags/dag_dummy.py for tasks to queue
[2024-01-05T17:14:06.919+0000] {logging_mixin.py:188} INFO - [2024-01-05T17:14:06.917+0000] {dagbag.py:538} INFO - Filling up the DagBag from /opt/airflow/dags/dag_dummy.py
[2024-01-05T17:14:06.923+0000] {logging_mixin.py:188} INFO - [2024-01-05T17:14:06.923+0000] {dagbag.py:348} ERROR - Failed to import: /opt/airflow/dags/dag_dummy.py
Traceback (most recent call last):
  File "/home/airflow/.local/lib/python3.8/site-packages/airflow/models/dagbag.py", line 344, in parse
    loader.exec_module(new_module)
  File "<frozen importlib._bootstrap_external>", line 839, in exec_module
  File "<frozen importlib._bootstrap_external>", line 976, in get_code
  File "<frozen importlib._bootstrap_external>", line 906, in source_to_code
  File "<frozen importlib._bootstrap>", line 219, in _call_with_frames_removed
  File "/opt/airflow/dags/dag_dummy.py", line 15
    ) as dag):
      ^
SyntaxError: invalid syntax
[2024-01-05T17:14:06.924+0000] {processor.py:842} WARNING - No viable dags retrieved from /opt/airflow/dags/dag_dummy.py
[2024-01-05T17:14:06.951+0000] {processor.py:183} INFO - Processing /opt/airflow/dags/dag_dummy.py took 0.039 seconds
[2024-01-05T17:14:37.292+0000] {processor.py:161} INFO - Started process (PID=76) to work on /opt/airflow/dags/dag_dummy.py
[2024-01-05T17:14:37.293+0000] {processor.py:830} INFO - Processing file /opt/airflow/dags/dag_dummy.py for tasks to queue
[2024-01-05T17:14:37.295+0000] {logging_mixin.py:188} INFO - [2024-01-05T17:14:37.295+0000] {dagbag.py:538} INFO - Filling up the DagBag from /opt/airflow/dags/dag_dummy.py
[2024-01-05T17:14:37.300+0000] {logging_mixin.py:188} INFO - [2024-01-05T17:14:37.299+0000] {dagbag.py:348} ERROR - Failed to import: /opt/airflow/dags/dag_dummy.py
Traceback (most recent call last):
  File "/home/airflow/.local/lib/python3.8/site-packages/airflow/models/dagbag.py", line 344, in parse
    loader.exec_module(new_module)
  File "<frozen importlib._bootstrap_external>", line 839, in exec_module
  File "<frozen importlib._bootstrap_external>", line 976, in get_code
  File "<frozen importlib._bootstrap_external>", line 906, in source_to_code
  File "<frozen importlib._bootstrap>", line 219, in _call_with_frames_removed
  File "/opt/airflow/dags/dag_dummy.py", line 15
    ) as dag):
      ^
SyntaxError: invalid syntax
[2024-01-05T17:14:37.301+0000] {processor.py:842} WARNING - No viable dags retrieved from /opt/airflow/dags/dag_dummy.py
[2024-01-05T17:14:37.318+0000] {processor.py:183} INFO - Processing /opt/airflow/dags/dag_dummy.py took 0.030 seconds
[2024-01-05T17:15:07.609+0000] {processor.py:161} INFO - Started process (PID=88) to work on /opt/airflow/dags/dag_dummy.py
[2024-01-05T17:15:07.610+0000] {processor.py:830} INFO - Processing file /opt/airflow/dags/dag_dummy.py for tasks to queue
[2024-01-05T17:15:07.612+0000] {logging_mixin.py:188} INFO - [2024-01-05T17:15:07.612+0000] {dagbag.py:538} INFO - Filling up the DagBag from /opt/airflow/dags/dag_dummy.py
[2024-01-05T17:15:07.617+0000] {logging_mixin.py:188} INFO - [2024-01-05T17:15:07.616+0000] {dagbag.py:348} ERROR - Failed to import: /opt/airflow/dags/dag_dummy.py
Traceback (most recent call last):
  File "/home/airflow/.local/lib/python3.8/site-packages/airflow/models/dagbag.py", line 344, in parse
    loader.exec_module(new_module)
  File "<frozen importlib._bootstrap_external>", line 839, in exec_module
  File "<frozen importlib._bootstrap_external>", line 976, in get_code
  File "<frozen importlib._bootstrap_external>", line 906, in source_to_code
  File "<frozen importlib._bootstrap>", line 219, in _call_with_frames_removed
  File "/opt/airflow/dags/dag_dummy.py", line 15
    ) as dag):
      ^
SyntaxError: invalid syntax
[2024-01-05T17:15:07.617+0000] {processor.py:842} WARNING - No viable dags retrieved from /opt/airflow/dags/dag_dummy.py
[2024-01-05T17:15:07.634+0000] {processor.py:183} INFO - Processing /opt/airflow/dags/dag_dummy.py took 0.028 seconds
[2024-01-05T17:15:23.749+0000] {processor.py:161} INFO - Started process (PID=96) to work on /opt/airflow/dags/dag_dummy.py
[2024-01-05T17:15:23.749+0000] {processor.py:830} INFO - Processing file /opt/airflow/dags/dag_dummy.py for tasks to queue
[2024-01-05T17:15:23.751+0000] {logging_mixin.py:188} INFO - [2024-01-05T17:15:23.751+0000] {dagbag.py:538} INFO - Filling up the DagBag from /opt/airflow/dags/dag_dummy.py
[2024-01-05T17:15:23.759+0000] {logging_mixin.py:188} INFO - [2024-01-05T17:15:23.758+0000] {dagbag.py:348} ERROR - Failed to import: /opt/airflow/dags/dag_dummy.py
Traceback (most recent call last):
  File "/home/airflow/.local/lib/python3.8/site-packages/airflow/models/dagbag.py", line 344, in parse
    loader.exec_module(new_module)
  File "<frozen importlib._bootstrap_external>", line 843, in exec_module
  File "<frozen importlib._bootstrap>", line 219, in _call_with_frames_removed
  File "/opt/airflow/dags/dag_dummy.py", line 17, in <module>
    start = DummyOperator(task_id="start")
NameError: name 'DummyOperator' is not defined
[2024-01-05T17:15:23.759+0000] {processor.py:842} WARNING - No viable dags retrieved from /opt/airflow/dags/dag_dummy.py
[2024-01-05T17:15:23.773+0000] {processor.py:183} INFO - Processing /opt/airflow/dags/dag_dummy.py took 0.027 seconds
[2024-01-05T17:15:47.949+0000] {processor.py:161} INFO - Started process (PID=104) to work on /opt/airflow/dags/dag_dummy.py
[2024-01-05T17:15:47.950+0000] {processor.py:830} INFO - Processing file /opt/airflow/dags/dag_dummy.py for tasks to queue
[2024-01-05T17:15:47.951+0000] {logging_mixin.py:188} INFO - [2024-01-05T17:15:47.951+0000] {dagbag.py:538} INFO - Filling up the DagBag from /opt/airflow/dags/dag_dummy.py
[2024-01-05T17:15:47.961+0000] {processor.py:840} INFO - DAG(s) 'dag_dummy' retrieved from /opt/airflow/dags/dag_dummy.py
[2024-01-05T17:15:48.021+0000] {logging_mixin.py:188} INFO - [2024-01-05T17:15:48.020+0000] {override.py:1769} INFO - Created Permission View: can read on DAG:dag_dummy
[2024-01-05T17:15:48.025+0000] {logging_mixin.py:188} INFO - [2024-01-05T17:15:48.025+0000] {override.py:1769} INFO - Created Permission View: can delete on DAG:dag_dummy
[2024-01-05T17:15:48.028+0000] {logging_mixin.py:188} INFO - [2024-01-05T17:15:48.028+0000] {override.py:1769} INFO - Created Permission View: can edit on DAG:dag_dummy
[2024-01-05T17:15:48.028+0000] {logging_mixin.py:188} INFO - [2024-01-05T17:15:48.028+0000] {dag.py:3033} INFO - Sync 1 DAGs
[2024-01-05T17:15:48.034+0000] {logging_mixin.py:188} INFO - [2024-01-05T17:15:48.034+0000] {dag.py:3055} INFO - Creating ORM DAG for dag_dummy
[2024-01-05T17:15:48.040+0000] {logging_mixin.py:188} INFO - [2024-01-05T17:15:48.039+0000] {dag.py:3820} INFO - Setting next_dagrun for dag_dummy to 2024-01-01T00:00:00+00:00, run_after=2024-01-01T00:00:00+00:00
[2024-01-05T17:15:48.049+0000] {processor.py:183} INFO - Processing /opt/airflow/dags/dag_dummy.py took 0.103 seconds
[2024-01-05T17:16:18.267+0000] {processor.py:161} INFO - Started process (PID=112) to work on /opt/airflow/dags/dag_dummy.py
[2024-01-05T17:16:18.268+0000] {processor.py:830} INFO - Processing file /opt/airflow/dags/dag_dummy.py for tasks to queue
[2024-01-05T17:16:18.269+0000] {logging_mixin.py:188} INFO - [2024-01-05T17:16:18.269+0000] {dagbag.py:538} INFO - Filling up the DagBag from /opt/airflow/dags/dag_dummy.py
[2024-01-05T17:16:18.277+0000] {processor.py:840} INFO - DAG(s) 'dag_dummy' retrieved from /opt/airflow/dags/dag_dummy.py
[2024-01-05T17:16:18.293+0000] {logging_mixin.py:188} INFO - [2024-01-05T17:16:18.293+0000] {dag.py:3033} INFO - Sync 1 DAGs
[2024-01-05T17:16:18.305+0000] {logging_mixin.py:188} INFO - [2024-01-05T17:16:18.305+0000] {dag.py:3820} INFO - Setting next_dagrun for dag_dummy to 2024-01-01T00:00:00+00:00, run_after=2024-01-01T00:00:00+00:00
[2024-01-05T17:16:18.315+0000] {processor.py:183} INFO - Processing /opt/airflow/dags/dag_dummy.py took 0.050 seconds
[2024-01-05T17:16:48.514+0000] {processor.py:161} INFO - Started process (PID=124) to work on /opt/airflow/dags/dag_dummy.py
[2024-01-05T17:16:48.515+0000] {processor.py:830} INFO - Processing file /opt/airflow/dags/dag_dummy.py for tasks to queue
[2024-01-05T17:16:48.516+0000] {logging_mixin.py:188} INFO - [2024-01-05T17:16:48.516+0000] {dagbag.py:538} INFO - Filling up the DagBag from /opt/airflow/dags/dag_dummy.py
[2024-01-05T17:16:48.524+0000] {processor.py:840} INFO - DAG(s) 'dag_dummy' retrieved from /opt/airflow/dags/dag_dummy.py
[2024-01-05T17:16:48.539+0000] {logging_mixin.py:188} INFO - [2024-01-05T17:16:48.539+0000] {dag.py:3033} INFO - Sync 1 DAGs
[2024-01-05T17:16:48.550+0000] {logging_mixin.py:188} INFO - [2024-01-05T17:16:48.550+0000] {dag.py:3820} INFO - Setting next_dagrun for dag_dummy to 2024-01-01T00:00:00+00:00, run_after=2024-01-01T00:00:00+00:00
[2024-01-05T17:16:48.560+0000] {processor.py:183} INFO - Processing /opt/airflow/dags/dag_dummy.py took 0.049 seconds
[2024-01-05T17:17:18.843+0000] {processor.py:161} INFO - Started process (PID=132) to work on /opt/airflow/dags/dag_dummy.py
[2024-01-05T17:17:18.844+0000] {processor.py:830} INFO - Processing file /opt/airflow/dags/dag_dummy.py for tasks to queue
[2024-01-05T17:17:18.845+0000] {logging_mixin.py:188} INFO - [2024-01-05T17:17:18.845+0000] {dagbag.py:538} INFO - Filling up the DagBag from /opt/airflow/dags/dag_dummy.py
[2024-01-05T17:17:18.853+0000] {processor.py:840} INFO - DAG(s) 'dag_dummy' retrieved from /opt/airflow/dags/dag_dummy.py
[2024-01-05T17:17:18.871+0000] {logging_mixin.py:188} INFO - [2024-01-05T17:17:18.871+0000] {dag.py:3033} INFO - Sync 1 DAGs
[2024-01-05T17:17:18.885+0000] {logging_mixin.py:188} INFO - [2024-01-05T17:17:18.885+0000] {dag.py:3820} INFO - Setting next_dagrun for dag_dummy to 2024-01-01T00:00:00+00:00, run_after=2024-01-01T00:00:00+00:00
[2024-01-05T17:17:18.896+0000] {processor.py:183} INFO - Processing /opt/airflow/dags/dag_dummy.py took 0.056 seconds
[2024-01-05T17:17:23.919+0000] {processor.py:161} INFO - Started process (PID=133) to work on /opt/airflow/dags/dag_dummy.py
[2024-01-05T17:17:23.921+0000] {processor.py:830} INFO - Processing file /opt/airflow/dags/dag_dummy.py for tasks to queue
[2024-01-05T17:17:23.924+0000] {logging_mixin.py:188} INFO - [2024-01-05T17:17:23.924+0000] {dagbag.py:538} INFO - Filling up the DagBag from /opt/airflow/dags/dag_dummy.py
[2024-01-05T17:19:03.343+0000] {processor.py:161} INFO - Started process (PID=57) to work on /opt/airflow/dags/dag_dummy.py
[2024-01-05T17:19:03.344+0000] {processor.py:830} INFO - Processing file /opt/airflow/dags/dag_dummy.py for tasks to queue
[2024-01-05T17:19:03.346+0000] {logging_mixin.py:188} INFO - [2024-01-05T17:19:03.345+0000] {dagbag.py:538} INFO - Filling up the DagBag from /opt/airflow/dags/dag_dummy.py
[2024-01-05T17:20:24.013+0000] {processor.py:161} INFO - Started process (PID=82) to work on /opt/airflow/dags/dag_dummy.py
[2024-01-05T17:20:24.014+0000] {processor.py:830} INFO - Processing file /opt/airflow/dags/dag_dummy.py for tasks to queue
[2024-01-05T17:20:24.015+0000] {logging_mixin.py:188} INFO - [2024-01-05T17:20:24.015+0000] {dagbag.py:538} INFO - Filling up the DagBag from /opt/airflow/dags/dag_dummy.py
[2024-01-05T17:21:44.581+0000] {processor.py:161} INFO - Started process (PID=101) to work on /opt/airflow/dags/dag_dummy.py
[2024-01-05T17:21:44.583+0000] {processor.py:830} INFO - Processing file /opt/airflow/dags/dag_dummy.py for tasks to queue
[2024-01-05T17:21:44.584+0000] {logging_mixin.py:188} INFO - [2024-01-05T17:21:44.584+0000] {dagbag.py:538} INFO - Filling up the DagBag from /opt/airflow/dags/dag_dummy.py
[2024-01-05T17:22:59.695+0000] {processor.py:161} INFO - Started process (PID=57) to work on /opt/airflow/dags/dag_dummy.py
[2024-01-05T17:22:59.696+0000] {processor.py:830} INFO - Processing file /opt/airflow/dags/dag_dummy.py for tasks to queue
[2024-01-05T17:22:59.698+0000] {logging_mixin.py:188} INFO - [2024-01-05T17:22:59.697+0000] {dagbag.py:538} INFO - Filling up the DagBag from /opt/airflow/dags/dag_dummy.py
[2024-01-05T17:24:20.150+0000] {processor.py:161} INFO - Started process (PID=82) to work on /opt/airflow/dags/dag_dummy.py
[2024-01-05T17:24:20.152+0000] {processor.py:830} INFO - Processing file /opt/airflow/dags/dag_dummy.py for tasks to queue
[2024-01-05T17:24:20.155+0000] {logging_mixin.py:188} INFO - [2024-01-05T17:24:20.155+0000] {dagbag.py:538} INFO - Filling up the DagBag from /opt/airflow/dags/dag_dummy.py
[2024-01-05T17:25:41.126+0000] {processor.py:161} INFO - Started process (PID=101) to work on /opt/airflow/dags/dag_dummy.py
[2024-01-05T17:25:41.126+0000] {processor.py:830} INFO - Processing file /opt/airflow/dags/dag_dummy.py for tasks to queue
[2024-01-05T17:25:41.128+0000] {logging_mixin.py:188} INFO - [2024-01-05T17:25:41.128+0000] {dagbag.py:538} INFO - Filling up the DagBag from /opt/airflow/dags/dag_dummy.py
[2024-01-05T17:27:00.147+0000] {processor.py:161} INFO - Started process (PID=58) to work on /opt/airflow/dags/dag_dummy.py
[2024-01-05T17:27:00.148+0000] {processor.py:830} INFO - Processing file /opt/airflow/dags/dag_dummy.py for tasks to queue
[2024-01-05T17:27:00.149+0000] {logging_mixin.py:188} INFO - [2024-01-05T17:27:00.149+0000] {dagbag.py:538} INFO - Filling up the DagBag from /opt/airflow/dags/dag_dummy.py
[2024-01-05T17:28:20.621+0000] {processor.py:161} INFO - Started process (PID=85) to work on /opt/airflow/dags/dag_dummy.py
[2024-01-05T17:28:20.622+0000] {processor.py:830} INFO - Processing file /opt/airflow/dags/dag_dummy.py for tasks to queue
[2024-01-05T17:28:20.623+0000] {logging_mixin.py:188} INFO - [2024-01-05T17:28:20.623+0000] {dagbag.py:538} INFO - Filling up the DagBag from /opt/airflow/dags/dag_dummy.py
[2024-01-05T17:29:41.522+0000] {processor.py:161} INFO - Started process (PID=116) to work on /opt/airflow/dags/dag_dummy.py
[2024-01-05T17:29:41.523+0000] {processor.py:830} INFO - Processing file /opt/airflow/dags/dag_dummy.py for tasks to queue
[2024-01-05T17:29:41.525+0000] {logging_mixin.py:188} INFO - [2024-01-05T17:29:41.524+0000] {dagbag.py:538} INFO - Filling up the DagBag from /opt/airflow/dags/dag_dummy.py
