[2024-01-05T17:32:19.892+0000] {processor.py:161} INFO - Started process (PID=82) to work on /opt/airflow/dags/dummy.py
[2024-01-05T17:32:19.893+0000] {processor.py:830} INFO - Processing file /opt/airflow/dags/dummy.py for tasks to queue
[2024-01-05T17:32:19.895+0000] {logging_mixin.py:188} INFO - [2024-01-05T17:32:19.895+0000] {dagbag.py:538} INFO - Filling up the DagBag from /opt/airflow/dags/dummy.py
[2024-01-05T17:32:19.905+0000] {processor.py:840} INFO - DAG(s) 'dummy_dag' retrieved from /opt/airflow/dags/dummy.py
[2024-01-05T17:32:19.971+0000] {logging_mixin.py:188} INFO - [2024-01-05T17:32:19.971+0000] {override.py:1769} INFO - Created Permission View: can delete on DAG:dummy_dag
[2024-01-05T17:32:19.977+0000] {logging_mixin.py:188} INFO - [2024-01-05T17:32:19.977+0000] {override.py:1769} INFO - Created Permission View: can read on DAG:dummy_dag
[2024-01-05T17:32:19.981+0000] {logging_mixin.py:188} INFO - [2024-01-05T17:32:19.980+0000] {override.py:1769} INFO - Created Permission View: can edit on DAG:dummy_dag
[2024-01-05T17:32:19.981+0000] {logging_mixin.py:188} INFO - [2024-01-05T17:32:19.981+0000] {dag.py:3033} INFO - Sync 1 DAGs
[2024-01-05T17:32:19.987+0000] {logging_mixin.py:188} INFO - [2024-01-05T17:32:19.987+0000] {dag.py:3055} INFO - Creating ORM DAG for dummy_dag
[2024-01-05T17:32:19.991+0000] {logging_mixin.py:188} INFO - [2024-01-05T17:32:19.991+0000] {dag.py:3820} INFO - Setting next_dagrun for dummy_dag to 2024-01-01T00:00:00+00:00, run_after=2024-01-01T00:00:00+00:00
[2024-01-05T17:32:20.001+0000] {processor.py:183} INFO - Processing /opt/airflow/dags/dummy.py took 0.111 seconds
[2024-01-05T17:32:50.355+0000] {processor.py:161} INFO - Started process (PID=90) to work on /opt/airflow/dags/dummy.py
[2024-01-05T17:32:50.356+0000] {processor.py:830} INFO - Processing file /opt/airflow/dags/dummy.py for tasks to queue
[2024-01-05T17:32:50.359+0000] {logging_mixin.py:188} INFO - [2024-01-05T17:32:50.359+0000] {dagbag.py:538} INFO - Filling up the DagBag from /opt/airflow/dags/dummy.py
[2024-01-05T17:32:50.372+0000] {processor.py:840} INFO - DAG(s) 'dummy_dag' retrieved from /opt/airflow/dags/dummy.py
[2024-01-05T17:32:50.389+0000] {logging_mixin.py:188} INFO - [2024-01-05T17:32:50.389+0000] {dag.py:3033} INFO - Sync 1 DAGs
[2024-01-05T17:32:50.401+0000] {logging_mixin.py:188} INFO - [2024-01-05T17:32:50.401+0000] {dag.py:3820} INFO - Setting next_dagrun for dummy_dag to None, run_after=None
[2024-01-05T17:32:50.416+0000] {processor.py:183} INFO - Processing /opt/airflow/dags/dummy.py took 0.066 seconds
[2024-01-05T17:34:11.111+0000] {processor.py:161} INFO - Started process (PID=57) to work on /opt/airflow/dags/dummy.py
[2024-01-05T17:34:11.112+0000] {processor.py:830} INFO - Processing file /opt/airflow/dags/dummy.py for tasks to queue
[2024-01-05T17:34:11.114+0000] {logging_mixin.py:188} INFO - [2024-01-05T17:34:11.114+0000] {dagbag.py:538} INFO - Filling up the DagBag from /opt/airflow/dags/dummy.py
[2024-01-05T17:34:11.136+0000] {processor.py:840} INFO - DAG(s) 'dummy' retrieved from /opt/airflow/dags/dummy.py
[2024-01-05T17:34:11.263+0000] {logging_mixin.py:188} INFO - [2024-01-05T17:34:11.262+0000] {override.py:1769} INFO - Created Permission View: can read on DAG:dummy
[2024-01-05T17:34:11.268+0000] {logging_mixin.py:188} INFO - [2024-01-05T17:34:11.267+0000] {override.py:1769} INFO - Created Permission View: can delete on DAG:dummy
[2024-01-05T17:34:11.271+0000] {logging_mixin.py:188} INFO - [2024-01-05T17:34:11.271+0000] {override.py:1769} INFO - Created Permission View: can edit on DAG:dummy
[2024-01-05T17:34:11.271+0000] {logging_mixin.py:188} INFO - [2024-01-05T17:34:11.271+0000] {dag.py:3033} INFO - Sync 1 DAGs
[2024-01-05T17:34:11.278+0000] {logging_mixin.py:188} INFO - [2024-01-05T17:34:11.278+0000] {dag.py:3055} INFO - Creating ORM DAG for dummy
[2024-01-05T17:34:11.284+0000] {logging_mixin.py:188} INFO - [2024-01-05T17:34:11.284+0000] {dag.py:3820} INFO - Setting next_dagrun for dummy to 2024-01-01T00:00:00+00:00, run_after=2024-01-01T00:00:00+00:00
[2024-01-05T17:34:11.295+0000] {processor.py:183} INFO - Processing /opt/airflow/dags/dummy.py took 0.186 seconds
[2024-01-05T17:34:41.467+0000] {processor.py:161} INFO - Started process (PID=66) to work on /opt/airflow/dags/dummy.py
[2024-01-05T17:34:41.469+0000] {processor.py:830} INFO - Processing file /opt/airflow/dags/dummy.py for tasks to queue
[2024-01-05T17:34:41.473+0000] {logging_mixin.py:188} INFO - [2024-01-05T17:34:41.473+0000] {dagbag.py:538} INFO - Filling up the DagBag from /opt/airflow/dags/dummy.py
[2024-01-05T17:34:41.486+0000] {processor.py:840} INFO - DAG(s) 'dummy' retrieved from /opt/airflow/dags/dummy.py
[2024-01-05T17:34:41.507+0000] {logging_mixin.py:188} INFO - [2024-01-05T17:34:41.507+0000] {dag.py:3033} INFO - Sync 1 DAGs
[2024-01-05T17:34:41.521+0000] {logging_mixin.py:188} INFO - [2024-01-05T17:34:41.521+0000] {dag.py:3820} INFO - Setting next_dagrun for dummy to 2024-01-01T00:00:00+00:00, run_after=2024-01-01T00:00:00+00:00
[2024-01-05T17:34:41.540+0000] {processor.py:183} INFO - Processing /opt/airflow/dags/dummy.py took 0.079 seconds
