[2024-01-06T00:05:28.485+0000] {processor.py:161} INFO - Started process (PID=694) to work on /opt/airflow/dags/create_or_update.py
[2024-01-06T00:05:28.486+0000] {processor.py:830} INFO - Processing file /opt/airflow/dags/create_or_update.py for tasks to queue
[2024-01-06T00:05:28.488+0000] {logging_mixin.py:188} INFO - [2024-01-06T00:05:28.488+0000] {dagbag.py:538} INFO - Filling up the DagBag from /opt/airflow/dags/create_or_update.py
[2024-01-06T00:05:28.633+0000] {processor.py:840} INFO - DAG(s) 'create_or_update' retrieved from /opt/airflow/dags/create_or_update.py
[2024-01-06T00:05:28.647+0000] {logging_mixin.py:188} INFO - [2024-01-06T00:05:28.647+0000] {dag.py:3033} INFO - Sync 1 DAGs
[2024-01-06T00:05:28.745+0000] {logging_mixin.py:188} INFO - [2024-01-06T00:05:28.745+0000] {dag.py:3820} INFO - Setting next_dagrun for create_or_update to None, run_after=None
[2024-01-06T00:05:28.755+0000] {processor.py:183} INFO - Processing /opt/airflow/dags/create_or_update.py took 0.272 seconds
[2024-01-06T00:16:55.752+0000] {processor.py:161} INFO - Started process (PID=703) to work on /opt/airflow/dags/create_or_update.py
[2024-01-06T00:16:55.753+0000] {processor.py:830} INFO - Processing file /opt/airflow/dags/create_or_update.py for tasks to queue
[2024-01-06T00:16:55.756+0000] {logging_mixin.py:188} INFO - [2024-01-06T00:16:55.756+0000] {dagbag.py:538} INFO - Filling up the DagBag from /opt/airflow/dags/create_or_update.py
[2024-01-06T00:16:55.982+0000] {processor.py:840} INFO - DAG(s) 'create_or_update' retrieved from /opt/airflow/dags/create_or_update.py
[2024-01-06T00:16:56.018+0000] {logging_mixin.py:188} INFO - [2024-01-06T00:16:56.016+0000] {dag.py:3033} INFO - Sync 1 DAGs
[2024-01-06T00:16:56.174+0000] {logging_mixin.py:188} INFO - [2024-01-06T00:16:56.174+0000] {dag.py:3820} INFO - Setting next_dagrun for create_or_update to None, run_after=None
[2024-01-06T00:16:56.188+0000] {processor.py:183} INFO - Processing /opt/airflow/dags/create_or_update.py took 0.442 seconds
[2024-01-06T00:33:11.455+0000] {processor.py:161} INFO - Started process (PID=712) to work on /opt/airflow/dags/create_or_update.py
[2024-01-06T00:33:11.456+0000] {processor.py:830} INFO - Processing file /opt/airflow/dags/create_or_update.py for tasks to queue
[2024-01-06T00:33:11.458+0000] {logging_mixin.py:188} INFO - [2024-01-06T00:33:11.457+0000] {dagbag.py:538} INFO - Filling up the DagBag from /opt/airflow/dags/create_or_update.py
[2024-01-06T00:33:11.610+0000] {processor.py:840} INFO - DAG(s) 'create_or_update' retrieved from /opt/airflow/dags/create_or_update.py
[2024-01-06T00:33:11.707+0000] {logging_mixin.py:188} INFO - [2024-01-06T00:33:11.707+0000] {dag.py:3033} INFO - Sync 1 DAGs
[2024-01-06T00:33:11.717+0000] {logging_mixin.py:188} INFO - [2024-01-06T00:33:11.717+0000] {dag.py:3820} INFO - Setting next_dagrun for create_or_update to None, run_after=None
[2024-01-06T00:33:11.727+0000] {processor.py:183} INFO - Processing /opt/airflow/dags/create_or_update.py took 0.273 seconds
[2024-01-06T00:44:47.986+0000] {processor.py:161} INFO - Started process (PID=721) to work on /opt/airflow/dags/create_or_update.py
[2024-01-06T00:44:47.987+0000] {processor.py:830} INFO - Processing file /opt/airflow/dags/create_or_update.py for tasks to queue
[2024-01-06T00:44:47.989+0000] {logging_mixin.py:188} INFO - [2024-01-06T00:44:47.989+0000] {dagbag.py:538} INFO - Filling up the DagBag from /opt/airflow/dags/create_or_update.py
[2024-01-06T00:44:48.262+0000] {processor.py:840} INFO - DAG(s) 'create_or_update' retrieved from /opt/airflow/dags/create_or_update.py
[2024-01-06T00:44:48.275+0000] {logging_mixin.py:188} INFO - [2024-01-06T00:44:48.275+0000] {dag.py:3033} INFO - Sync 1 DAGs
[2024-01-06T00:44:48.286+0000] {logging_mixin.py:188} INFO - [2024-01-06T00:44:48.286+0000] {dag.py:3820} INFO - Setting next_dagrun for create_or_update to None, run_after=None
[2024-01-06T00:44:48.295+0000] {processor.py:183} INFO - Processing /opt/airflow/dags/create_or_update.py took 0.313 seconds
[2024-01-06T00:45:18.391+0000] {processor.py:161} INFO - Started process (PID=730) to work on /opt/airflow/dags/create_or_update.py
[2024-01-06T00:45:18.392+0000] {processor.py:830} INFO - Processing file /opt/airflow/dags/create_or_update.py for tasks to queue
[2024-01-06T00:45:18.393+0000] {logging_mixin.py:188} INFO - [2024-01-06T00:45:18.393+0000] {dagbag.py:538} INFO - Filling up the DagBag from /opt/airflow/dags/create_or_update.py
[2024-01-06T00:45:18.641+0000] {processor.py:840} INFO - DAG(s) 'create_or_update' retrieved from /opt/airflow/dags/create_or_update.py
[2024-01-06T00:45:18.654+0000] {logging_mixin.py:188} INFO - [2024-01-06T00:45:18.654+0000] {dag.py:3033} INFO - Sync 1 DAGs
[2024-01-06T00:45:18.665+0000] {logging_mixin.py:188} INFO - [2024-01-06T00:45:18.665+0000] {dag.py:3820} INFO - Setting next_dagrun for create_or_update to None, run_after=None
[2024-01-06T00:45:18.676+0000] {processor.py:183} INFO - Processing /opt/airflow/dags/create_or_update.py took 0.287 seconds
[2024-01-06T00:45:48.861+0000] {processor.py:161} INFO - Started process (PID=739) to work on /opt/airflow/dags/create_or_update.py
[2024-01-06T00:45:48.862+0000] {processor.py:830} INFO - Processing file /opt/airflow/dags/create_or_update.py for tasks to queue
[2024-01-06T00:45:48.864+0000] {logging_mixin.py:188} INFO - [2024-01-06T00:45:48.863+0000] {dagbag.py:538} INFO - Filling up the DagBag from /opt/airflow/dags/create_or_update.py
[2024-01-06T00:45:49.014+0000] {processor.py:840} INFO - DAG(s) 'create_or_update' retrieved from /opt/airflow/dags/create_or_update.py
[2024-01-06T00:45:49.030+0000] {logging_mixin.py:188} INFO - [2024-01-06T00:45:49.029+0000] {dag.py:3033} INFO - Sync 1 DAGs
[2024-01-06T00:45:49.143+0000] {logging_mixin.py:188} INFO - [2024-01-06T00:45:49.143+0000] {dag.py:3820} INFO - Setting next_dagrun for create_or_update to None, run_after=None
[2024-01-06T00:45:49.155+0000] {processor.py:183} INFO - Processing /opt/airflow/dags/create_or_update.py took 0.296 seconds
[2024-01-06T00:46:19.294+0000] {processor.py:161} INFO - Started process (PID=748) to work on /opt/airflow/dags/create_or_update.py
[2024-01-06T00:46:19.294+0000] {processor.py:830} INFO - Processing file /opt/airflow/dags/create_or_update.py for tasks to queue
[2024-01-06T00:46:19.296+0000] {logging_mixin.py:188} INFO - [2024-01-06T00:46:19.296+0000] {dagbag.py:538} INFO - Filling up the DagBag from /opt/airflow/dags/create_or_update.py
[2024-01-06T00:46:19.432+0000] {processor.py:840} INFO - DAG(s) 'create_or_update' retrieved from /opt/airflow/dags/create_or_update.py
[2024-01-06T00:46:19.446+0000] {logging_mixin.py:188} INFO - [2024-01-06T00:46:19.446+0000] {dag.py:3033} INFO - Sync 1 DAGs
[2024-01-06T00:46:19.542+0000] {logging_mixin.py:188} INFO - [2024-01-06T00:46:19.542+0000] {dag.py:3820} INFO - Setting next_dagrun for create_or_update to None, run_after=None
[2024-01-06T00:46:19.551+0000] {processor.py:183} INFO - Processing /opt/airflow/dags/create_or_update.py took 0.260 seconds
[2024-01-06T00:46:49.679+0000] {processor.py:161} INFO - Started process (PID=757) to work on /opt/airflow/dags/create_or_update.py
[2024-01-06T00:46:49.680+0000] {processor.py:830} INFO - Processing file /opt/airflow/dags/create_or_update.py for tasks to queue
[2024-01-06T00:46:49.681+0000] {logging_mixin.py:188} INFO - [2024-01-06T00:46:49.681+0000] {dagbag.py:538} INFO - Filling up the DagBag from /opt/airflow/dags/create_or_update.py
[2024-01-06T00:46:49.821+0000] {processor.py:840} INFO - DAG(s) 'create_or_update' retrieved from /opt/airflow/dags/create_or_update.py
[2024-01-06T00:46:49.835+0000] {logging_mixin.py:188} INFO - [2024-01-06T00:46:49.835+0000] {dag.py:3033} INFO - Sync 1 DAGs
[2024-01-06T00:46:49.928+0000] {logging_mixin.py:188} INFO - [2024-01-06T00:46:49.927+0000] {dag.py:3820} INFO - Setting next_dagrun for create_or_update to None, run_after=None
[2024-01-06T00:46:49.936+0000] {processor.py:183} INFO - Processing /opt/airflow/dags/create_or_update.py took 0.259 seconds
[2024-01-06T00:47:20.071+0000] {processor.py:161} INFO - Started process (PID=766) to work on /opt/airflow/dags/create_or_update.py
[2024-01-06T00:47:20.072+0000] {processor.py:830} INFO - Processing file /opt/airflow/dags/create_or_update.py for tasks to queue
[2024-01-06T00:47:20.074+0000] {logging_mixin.py:188} INFO - [2024-01-06T00:47:20.073+0000] {dagbag.py:538} INFO - Filling up the DagBag from /opt/airflow/dags/create_or_update.py
[2024-01-06T00:47:20.218+0000] {processor.py:840} INFO - DAG(s) 'create_or_update' retrieved from /opt/airflow/dags/create_or_update.py
[2024-01-06T00:47:20.325+0000] {logging_mixin.py:188} INFO - [2024-01-06T00:47:20.325+0000] {dag.py:3033} INFO - Sync 1 DAGs
[2024-01-06T00:47:20.336+0000] {logging_mixin.py:188} INFO - [2024-01-06T00:47:20.336+0000] {dag.py:3820} INFO - Setting next_dagrun for create_or_update to None, run_after=None
[2024-01-06T00:47:20.346+0000] {processor.py:183} INFO - Processing /opt/airflow/dags/create_or_update.py took 0.277 seconds
[2024-01-06T00:47:50.473+0000] {processor.py:161} INFO - Started process (PID=775) to work on /opt/airflow/dags/create_or_update.py
[2024-01-06T00:47:50.474+0000] {processor.py:830} INFO - Processing file /opt/airflow/dags/create_or_update.py for tasks to queue
[2024-01-06T00:47:50.475+0000] {logging_mixin.py:188} INFO - [2024-01-06T00:47:50.475+0000] {dagbag.py:538} INFO - Filling up the DagBag from /opt/airflow/dags/create_or_update.py
[2024-01-06T00:47:50.698+0000] {processor.py:840} INFO - DAG(s) 'create_or_update' retrieved from /opt/airflow/dags/create_or_update.py
[2024-01-06T00:47:50.711+0000] {logging_mixin.py:188} INFO - [2024-01-06T00:47:50.711+0000] {dag.py:3033} INFO - Sync 1 DAGs
[2024-01-06T00:47:50.722+0000] {logging_mixin.py:188} INFO - [2024-01-06T00:47:50.722+0000] {dag.py:3820} INFO - Setting next_dagrun for create_or_update to None, run_after=None
[2024-01-06T00:47:50.732+0000] {processor.py:183} INFO - Processing /opt/airflow/dags/create_or_update.py took 0.261 seconds
[2024-01-06T00:48:20.829+0000] {processor.py:161} INFO - Started process (PID=784) to work on /opt/airflow/dags/create_or_update.py
[2024-01-06T00:48:20.830+0000] {processor.py:830} INFO - Processing file /opt/airflow/dags/create_or_update.py for tasks to queue
[2024-01-06T00:48:20.831+0000] {logging_mixin.py:188} INFO - [2024-01-06T00:48:20.831+0000] {dagbag.py:538} INFO - Filling up the DagBag from /opt/airflow/dags/create_or_update.py
[2024-01-06T00:48:21.064+0000] {processor.py:840} INFO - DAG(s) 'create_or_update' retrieved from /opt/airflow/dags/create_or_update.py
[2024-01-06T00:48:21.076+0000] {logging_mixin.py:188} INFO - [2024-01-06T00:48:21.076+0000] {dag.py:3033} INFO - Sync 1 DAGs
[2024-01-06T00:48:21.085+0000] {logging_mixin.py:188} INFO - [2024-01-06T00:48:21.085+0000] {dag.py:3820} INFO - Setting next_dagrun for create_or_update to None, run_after=None
[2024-01-06T00:48:21.095+0000] {processor.py:183} INFO - Processing /opt/airflow/dags/create_or_update.py took 0.268 seconds
[2024-01-06T00:48:51.131+0000] {processor.py:161} INFO - Started process (PID=793) to work on /opt/airflow/dags/create_or_update.py
[2024-01-06T00:48:51.132+0000] {processor.py:830} INFO - Processing file /opt/airflow/dags/create_or_update.py for tasks to queue
[2024-01-06T00:48:51.134+0000] {logging_mixin.py:188} INFO - [2024-01-06T00:48:51.133+0000] {dagbag.py:538} INFO - Filling up the DagBag from /opt/airflow/dags/create_or_update.py
[2024-01-06T00:48:51.268+0000] {processor.py:840} INFO - DAG(s) 'create_or_update' retrieved from /opt/airflow/dags/create_or_update.py
[2024-01-06T00:48:51.283+0000] {logging_mixin.py:188} INFO - [2024-01-06T00:48:51.283+0000] {dag.py:3033} INFO - Sync 1 DAGs
[2024-01-06T00:48:51.378+0000] {logging_mixin.py:188} INFO - [2024-01-06T00:48:51.378+0000] {dag.py:3820} INFO - Setting next_dagrun for create_or_update to None, run_after=None
[2024-01-06T00:48:51.387+0000] {processor.py:183} INFO - Processing /opt/airflow/dags/create_or_update.py took 0.258 seconds
[2024-01-06T00:49:21.526+0000] {processor.py:161} INFO - Started process (PID=802) to work on /opt/airflow/dags/create_or_update.py
[2024-01-06T00:49:21.526+0000] {processor.py:830} INFO - Processing file /opt/airflow/dags/create_or_update.py for tasks to queue
[2024-01-06T00:49:21.528+0000] {logging_mixin.py:188} INFO - [2024-01-06T00:49:21.528+0000] {dagbag.py:538} INFO - Filling up the DagBag from /opt/airflow/dags/create_or_update.py
[2024-01-06T00:49:21.663+0000] {processor.py:840} INFO - DAG(s) 'create_or_update' retrieved from /opt/airflow/dags/create_or_update.py
[2024-01-06T00:49:21.677+0000] {logging_mixin.py:188} INFO - [2024-01-06T00:49:21.677+0000] {dag.py:3033} INFO - Sync 1 DAGs
[2024-01-06T00:49:21.769+0000] {logging_mixin.py:188} INFO - [2024-01-06T00:49:21.769+0000] {dag.py:3820} INFO - Setting next_dagrun for create_or_update to None, run_after=None
[2024-01-06T00:49:21.777+0000] {processor.py:183} INFO - Processing /opt/airflow/dags/create_or_update.py took 0.254 seconds
[2024-01-06T00:49:52.013+0000] {processor.py:161} INFO - Started process (PID=811) to work on /opt/airflow/dags/create_or_update.py
[2024-01-06T00:49:52.014+0000] {processor.py:830} INFO - Processing file /opt/airflow/dags/create_or_update.py for tasks to queue
[2024-01-06T00:49:52.015+0000] {logging_mixin.py:188} INFO - [2024-01-06T00:49:52.015+0000] {dagbag.py:538} INFO - Filling up the DagBag from /opt/airflow/dags/create_or_update.py
[2024-01-06T00:49:52.150+0000] {processor.py:840} INFO - DAG(s) 'create_or_update' retrieved from /opt/airflow/dags/create_or_update.py
[2024-01-06T00:49:52.249+0000] {logging_mixin.py:188} INFO - [2024-01-06T00:49:52.249+0000] {dag.py:3033} INFO - Sync 1 DAGs
[2024-01-06T00:49:52.261+0000] {logging_mixin.py:188} INFO - [2024-01-06T00:49:52.260+0000] {dag.py:3820} INFO - Setting next_dagrun for create_or_update to None, run_after=None
[2024-01-06T00:49:52.269+0000] {processor.py:183} INFO - Processing /opt/airflow/dags/create_or_update.py took 0.259 seconds
[2024-01-06T00:50:22.460+0000] {processor.py:161} INFO - Started process (PID=820) to work on /opt/airflow/dags/create_or_update.py
[2024-01-06T00:50:22.461+0000] {processor.py:830} INFO - Processing file /opt/airflow/dags/create_or_update.py for tasks to queue
[2024-01-06T00:50:22.462+0000] {logging_mixin.py:188} INFO - [2024-01-06T00:50:22.462+0000] {dagbag.py:538} INFO - Filling up the DagBag from /opt/airflow/dags/create_or_update.py
[2024-01-06T00:50:22.599+0000] {processor.py:840} INFO - DAG(s) 'create_or_update' retrieved from /opt/airflow/dags/create_or_update.py
[2024-01-06T00:50:22.696+0000] {logging_mixin.py:188} INFO - [2024-01-06T00:50:22.696+0000] {dag.py:3033} INFO - Sync 1 DAGs
[2024-01-06T00:50:22.706+0000] {logging_mixin.py:188} INFO - [2024-01-06T00:50:22.706+0000] {dag.py:3820} INFO - Setting next_dagrun for create_or_update to None, run_after=None
[2024-01-06T00:50:22.714+0000] {processor.py:183} INFO - Processing /opt/airflow/dags/create_or_update.py took 0.257 seconds
[2024-01-06T00:50:52.936+0000] {processor.py:161} INFO - Started process (PID=829) to work on /opt/airflow/dags/create_or_update.py
[2024-01-06T00:50:52.937+0000] {processor.py:830} INFO - Processing file /opt/airflow/dags/create_or_update.py for tasks to queue
[2024-01-06T00:50:52.938+0000] {logging_mixin.py:188} INFO - [2024-01-06T00:50:52.938+0000] {dagbag.py:538} INFO - Filling up the DagBag from /opt/airflow/dags/create_or_update.py
[2024-01-06T00:50:53.156+0000] {processor.py:840} INFO - DAG(s) 'create_or_update' retrieved from /opt/airflow/dags/create_or_update.py
[2024-01-06T00:50:53.168+0000] {logging_mixin.py:188} INFO - [2024-01-06T00:50:53.168+0000] {dag.py:3033} INFO - Sync 1 DAGs
[2024-01-06T00:50:53.178+0000] {logging_mixin.py:188} INFO - [2024-01-06T00:50:53.177+0000] {dag.py:3820} INFO - Setting next_dagrun for create_or_update to None, run_after=None
[2024-01-06T00:50:53.186+0000] {processor.py:183} INFO - Processing /opt/airflow/dags/create_or_update.py took 0.252 seconds
[2024-01-06T00:51:23.356+0000] {processor.py:161} INFO - Started process (PID=838) to work on /opt/airflow/dags/create_or_update.py
[2024-01-06T00:51:23.357+0000] {processor.py:830} INFO - Processing file /opt/airflow/dags/create_or_update.py for tasks to queue
[2024-01-06T00:51:23.358+0000] {logging_mixin.py:188} INFO - [2024-01-06T00:51:23.358+0000] {dagbag.py:538} INFO - Filling up the DagBag from /opt/airflow/dags/create_or_update.py
[2024-01-06T00:51:23.601+0000] {processor.py:840} INFO - DAG(s) 'create_or_update' retrieved from /opt/airflow/dags/create_or_update.py
[2024-01-06T00:51:23.614+0000] {logging_mixin.py:188} INFO - [2024-01-06T00:51:23.614+0000] {dag.py:3033} INFO - Sync 1 DAGs
[2024-01-06T00:51:23.625+0000] {logging_mixin.py:188} INFO - [2024-01-06T00:51:23.625+0000] {dag.py:3820} INFO - Setting next_dagrun for create_or_update to None, run_after=None
[2024-01-06T00:51:23.635+0000] {processor.py:183} INFO - Processing /opt/airflow/dags/create_or_update.py took 0.281 seconds
[2024-01-06T00:51:53.785+0000] {processor.py:161} INFO - Started process (PID=847) to work on /opt/airflow/dags/create_or_update.py
[2024-01-06T00:51:53.786+0000] {processor.py:830} INFO - Processing file /opt/airflow/dags/create_or_update.py for tasks to queue
[2024-01-06T00:51:53.788+0000] {logging_mixin.py:188} INFO - [2024-01-06T00:51:53.787+0000] {dagbag.py:538} INFO - Filling up the DagBag from /opt/airflow/dags/create_or_update.py
[2024-01-06T00:51:53.929+0000] {processor.py:840} INFO - DAG(s) 'create_or_update' retrieved from /opt/airflow/dags/create_or_update.py
[2024-01-06T00:51:53.945+0000] {logging_mixin.py:188} INFO - [2024-01-06T00:51:53.945+0000] {dag.py:3033} INFO - Sync 1 DAGs
[2024-01-06T00:51:54.048+0000] {logging_mixin.py:188} INFO - [2024-01-06T00:51:54.048+0000] {dag.py:3820} INFO - Setting next_dagrun for create_or_update to None, run_after=None
[2024-01-06T00:51:54.057+0000] {processor.py:183} INFO - Processing /opt/airflow/dags/create_or_update.py took 0.275 seconds
[2024-01-06T00:52:24.168+0000] {processor.py:161} INFO - Started process (PID=856) to work on /opt/airflow/dags/create_or_update.py
[2024-01-06T00:52:24.168+0000] {processor.py:830} INFO - Processing file /opt/airflow/dags/create_or_update.py for tasks to queue
[2024-01-06T00:52:24.170+0000] {logging_mixin.py:188} INFO - [2024-01-06T00:52:24.170+0000] {dagbag.py:538} INFO - Filling up the DagBag from /opt/airflow/dags/create_or_update.py
[2024-01-06T00:52:24.309+0000] {processor.py:840} INFO - DAG(s) 'create_or_update' retrieved from /opt/airflow/dags/create_or_update.py
[2024-01-06T00:52:24.327+0000] {logging_mixin.py:188} INFO - [2024-01-06T00:52:24.327+0000] {dag.py:3033} INFO - Sync 1 DAGs
[2024-01-06T00:52:24.421+0000] {logging_mixin.py:188} INFO - [2024-01-06T00:52:24.421+0000] {dag.py:3820} INFO - Setting next_dagrun for create_or_update to None, run_after=None
[2024-01-06T00:52:24.430+0000] {processor.py:183} INFO - Processing /opt/airflow/dags/create_or_update.py took 0.264 seconds
[2024-01-06T00:52:54.554+0000] {processor.py:161} INFO - Started process (PID=865) to work on /opt/airflow/dags/create_or_update.py
[2024-01-06T00:52:54.555+0000] {processor.py:830} INFO - Processing file /opt/airflow/dags/create_or_update.py for tasks to queue
[2024-01-06T00:52:54.557+0000] {logging_mixin.py:188} INFO - [2024-01-06T00:52:54.557+0000] {dagbag.py:538} INFO - Filling up the DagBag from /opt/airflow/dags/create_or_update.py
[2024-01-06T00:52:54.689+0000] {processor.py:840} INFO - DAG(s) 'create_or_update' retrieved from /opt/airflow/dags/create_or_update.py
[2024-01-06T00:52:54.785+0000] {logging_mixin.py:188} INFO - [2024-01-06T00:52:54.785+0000] {dag.py:3033} INFO - Sync 1 DAGs
[2024-01-06T00:52:54.794+0000] {logging_mixin.py:188} INFO - [2024-01-06T00:52:54.794+0000] {dag.py:3820} INFO - Setting next_dagrun for create_or_update to None, run_after=None
[2024-01-06T00:52:54.803+0000] {processor.py:183} INFO - Processing /opt/airflow/dags/create_or_update.py took 0.251 seconds
[2024-01-06T00:53:25.002+0000] {processor.py:161} INFO - Started process (PID=874) to work on /opt/airflow/dags/create_or_update.py
[2024-01-06T00:53:25.003+0000] {processor.py:830} INFO - Processing file /opt/airflow/dags/create_or_update.py for tasks to queue
[2024-01-06T00:53:25.005+0000] {logging_mixin.py:188} INFO - [2024-01-06T00:53:25.005+0000] {dagbag.py:538} INFO - Filling up the DagBag from /opt/airflow/dags/create_or_update.py
[2024-01-06T00:53:25.142+0000] {processor.py:840} INFO - DAG(s) 'create_or_update' retrieved from /opt/airflow/dags/create_or_update.py
[2024-01-06T00:53:25.240+0000] {logging_mixin.py:188} INFO - [2024-01-06T00:53:25.240+0000] {dag.py:3033} INFO - Sync 1 DAGs
[2024-01-06T00:53:25.250+0000] {logging_mixin.py:188} INFO - [2024-01-06T00:53:25.249+0000] {dag.py:3820} INFO - Setting next_dagrun for create_or_update to None, run_after=None
[2024-01-06T00:53:25.258+0000] {processor.py:183} INFO - Processing /opt/airflow/dags/create_or_update.py took 0.258 seconds
[2024-01-06T00:53:55.398+0000] {processor.py:161} INFO - Started process (PID=883) to work on /opt/airflow/dags/create_or_update.py
[2024-01-06T00:53:55.398+0000] {processor.py:830} INFO - Processing file /opt/airflow/dags/create_or_update.py for tasks to queue
[2024-01-06T00:53:55.400+0000] {logging_mixin.py:188} INFO - [2024-01-06T00:53:55.400+0000] {dagbag.py:538} INFO - Filling up the DagBag from /opt/airflow/dags/create_or_update.py
[2024-01-06T00:53:55.626+0000] {processor.py:840} INFO - DAG(s) 'create_or_update' retrieved from /opt/airflow/dags/create_or_update.py
[2024-01-06T00:53:55.638+0000] {logging_mixin.py:188} INFO - [2024-01-06T00:53:55.638+0000] {dag.py:3033} INFO - Sync 1 DAGs
[2024-01-06T00:53:55.648+0000] {logging_mixin.py:188} INFO - [2024-01-06T00:53:55.648+0000] {dag.py:3820} INFO - Setting next_dagrun for create_or_update to None, run_after=None
[2024-01-06T00:53:55.656+0000] {processor.py:183} INFO - Processing /opt/airflow/dags/create_or_update.py took 0.261 seconds
[2024-01-06T00:54:25.831+0000] {processor.py:161} INFO - Started process (PID=892) to work on /opt/airflow/dags/create_or_update.py
[2024-01-06T00:54:25.832+0000] {processor.py:830} INFO - Processing file /opt/airflow/dags/create_or_update.py for tasks to queue
[2024-01-06T00:54:25.834+0000] {logging_mixin.py:188} INFO - [2024-01-06T00:54:25.834+0000] {dagbag.py:538} INFO - Filling up the DagBag from /opt/airflow/dags/create_or_update.py
[2024-01-06T00:54:26.057+0000] {processor.py:840} INFO - DAG(s) 'create_or_update' retrieved from /opt/airflow/dags/create_or_update.py
[2024-01-06T00:54:26.069+0000] {logging_mixin.py:188} INFO - [2024-01-06T00:54:26.069+0000] {dag.py:3033} INFO - Sync 1 DAGs
[2024-01-06T00:54:26.079+0000] {logging_mixin.py:188} INFO - [2024-01-06T00:54:26.079+0000] {dag.py:3820} INFO - Setting next_dagrun for create_or_update to None, run_after=None
[2024-01-06T00:54:26.089+0000] {processor.py:183} INFO - Processing /opt/airflow/dags/create_or_update.py took 0.260 seconds
[2024-01-06T00:54:56.274+0000] {processor.py:161} INFO - Started process (PID=901) to work on /opt/airflow/dags/create_or_update.py
[2024-01-06T00:54:56.275+0000] {processor.py:830} INFO - Processing file /opt/airflow/dags/create_or_update.py for tasks to queue
[2024-01-06T00:54:56.276+0000] {logging_mixin.py:188} INFO - [2024-01-06T00:54:56.276+0000] {dagbag.py:538} INFO - Filling up the DagBag from /opt/airflow/dags/create_or_update.py
[2024-01-06T00:54:56.418+0000] {processor.py:840} INFO - DAG(s) 'create_or_update' retrieved from /opt/airflow/dags/create_or_update.py
[2024-01-06T00:54:56.432+0000] {logging_mixin.py:188} INFO - [2024-01-06T00:54:56.432+0000] {dag.py:3033} INFO - Sync 1 DAGs
[2024-01-06T00:54:56.530+0000] {logging_mixin.py:188} INFO - [2024-01-06T00:54:56.530+0000] {dag.py:3820} INFO - Setting next_dagrun for create_or_update to None, run_after=None
[2024-01-06T00:54:56.540+0000] {processor.py:183} INFO - Processing /opt/airflow/dags/create_or_update.py took 0.268 seconds
[2024-01-06T00:55:26.681+0000] {processor.py:161} INFO - Started process (PID=910) to work on /opt/airflow/dags/create_or_update.py
[2024-01-06T00:55:26.682+0000] {processor.py:830} INFO - Processing file /opt/airflow/dags/create_or_update.py for tasks to queue
[2024-01-06T00:55:26.683+0000] {logging_mixin.py:188} INFO - [2024-01-06T00:55:26.683+0000] {dagbag.py:538} INFO - Filling up the DagBag from /opt/airflow/dags/create_or_update.py
[2024-01-06T00:55:26.822+0000] {processor.py:840} INFO - DAG(s) 'create_or_update' retrieved from /opt/airflow/dags/create_or_update.py
[2024-01-06T00:55:26.837+0000] {logging_mixin.py:188} INFO - [2024-01-06T00:55:26.837+0000] {dag.py:3033} INFO - Sync 1 DAGs
[2024-01-06T00:55:26.942+0000] {logging_mixin.py:188} INFO - [2024-01-06T00:55:26.941+0000] {dag.py:3820} INFO - Setting next_dagrun for create_or_update to None, run_after=None
[2024-01-06T00:55:26.951+0000] {processor.py:183} INFO - Processing /opt/airflow/dags/create_or_update.py took 0.272 seconds
[2024-01-06T00:55:57.139+0000] {processor.py:161} INFO - Started process (PID=919) to work on /opt/airflow/dags/create_or_update.py
[2024-01-06T00:55:57.140+0000] {processor.py:830} INFO - Processing file /opt/airflow/dags/create_or_update.py for tasks to queue
[2024-01-06T00:55:57.141+0000] {logging_mixin.py:188} INFO - [2024-01-06T00:55:57.141+0000] {dagbag.py:538} INFO - Filling up the DagBag from /opt/airflow/dags/create_or_update.py
[2024-01-06T00:55:57.278+0000] {processor.py:840} INFO - DAG(s) 'create_or_update' retrieved from /opt/airflow/dags/create_or_update.py
[2024-01-06T00:55:57.378+0000] {logging_mixin.py:188} INFO - [2024-01-06T00:55:57.378+0000] {dag.py:3033} INFO - Sync 1 DAGs
[2024-01-06T00:55:57.388+0000] {logging_mixin.py:188} INFO - [2024-01-06T00:55:57.388+0000] {dag.py:3820} INFO - Setting next_dagrun for create_or_update to None, run_after=None
[2024-01-06T00:55:57.397+0000] {processor.py:183} INFO - Processing /opt/airflow/dags/create_or_update.py took 0.260 seconds
[2024-01-06T00:56:27.514+0000] {processor.py:161} INFO - Started process (PID=928) to work on /opt/airflow/dags/create_or_update.py
[2024-01-06T00:56:27.515+0000] {processor.py:830} INFO - Processing file /opt/airflow/dags/create_or_update.py for tasks to queue
[2024-01-06T00:56:27.517+0000] {logging_mixin.py:188} INFO - [2024-01-06T00:56:27.517+0000] {dagbag.py:538} INFO - Filling up the DagBag from /opt/airflow/dags/create_or_update.py
[2024-01-06T00:56:27.794+0000] {processor.py:840} INFO - DAG(s) 'create_or_update' retrieved from /opt/airflow/dags/create_or_update.py
[2024-01-06T00:56:27.809+0000] {logging_mixin.py:188} INFO - [2024-01-06T00:56:27.809+0000] {dag.py:3033} INFO - Sync 1 DAGs
[2024-01-06T00:56:27.820+0000] {logging_mixin.py:188} INFO - [2024-01-06T00:56:27.820+0000] {dag.py:3820} INFO - Setting next_dagrun for create_or_update to None, run_after=None
[2024-01-06T00:56:27.832+0000] {processor.py:183} INFO - Processing /opt/airflow/dags/create_or_update.py took 0.319 seconds
[2024-01-06T00:56:57.904+0000] {processor.py:161} INFO - Started process (PID=937) to work on /opt/airflow/dags/create_or_update.py
[2024-01-06T00:56:57.904+0000] {processor.py:830} INFO - Processing file /opt/airflow/dags/create_or_update.py for tasks to queue
[2024-01-06T00:56:57.906+0000] {logging_mixin.py:188} INFO - [2024-01-06T00:56:57.906+0000] {dagbag.py:538} INFO - Filling up the DagBag from /opt/airflow/dags/create_or_update.py
[2024-01-06T00:56:58.131+0000] {processor.py:840} INFO - DAG(s) 'create_or_update' retrieved from /opt/airflow/dags/create_or_update.py
[2024-01-06T00:56:58.144+0000] {logging_mixin.py:188} INFO - [2024-01-06T00:56:58.143+0000] {dag.py:3033} INFO - Sync 1 DAGs
[2024-01-06T00:56:58.153+0000] {logging_mixin.py:188} INFO - [2024-01-06T00:56:58.153+0000] {dag.py:3820} INFO - Setting next_dagrun for create_or_update to None, run_after=None
[2024-01-06T00:56:58.163+0000] {processor.py:183} INFO - Processing /opt/airflow/dags/create_or_update.py took 0.261 seconds
[2024-01-06T00:57:28.267+0000] {processor.py:161} INFO - Started process (PID=946) to work on /opt/airflow/dags/create_or_update.py
[2024-01-06T00:57:28.268+0000] {processor.py:830} INFO - Processing file /opt/airflow/dags/create_or_update.py for tasks to queue
[2024-01-06T00:57:28.270+0000] {logging_mixin.py:188} INFO - [2024-01-06T00:57:28.270+0000] {dagbag.py:538} INFO - Filling up the DagBag from /opt/airflow/dags/create_or_update.py
[2024-01-06T00:57:28.404+0000] {processor.py:840} INFO - DAG(s) 'create_or_update' retrieved from /opt/airflow/dags/create_or_update.py
[2024-01-06T00:57:28.418+0000] {logging_mixin.py:188} INFO - [2024-01-06T00:57:28.418+0000] {dag.py:3033} INFO - Sync 1 DAGs
[2024-01-06T00:57:28.511+0000] {logging_mixin.py:188} INFO - [2024-01-06T00:57:28.511+0000] {dag.py:3820} INFO - Setting next_dagrun for create_or_update to None, run_after=None
[2024-01-06T00:57:28.519+0000] {processor.py:183} INFO - Processing /opt/airflow/dags/create_or_update.py took 0.254 seconds
[2024-01-06T00:57:58.713+0000] {processor.py:161} INFO - Started process (PID=955) to work on /opt/airflow/dags/create_or_update.py
[2024-01-06T00:57:58.714+0000] {processor.py:830} INFO - Processing file /opt/airflow/dags/create_or_update.py for tasks to queue
[2024-01-06T00:57:58.716+0000] {logging_mixin.py:188} INFO - [2024-01-06T00:57:58.716+0000] {dagbag.py:538} INFO - Filling up the DagBag from /opt/airflow/dags/create_or_update.py
[2024-01-06T00:57:58.866+0000] {processor.py:840} INFO - DAG(s) 'create_or_update' retrieved from /opt/airflow/dags/create_or_update.py
[2024-01-06T00:57:58.881+0000] {logging_mixin.py:188} INFO - [2024-01-06T00:57:58.881+0000] {dag.py:3033} INFO - Sync 1 DAGs
[2024-01-06T00:57:58.975+0000] {logging_mixin.py:188} INFO - [2024-01-06T00:57:58.975+0000] {dag.py:3820} INFO - Setting next_dagrun for create_or_update to None, run_after=None
[2024-01-06T00:57:58.984+0000] {processor.py:183} INFO - Processing /opt/airflow/dags/create_or_update.py took 0.273 seconds
[2024-01-06T00:58:29.134+0000] {processor.py:161} INFO - Started process (PID=964) to work on /opt/airflow/dags/create_or_update.py
[2024-01-06T00:58:29.134+0000] {processor.py:830} INFO - Processing file /opt/airflow/dags/create_or_update.py for tasks to queue
[2024-01-06T00:58:29.136+0000] {logging_mixin.py:188} INFO - [2024-01-06T00:58:29.136+0000] {dagbag.py:538} INFO - Filling up the DagBag from /opt/airflow/dags/create_or_update.py
[2024-01-06T00:58:29.275+0000] {processor.py:840} INFO - DAG(s) 'create_or_update' retrieved from /opt/airflow/dags/create_or_update.py
[2024-01-06T00:58:29.378+0000] {logging_mixin.py:188} INFO - [2024-01-06T00:58:29.378+0000] {dag.py:3033} INFO - Sync 1 DAGs
[2024-01-06T00:58:29.388+0000] {logging_mixin.py:188} INFO - [2024-01-06T00:58:29.388+0000] {dag.py:3820} INFO - Setting next_dagrun for create_or_update to None, run_after=None
[2024-01-06T00:58:29.396+0000] {processor.py:183} INFO - Processing /opt/airflow/dags/create_or_update.py took 0.265 seconds
[2024-01-06T00:58:59.583+0000] {processor.py:161} INFO - Started process (PID=972) to work on /opt/airflow/dags/create_or_update.py
[2024-01-06T00:58:59.584+0000] {processor.py:830} INFO - Processing file /opt/airflow/dags/create_or_update.py for tasks to queue
[2024-01-06T00:58:59.585+0000] {logging_mixin.py:188} INFO - [2024-01-06T00:58:59.585+0000] {dagbag.py:538} INFO - Filling up the DagBag from /opt/airflow/dags/create_or_update.py
[2024-01-06T00:58:59.725+0000] {processor.py:840} INFO - DAG(s) 'create_or_update' retrieved from /opt/airflow/dags/create_or_update.py
[2024-01-06T00:58:59.827+0000] {logging_mixin.py:188} INFO - [2024-01-06T00:58:59.827+0000] {dag.py:3033} INFO - Sync 1 DAGs
[2024-01-06T00:58:59.837+0000] {logging_mixin.py:188} INFO - [2024-01-06T00:58:59.837+0000] {dag.py:3820} INFO - Setting next_dagrun for create_or_update to None, run_after=None
[2024-01-06T00:58:59.847+0000] {processor.py:183} INFO - Processing /opt/airflow/dags/create_or_update.py took 0.266 seconds
[2024-01-06T00:59:29.979+0000] {processor.py:161} INFO - Started process (PID=981) to work on /opt/airflow/dags/create_or_update.py
[2024-01-06T00:59:29.980+0000] {processor.py:830} INFO - Processing file /opt/airflow/dags/create_or_update.py for tasks to queue
[2024-01-06T00:59:29.981+0000] {logging_mixin.py:188} INFO - [2024-01-06T00:59:29.981+0000] {dagbag.py:538} INFO - Filling up the DagBag from /opt/airflow/dags/create_or_update.py
[2024-01-06T00:59:30.204+0000] {processor.py:840} INFO - DAG(s) 'create_or_update' retrieved from /opt/airflow/dags/create_or_update.py
[2024-01-06T00:59:30.216+0000] {logging_mixin.py:188} INFO - [2024-01-06T00:59:30.216+0000] {dag.py:3033} INFO - Sync 1 DAGs
[2024-01-06T00:59:30.226+0000] {logging_mixin.py:188} INFO - [2024-01-06T00:59:30.226+0000] {dag.py:3820} INFO - Setting next_dagrun for create_or_update to None, run_after=None
[2024-01-06T00:59:30.235+0000] {processor.py:183} INFO - Processing /opt/airflow/dags/create_or_update.py took 0.258 seconds
[2024-01-06T01:00:00.346+0000] {processor.py:161} INFO - Started process (PID=990) to work on /opt/airflow/dags/create_or_update.py
[2024-01-06T01:00:00.347+0000] {processor.py:830} INFO - Processing file /opt/airflow/dags/create_or_update.py for tasks to queue
[2024-01-06T01:00:00.349+0000] {logging_mixin.py:188} INFO - [2024-01-06T01:00:00.348+0000] {dagbag.py:538} INFO - Filling up the DagBag from /opt/airflow/dags/create_or_update.py
[2024-01-06T01:00:00.580+0000] {processor.py:840} INFO - DAG(s) 'create_or_update' retrieved from /opt/airflow/dags/create_or_update.py
[2024-01-06T01:00:00.592+0000] {logging_mixin.py:188} INFO - [2024-01-06T01:00:00.592+0000] {dag.py:3033} INFO - Sync 1 DAGs
[2024-01-06T01:00:00.601+0000] {logging_mixin.py:188} INFO - [2024-01-06T01:00:00.601+0000] {dag.py:3820} INFO - Setting next_dagrun for create_or_update to None, run_after=None
[2024-01-06T01:00:00.611+0000] {processor.py:183} INFO - Processing /opt/airflow/dags/create_or_update.py took 0.267 seconds
[2024-01-06T01:00:30.661+0000] {processor.py:161} INFO - Started process (PID=999) to work on /opt/airflow/dags/create_or_update.py
[2024-01-06T01:00:30.662+0000] {processor.py:830} INFO - Processing file /opt/airflow/dags/create_or_update.py for tasks to queue
[2024-01-06T01:00:30.665+0000] {logging_mixin.py:188} INFO - [2024-01-06T01:00:30.665+0000] {dagbag.py:538} INFO - Filling up the DagBag from /opt/airflow/dags/create_or_update.py
[2024-01-06T01:00:30.801+0000] {processor.py:840} INFO - DAG(s) 'create_or_update' retrieved from /opt/airflow/dags/create_or_update.py
[2024-01-06T01:00:30.815+0000] {logging_mixin.py:188} INFO - [2024-01-06T01:00:30.815+0000] {dag.py:3033} INFO - Sync 1 DAGs
[2024-01-06T01:00:30.912+0000] {logging_mixin.py:188} INFO - [2024-01-06T01:00:30.912+0000] {dag.py:3820} INFO - Setting next_dagrun for create_or_update to None, run_after=None
[2024-01-06T01:00:30.921+0000] {processor.py:183} INFO - Processing /opt/airflow/dags/create_or_update.py took 0.262 seconds
[2024-01-06T01:01:01.119+0000] {processor.py:161} INFO - Started process (PID=1008) to work on /opt/airflow/dags/create_or_update.py
[2024-01-06T01:01:01.120+0000] {processor.py:830} INFO - Processing file /opt/airflow/dags/create_or_update.py for tasks to queue
[2024-01-06T01:01:01.122+0000] {logging_mixin.py:188} INFO - [2024-01-06T01:01:01.122+0000] {dagbag.py:538} INFO - Filling up the DagBag from /opt/airflow/dags/create_or_update.py
[2024-01-06T01:01:01.266+0000] {processor.py:840} INFO - DAG(s) 'create_or_update' retrieved from /opt/airflow/dags/create_or_update.py
[2024-01-06T01:01:01.280+0000] {logging_mixin.py:188} INFO - [2024-01-06T01:01:01.280+0000] {dag.py:3033} INFO - Sync 1 DAGs
[2024-01-06T01:01:01.383+0000] {logging_mixin.py:188} INFO - [2024-01-06T01:01:01.383+0000] {dag.py:3820} INFO - Setting next_dagrun for create_or_update to None, run_after=None
[2024-01-06T01:01:01.393+0000] {processor.py:183} INFO - Processing /opt/airflow/dags/create_or_update.py took 0.276 seconds
[2024-01-06T01:01:31.493+0000] {processor.py:161} INFO - Started process (PID=1017) to work on /opt/airflow/dags/create_or_update.py
[2024-01-06T01:01:31.494+0000] {processor.py:830} INFO - Processing file /opt/airflow/dags/create_or_update.py for tasks to queue
[2024-01-06T01:01:31.496+0000] {logging_mixin.py:188} INFO - [2024-01-06T01:01:31.496+0000] {dagbag.py:538} INFO - Filling up the DagBag from /opt/airflow/dags/create_or_update.py
[2024-01-06T01:01:31.642+0000] {processor.py:840} INFO - DAG(s) 'create_or_update' retrieved from /opt/airflow/dags/create_or_update.py
[2024-01-06T01:01:31.747+0000] {logging_mixin.py:188} INFO - [2024-01-06T01:01:31.747+0000] {dag.py:3033} INFO - Sync 1 DAGs
[2024-01-06T01:01:31.760+0000] {logging_mixin.py:188} INFO - [2024-01-06T01:01:31.760+0000] {dag.py:3820} INFO - Setting next_dagrun for create_or_update to None, run_after=None
[2024-01-06T01:01:31.769+0000] {processor.py:183} INFO - Processing /opt/airflow/dags/create_or_update.py took 0.279 seconds
[2024-01-06T01:02:01.971+0000] {processor.py:161} INFO - Started process (PID=1026) to work on /opt/airflow/dags/create_or_update.py
[2024-01-06T01:02:01.971+0000] {processor.py:830} INFO - Processing file /opt/airflow/dags/create_or_update.py for tasks to queue
[2024-01-06T01:02:01.973+0000] {logging_mixin.py:188} INFO - [2024-01-06T01:02:01.973+0000] {dagbag.py:538} INFO - Filling up the DagBag from /opt/airflow/dags/create_or_update.py
[2024-01-06T01:02:02.206+0000] {processor.py:840} INFO - DAG(s) 'create_or_update' retrieved from /opt/airflow/dags/create_or_update.py
[2024-01-06T01:02:02.217+0000] {logging_mixin.py:188} INFO - [2024-01-06T01:02:02.217+0000] {dag.py:3033} INFO - Sync 1 DAGs
[2024-01-06T01:02:02.227+0000] {logging_mixin.py:188} INFO - [2024-01-06T01:02:02.227+0000] {dag.py:3820} INFO - Setting next_dagrun for create_or_update to None, run_after=None
[2024-01-06T01:02:02.235+0000] {processor.py:183} INFO - Processing /opt/airflow/dags/create_or_update.py took 0.267 seconds
[2024-01-06T01:02:32.373+0000] {processor.py:161} INFO - Started process (PID=1035) to work on /opt/airflow/dags/create_or_update.py
[2024-01-06T01:02:32.374+0000] {processor.py:830} INFO - Processing file /opt/airflow/dags/create_or_update.py for tasks to queue
[2024-01-06T01:02:32.376+0000] {logging_mixin.py:188} INFO - [2024-01-06T01:02:32.375+0000] {dagbag.py:538} INFO - Filling up the DagBag from /opt/airflow/dags/create_or_update.py
[2024-01-06T01:02:32.597+0000] {processor.py:840} INFO - DAG(s) 'create_or_update' retrieved from /opt/airflow/dags/create_or_update.py
[2024-01-06T01:02:32.609+0000] {logging_mixin.py:188} INFO - [2024-01-06T01:02:32.609+0000] {dag.py:3033} INFO - Sync 1 DAGs
[2024-01-06T01:02:32.619+0000] {logging_mixin.py:188} INFO - [2024-01-06T01:02:32.619+0000] {dag.py:3820} INFO - Setting next_dagrun for create_or_update to None, run_after=None
[2024-01-06T01:02:32.629+0000] {processor.py:183} INFO - Processing /opt/airflow/dags/create_or_update.py took 0.258 seconds
[2024-01-06T01:03:02.831+0000] {processor.py:161} INFO - Started process (PID=1044) to work on /opt/airflow/dags/create_or_update.py
[2024-01-06T01:03:02.832+0000] {processor.py:830} INFO - Processing file /opt/airflow/dags/create_or_update.py for tasks to queue
[2024-01-06T01:03:02.833+0000] {logging_mixin.py:188} INFO - [2024-01-06T01:03:02.833+0000] {dagbag.py:538} INFO - Filling up the DagBag from /opt/airflow/dags/create_or_update.py
[2024-01-06T01:03:03.052+0000] {processor.py:840} INFO - DAG(s) 'create_or_update' retrieved from /opt/airflow/dags/create_or_update.py
[2024-01-06T01:03:03.063+0000] {logging_mixin.py:188} INFO - [2024-01-06T01:03:03.063+0000] {dag.py:3033} INFO - Sync 1 DAGs
[2024-01-06T01:03:03.074+0000] {logging_mixin.py:188} INFO - [2024-01-06T01:03:03.074+0000] {dag.py:3820} INFO - Setting next_dagrun for create_or_update to None, run_after=None
[2024-01-06T01:03:03.085+0000] {processor.py:183} INFO - Processing /opt/airflow/dags/create_or_update.py took 0.256 seconds
[2024-01-06T01:03:33.238+0000] {processor.py:161} INFO - Started process (PID=1053) to work on /opt/airflow/dags/create_or_update.py
[2024-01-06T01:03:33.239+0000] {processor.py:830} INFO - Processing file /opt/airflow/dags/create_or_update.py for tasks to queue
[2024-01-06T01:03:33.240+0000] {logging_mixin.py:188} INFO - [2024-01-06T01:03:33.240+0000] {dagbag.py:538} INFO - Filling up the DagBag from /opt/airflow/dags/create_or_update.py
[2024-01-06T01:03:33.381+0000] {processor.py:840} INFO - DAG(s) 'create_or_update' retrieved from /opt/airflow/dags/create_or_update.py
[2024-01-06T01:03:33.395+0000] {logging_mixin.py:188} INFO - [2024-01-06T01:03:33.395+0000] {dag.py:3033} INFO - Sync 1 DAGs
[2024-01-06T01:03:33.497+0000] {logging_mixin.py:188} INFO - [2024-01-06T01:03:33.497+0000] {dag.py:3820} INFO - Setting next_dagrun for create_or_update to None, run_after=None
[2024-01-06T01:03:33.505+0000] {processor.py:183} INFO - Processing /opt/airflow/dags/create_or_update.py took 0.269 seconds
[2024-01-06T01:04:03.568+0000] {processor.py:161} INFO - Started process (PID=1062) to work on /opt/airflow/dags/create_or_update.py
[2024-01-06T01:04:03.568+0000] {processor.py:830} INFO - Processing file /opt/airflow/dags/create_or_update.py for tasks to queue
[2024-01-06T01:04:03.570+0000] {logging_mixin.py:188} INFO - [2024-01-06T01:04:03.569+0000] {dagbag.py:538} INFO - Filling up the DagBag from /opt/airflow/dags/create_or_update.py
[2024-01-06T01:04:03.705+0000] {processor.py:840} INFO - DAG(s) 'create_or_update' retrieved from /opt/airflow/dags/create_or_update.py
[2024-01-06T01:04:03.719+0000] {logging_mixin.py:188} INFO - [2024-01-06T01:04:03.719+0000] {dag.py:3033} INFO - Sync 1 DAGs
[2024-01-06T01:04:03.811+0000] {logging_mixin.py:188} INFO - [2024-01-06T01:04:03.811+0000] {dag.py:3820} INFO - Setting next_dagrun for create_or_update to None, run_after=None
[2024-01-06T01:04:03.820+0000] {processor.py:183} INFO - Processing /opt/airflow/dags/create_or_update.py took 0.255 seconds
[2024-01-06T01:04:33.920+0000] {processor.py:161} INFO - Started process (PID=1071) to work on /opt/airflow/dags/create_or_update.py
[2024-01-06T01:04:33.921+0000] {processor.py:830} INFO - Processing file /opt/airflow/dags/create_or_update.py for tasks to queue
[2024-01-06T01:04:33.922+0000] {logging_mixin.py:188} INFO - [2024-01-06T01:04:33.922+0000] {dagbag.py:538} INFO - Filling up the DagBag from /opt/airflow/dags/create_or_update.py
[2024-01-06T01:04:34.060+0000] {processor.py:840} INFO - DAG(s) 'create_or_update' retrieved from /opt/airflow/dags/create_or_update.py
[2024-01-06T01:04:34.163+0000] {logging_mixin.py:188} INFO - [2024-01-06T01:04:34.163+0000] {dag.py:3033} INFO - Sync 1 DAGs
[2024-01-06T01:04:34.173+0000] {logging_mixin.py:188} INFO - [2024-01-06T01:04:34.173+0000] {dag.py:3820} INFO - Setting next_dagrun for create_or_update to None, run_after=None
[2024-01-06T01:04:34.181+0000] {processor.py:183} INFO - Processing /opt/airflow/dags/create_or_update.py took 0.263 seconds
[2024-01-06T01:05:04.346+0000] {processor.py:161} INFO - Started process (PID=1080) to work on /opt/airflow/dags/create_or_update.py
[2024-01-06T01:05:04.347+0000] {processor.py:830} INFO - Processing file /opt/airflow/dags/create_or_update.py for tasks to queue
[2024-01-06T01:05:04.349+0000] {logging_mixin.py:188} INFO - [2024-01-06T01:05:04.349+0000] {dagbag.py:538} INFO - Filling up the DagBag from /opt/airflow/dags/create_or_update.py
[2024-01-06T01:05:04.584+0000] {processor.py:840} INFO - DAG(s) 'create_or_update' retrieved from /opt/airflow/dags/create_or_update.py
[2024-01-06T01:05:04.596+0000] {logging_mixin.py:188} INFO - [2024-01-06T01:05:04.595+0000] {dag.py:3033} INFO - Sync 1 DAGs
[2024-01-06T01:05:04.606+0000] {logging_mixin.py:188} INFO - [2024-01-06T01:05:04.606+0000] {dag.py:3820} INFO - Setting next_dagrun for create_or_update to None, run_after=None
[2024-01-06T01:05:04.614+0000] {processor.py:183} INFO - Processing /opt/airflow/dags/create_or_update.py took 0.270 seconds
[2024-01-06T01:05:34.838+0000] {processor.py:161} INFO - Started process (PID=1089) to work on /opt/airflow/dags/create_or_update.py
[2024-01-06T01:05:34.839+0000] {processor.py:830} INFO - Processing file /opt/airflow/dags/create_or_update.py for tasks to queue
[2024-01-06T01:05:34.841+0000] {logging_mixin.py:188} INFO - [2024-01-06T01:05:34.841+0000] {dagbag.py:538} INFO - Filling up the DagBag from /opt/airflow/dags/create_or_update.py
[2024-01-06T01:05:35.067+0000] {processor.py:840} INFO - DAG(s) 'create_or_update' retrieved from /opt/airflow/dags/create_or_update.py
[2024-01-06T01:05:35.085+0000] {logging_mixin.py:188} INFO - [2024-01-06T01:05:35.085+0000] {dag.py:3033} INFO - Sync 1 DAGs
[2024-01-06T01:05:35.097+0000] {logging_mixin.py:188} INFO - [2024-01-06T01:05:35.096+0000] {dag.py:3820} INFO - Setting next_dagrun for create_or_update to None, run_after=None
[2024-01-06T01:05:35.108+0000] {processor.py:183} INFO - Processing /opt/airflow/dags/create_or_update.py took 0.272 seconds
[2024-01-06T01:06:05.245+0000] {processor.py:161} INFO - Started process (PID=1098) to work on /opt/airflow/dags/create_or_update.py
[2024-01-06T01:06:05.246+0000] {processor.py:830} INFO - Processing file /opt/airflow/dags/create_or_update.py for tasks to queue
[2024-01-06T01:06:05.247+0000] {logging_mixin.py:188} INFO - [2024-01-06T01:06:05.247+0000] {dagbag.py:538} INFO - Filling up the DagBag from /opt/airflow/dags/create_or_update.py
[2024-01-06T01:06:05.498+0000] {processor.py:840} INFO - DAG(s) 'create_or_update' retrieved from /opt/airflow/dags/create_or_update.py
[2024-01-06T01:06:05.513+0000] {logging_mixin.py:188} INFO - [2024-01-06T01:06:05.513+0000] {dag.py:3033} INFO - Sync 1 DAGs
[2024-01-06T01:06:05.526+0000] {logging_mixin.py:188} INFO - [2024-01-06T01:06:05.525+0000] {dag.py:3820} INFO - Setting next_dagrun for create_or_update to None, run_after=None
[2024-01-06T01:06:05.538+0000] {processor.py:183} INFO - Processing /opt/airflow/dags/create_or_update.py took 0.294 seconds
[2024-01-06T01:06:35.655+0000] {processor.py:161} INFO - Started process (PID=1107) to work on /opt/airflow/dags/create_or_update.py
[2024-01-06T01:06:35.655+0000] {processor.py:830} INFO - Processing file /opt/airflow/dags/create_or_update.py for tasks to queue
[2024-01-06T01:06:35.657+0000] {logging_mixin.py:188} INFO - [2024-01-06T01:06:35.657+0000] {dagbag.py:538} INFO - Filling up the DagBag from /opt/airflow/dags/create_or_update.py
[2024-01-06T01:06:35.833+0000] {processor.py:840} INFO - DAG(s) 'create_or_update' retrieved from /opt/airflow/dags/create_or_update.py
[2024-01-06T01:06:35.852+0000] {logging_mixin.py:188} INFO - [2024-01-06T01:06:35.852+0000] {dag.py:3033} INFO - Sync 1 DAGs
[2024-01-06T01:06:35.960+0000] {logging_mixin.py:188} INFO - [2024-01-06T01:06:35.960+0000] {dag.py:3820} INFO - Setting next_dagrun for create_or_update to None, run_after=None
[2024-01-06T01:06:35.970+0000] {processor.py:183} INFO - Processing /opt/airflow/dags/create_or_update.py took 0.320 seconds
[2024-01-06T01:07:06.028+0000] {processor.py:161} INFO - Started process (PID=1116) to work on /opt/airflow/dags/create_or_update.py
[2024-01-06T01:07:06.029+0000] {processor.py:830} INFO - Processing file /opt/airflow/dags/create_or_update.py for tasks to queue
[2024-01-06T01:07:06.030+0000] {logging_mixin.py:188} INFO - [2024-01-06T01:07:06.030+0000] {dagbag.py:538} INFO - Filling up the DagBag from /opt/airflow/dags/create_or_update.py
[2024-01-06T01:07:06.176+0000] {processor.py:840} INFO - DAG(s) 'create_or_update' retrieved from /opt/airflow/dags/create_or_update.py
[2024-01-06T01:07:06.291+0000] {logging_mixin.py:188} INFO - [2024-01-06T01:07:06.291+0000] {dag.py:3033} INFO - Sync 1 DAGs
[2024-01-06T01:07:06.305+0000] {logging_mixin.py:188} INFO - [2024-01-06T01:07:06.305+0000] {dag.py:3820} INFO - Setting next_dagrun for create_or_update to None, run_after=None
[2024-01-06T01:07:06.320+0000] {processor.py:183} INFO - Processing /opt/airflow/dags/create_or_update.py took 0.293 seconds
[2024-01-06T01:07:36.394+0000] {processor.py:161} INFO - Started process (PID=1125) to work on /opt/airflow/dags/create_or_update.py
[2024-01-06T01:07:36.395+0000] {processor.py:830} INFO - Processing file /opt/airflow/dags/create_or_update.py for tasks to queue
[2024-01-06T01:07:36.396+0000] {logging_mixin.py:188} INFO - [2024-01-06T01:07:36.396+0000] {dagbag.py:538} INFO - Filling up the DagBag from /opt/airflow/dags/create_or_update.py
[2024-01-06T01:07:36.535+0000] {processor.py:840} INFO - DAG(s) 'create_or_update' retrieved from /opt/airflow/dags/create_or_update.py
[2024-01-06T01:07:36.638+0000] {logging_mixin.py:188} INFO - [2024-01-06T01:07:36.638+0000] {dag.py:3033} INFO - Sync 1 DAGs
[2024-01-06T01:07:36.648+0000] {logging_mixin.py:188} INFO - [2024-01-06T01:07:36.648+0000] {dag.py:3820} INFO - Setting next_dagrun for create_or_update to None, run_after=None
[2024-01-06T01:07:36.657+0000] {processor.py:183} INFO - Processing /opt/airflow/dags/create_or_update.py took 0.265 seconds
[2024-01-06T01:08:06.905+0000] {processor.py:161} INFO - Started process (PID=1134) to work on /opt/airflow/dags/create_or_update.py
[2024-01-06T01:08:06.906+0000] {processor.py:830} INFO - Processing file /opt/airflow/dags/create_or_update.py for tasks to queue
[2024-01-06T01:08:06.907+0000] {logging_mixin.py:188} INFO - [2024-01-06T01:08:06.907+0000] {dagbag.py:538} INFO - Filling up the DagBag from /opt/airflow/dags/create_or_update.py
[2024-01-06T01:08:07.124+0000] {processor.py:840} INFO - DAG(s) 'create_or_update' retrieved from /opt/airflow/dags/create_or_update.py
[2024-01-06T01:08:07.136+0000] {logging_mixin.py:188} INFO - [2024-01-06T01:08:07.136+0000] {dag.py:3033} INFO - Sync 1 DAGs
[2024-01-06T01:08:07.146+0000] {logging_mixin.py:188} INFO - [2024-01-06T01:08:07.145+0000] {dag.py:3820} INFO - Setting next_dagrun for create_or_update to None, run_after=None
[2024-01-06T01:08:07.154+0000] {processor.py:183} INFO - Processing /opt/airflow/dags/create_or_update.py took 0.251 seconds
[2024-01-06T01:08:37.326+0000] {processor.py:161} INFO - Started process (PID=1143) to work on /opt/airflow/dags/create_or_update.py
[2024-01-06T01:08:37.327+0000] {processor.py:830} INFO - Processing file /opt/airflow/dags/create_or_update.py for tasks to queue
[2024-01-06T01:08:37.329+0000] {logging_mixin.py:188} INFO - [2024-01-06T01:08:37.328+0000] {dagbag.py:538} INFO - Filling up the DagBag from /opt/airflow/dags/create_or_update.py
[2024-01-06T01:08:37.544+0000] {processor.py:840} INFO - DAG(s) 'create_or_update' retrieved from /opt/airflow/dags/create_or_update.py
[2024-01-06T01:08:37.556+0000] {logging_mixin.py:188} INFO - [2024-01-06T01:08:37.555+0000] {dag.py:3033} INFO - Sync 1 DAGs
[2024-01-06T01:08:37.565+0000] {logging_mixin.py:188} INFO - [2024-01-06T01:08:37.565+0000] {dag.py:3820} INFO - Setting next_dagrun for create_or_update to None, run_after=None
[2024-01-06T01:08:37.575+0000] {processor.py:183} INFO - Processing /opt/airflow/dags/create_or_update.py took 0.251 seconds
[2024-01-06T01:09:07.728+0000] {processor.py:161} INFO - Started process (PID=1152) to work on /opt/airflow/dags/create_or_update.py
[2024-01-06T01:09:07.728+0000] {processor.py:830} INFO - Processing file /opt/airflow/dags/create_or_update.py for tasks to queue
[2024-01-06T01:09:07.730+0000] {logging_mixin.py:188} INFO - [2024-01-06T01:09:07.730+0000] {dagbag.py:538} INFO - Filling up the DagBag from /opt/airflow/dags/create_or_update.py
[2024-01-06T01:09:07.961+0000] {processor.py:840} INFO - DAG(s) 'create_or_update' retrieved from /opt/airflow/dags/create_or_update.py
[2024-01-06T01:09:07.973+0000] {logging_mixin.py:188} INFO - [2024-01-06T01:09:07.973+0000] {dag.py:3033} INFO - Sync 1 DAGs
[2024-01-06T01:09:07.984+0000] {logging_mixin.py:188} INFO - [2024-01-06T01:09:07.984+0000] {dag.py:3820} INFO - Setting next_dagrun for create_or_update to None, run_after=None
[2024-01-06T01:09:07.993+0000] {processor.py:183} INFO - Processing /opt/airflow/dags/create_or_update.py took 0.268 seconds
[2024-01-06T01:09:38.079+0000] {processor.py:161} INFO - Started process (PID=1161) to work on /opt/airflow/dags/create_or_update.py
[2024-01-06T01:09:38.080+0000] {processor.py:830} INFO - Processing file /opt/airflow/dags/create_or_update.py for tasks to queue
[2024-01-06T01:09:38.082+0000] {logging_mixin.py:188} INFO - [2024-01-06T01:09:38.082+0000] {dagbag.py:538} INFO - Filling up the DagBag from /opt/airflow/dags/create_or_update.py
[2024-01-06T01:09:38.220+0000] {processor.py:840} INFO - DAG(s) 'create_or_update' retrieved from /opt/airflow/dags/create_or_update.py
[2024-01-06T01:09:38.235+0000] {logging_mixin.py:188} INFO - [2024-01-06T01:09:38.235+0000] {dag.py:3033} INFO - Sync 1 DAGs
[2024-01-06T01:09:38.335+0000] {logging_mixin.py:188} INFO - [2024-01-06T01:09:38.335+0000] {dag.py:3820} INFO - Setting next_dagrun for create_or_update to None, run_after=None
[2024-01-06T01:09:38.344+0000] {processor.py:183} INFO - Processing /opt/airflow/dags/create_or_update.py took 0.267 seconds
[2024-01-06T01:10:08.500+0000] {processor.py:161} INFO - Started process (PID=1170) to work on /opt/airflow/dags/create_or_update.py
[2024-01-06T01:10:08.501+0000] {processor.py:830} INFO - Processing file /opt/airflow/dags/create_or_update.py for tasks to queue
[2024-01-06T01:10:08.502+0000] {logging_mixin.py:188} INFO - [2024-01-06T01:10:08.502+0000] {dagbag.py:538} INFO - Filling up the DagBag from /opt/airflow/dags/create_or_update.py
[2024-01-06T01:10:08.637+0000] {processor.py:840} INFO - DAG(s) 'create_or_update' retrieved from /opt/airflow/dags/create_or_update.py
[2024-01-06T01:10:08.736+0000] {logging_mixin.py:188} INFO - [2024-01-06T01:10:08.736+0000] {dag.py:3033} INFO - Sync 1 DAGs
[2024-01-06T01:10:08.746+0000] {logging_mixin.py:188} INFO - [2024-01-06T01:10:08.746+0000] {dag.py:3820} INFO - Setting next_dagrun for create_or_update to None, run_after=None
[2024-01-06T01:10:08.754+0000] {processor.py:183} INFO - Processing /opt/airflow/dags/create_or_update.py took 0.257 seconds
[2024-01-06T01:10:38.841+0000] {processor.py:161} INFO - Started process (PID=1179) to work on /opt/airflow/dags/create_or_update.py
[2024-01-06T01:10:38.842+0000] {processor.py:830} INFO - Processing file /opt/airflow/dags/create_or_update.py for tasks to queue
[2024-01-06T01:10:38.843+0000] {logging_mixin.py:188} INFO - [2024-01-06T01:10:38.843+0000] {dagbag.py:538} INFO - Filling up the DagBag from /opt/airflow/dags/create_or_update.py
[2024-01-06T01:10:39.075+0000] {processor.py:840} INFO - DAG(s) 'create_or_update' retrieved from /opt/airflow/dags/create_or_update.py
[2024-01-06T01:10:39.087+0000] {logging_mixin.py:188} INFO - [2024-01-06T01:10:39.087+0000] {dag.py:3033} INFO - Sync 1 DAGs
[2024-01-06T01:10:39.097+0000] {logging_mixin.py:188} INFO - [2024-01-06T01:10:39.097+0000] {dag.py:3820} INFO - Setting next_dagrun for create_or_update to None, run_after=None
[2024-01-06T01:10:39.105+0000] {processor.py:183} INFO - Processing /opt/airflow/dags/create_or_update.py took 0.267 seconds
[2024-01-06T01:11:09.300+0000] {processor.py:161} INFO - Started process (PID=1188) to work on /opt/airflow/dags/create_or_update.py
[2024-01-06T01:11:09.301+0000] {processor.py:830} INFO - Processing file /opt/airflow/dags/create_or_update.py for tasks to queue
[2024-01-06T01:11:09.302+0000] {logging_mixin.py:188} INFO - [2024-01-06T01:11:09.302+0000] {dagbag.py:538} INFO - Filling up the DagBag from /opt/airflow/dags/create_or_update.py
[2024-01-06T01:11:09.543+0000] {processor.py:840} INFO - DAG(s) 'create_or_update' retrieved from /opt/airflow/dags/create_or_update.py
[2024-01-06T01:11:09.558+0000] {logging_mixin.py:188} INFO - [2024-01-06T01:11:09.558+0000] {dag.py:3033} INFO - Sync 1 DAGs
[2024-01-06T01:11:09.571+0000] {logging_mixin.py:188} INFO - [2024-01-06T01:11:09.571+0000] {dag.py:3820} INFO - Setting next_dagrun for create_or_update to None, run_after=None
[2024-01-06T01:11:09.584+0000] {processor.py:183} INFO - Processing /opt/airflow/dags/create_or_update.py took 0.286 seconds
[2024-01-06T01:11:39.726+0000] {processor.py:161} INFO - Started process (PID=1197) to work on /opt/airflow/dags/create_or_update.py
[2024-01-06T01:11:39.727+0000] {processor.py:830} INFO - Processing file /opt/airflow/dags/create_or_update.py for tasks to queue
[2024-01-06T01:11:39.728+0000] {logging_mixin.py:188} INFO - [2024-01-06T01:11:39.728+0000] {dagbag.py:538} INFO - Filling up the DagBag from /opt/airflow/dags/create_or_update.py
[2024-01-06T01:11:39.956+0000] {processor.py:840} INFO - DAG(s) 'create_or_update' retrieved from /opt/airflow/dags/create_or_update.py
[2024-01-06T01:11:39.969+0000] {logging_mixin.py:188} INFO - [2024-01-06T01:11:39.969+0000] {dag.py:3033} INFO - Sync 1 DAGs
[2024-01-06T01:11:39.981+0000] {logging_mixin.py:188} INFO - [2024-01-06T01:11:39.981+0000] {dag.py:3820} INFO - Setting next_dagrun for create_or_update to None, run_after=None
[2024-01-06T01:11:39.992+0000] {processor.py:183} INFO - Processing /opt/airflow/dags/create_or_update.py took 0.269 seconds
[2024-01-06T01:12:10.150+0000] {processor.py:161} INFO - Started process (PID=1206) to work on /opt/airflow/dags/create_or_update.py
[2024-01-06T01:12:10.151+0000] {processor.py:830} INFO - Processing file /opt/airflow/dags/create_or_update.py for tasks to queue
[2024-01-06T01:12:10.152+0000] {logging_mixin.py:188} INFO - [2024-01-06T01:12:10.152+0000] {dagbag.py:538} INFO - Filling up the DagBag from /opt/airflow/dags/create_or_update.py
[2024-01-06T01:12:10.377+0000] {processor.py:840} INFO - DAG(s) 'create_or_update' retrieved from /opt/airflow/dags/create_or_update.py
[2024-01-06T01:12:10.388+0000] {logging_mixin.py:188} INFO - [2024-01-06T01:12:10.388+0000] {dag.py:3033} INFO - Sync 1 DAGs
[2024-01-06T01:12:10.399+0000] {logging_mixin.py:188} INFO - [2024-01-06T01:12:10.399+0000] {dag.py:3820} INFO - Setting next_dagrun for create_or_update to None, run_after=None
[2024-01-06T01:12:10.407+0000] {processor.py:183} INFO - Processing /opt/airflow/dags/create_or_update.py took 0.260 seconds
[2024-01-06T01:12:40.542+0000] {processor.py:161} INFO - Started process (PID=1215) to work on /opt/airflow/dags/create_or_update.py
[2024-01-06T01:12:40.543+0000] {processor.py:830} INFO - Processing file /opt/airflow/dags/create_or_update.py for tasks to queue
[2024-01-06T01:12:40.545+0000] {logging_mixin.py:188} INFO - [2024-01-06T01:12:40.544+0000] {dagbag.py:538} INFO - Filling up the DagBag from /opt/airflow/dags/create_or_update.py
[2024-01-06T01:12:40.682+0000] {processor.py:840} INFO - DAG(s) 'create_or_update' retrieved from /opt/airflow/dags/create_or_update.py
[2024-01-06T01:12:40.697+0000] {logging_mixin.py:188} INFO - [2024-01-06T01:12:40.696+0000] {dag.py:3033} INFO - Sync 1 DAGs
[2024-01-06T01:12:40.799+0000] {logging_mixin.py:188} INFO - [2024-01-06T01:12:40.799+0000] {dag.py:3820} INFO - Setting next_dagrun for create_or_update to None, run_after=None
[2024-01-06T01:12:40.809+0000] {processor.py:183} INFO - Processing /opt/airflow/dags/create_or_update.py took 0.269 seconds
[2024-01-06T01:13:11.020+0000] {processor.py:161} INFO - Started process (PID=1224) to work on /opt/airflow/dags/create_or_update.py
[2024-01-06T01:13:11.021+0000] {processor.py:830} INFO - Processing file /opt/airflow/dags/create_or_update.py for tasks to queue
[2024-01-06T01:13:11.023+0000] {logging_mixin.py:188} INFO - [2024-01-06T01:13:11.023+0000] {dagbag.py:538} INFO - Filling up the DagBag from /opt/airflow/dags/create_or_update.py
[2024-01-06T01:13:11.172+0000] {processor.py:840} INFO - DAG(s) 'create_or_update' retrieved from /opt/airflow/dags/create_or_update.py
[2024-01-06T01:13:11.276+0000] {logging_mixin.py:188} INFO - [2024-01-06T01:13:11.276+0000] {dag.py:3033} INFO - Sync 1 DAGs
[2024-01-06T01:13:11.287+0000] {logging_mixin.py:188} INFO - [2024-01-06T01:13:11.287+0000] {dag.py:3820} INFO - Setting next_dagrun for create_or_update to None, run_after=None
[2024-01-06T01:13:11.296+0000] {processor.py:183} INFO - Processing /opt/airflow/dags/create_or_update.py took 0.278 seconds
[2024-01-06T01:13:41.408+0000] {processor.py:161} INFO - Started process (PID=1233) to work on /opt/airflow/dags/create_or_update.py
[2024-01-06T01:13:41.408+0000] {processor.py:830} INFO - Processing file /opt/airflow/dags/create_or_update.py for tasks to queue
[2024-01-06T01:13:41.410+0000] {logging_mixin.py:188} INFO - [2024-01-06T01:13:41.410+0000] {dagbag.py:538} INFO - Filling up the DagBag from /opt/airflow/dags/create_or_update.py
[2024-01-06T01:13:41.635+0000] {processor.py:840} INFO - DAG(s) 'create_or_update' retrieved from /opt/airflow/dags/create_or_update.py
[2024-01-06T01:13:41.647+0000] {logging_mixin.py:188} INFO - [2024-01-06T01:13:41.647+0000] {dag.py:3033} INFO - Sync 1 DAGs
[2024-01-06T01:13:41.656+0000] {logging_mixin.py:188} INFO - [2024-01-06T01:13:41.656+0000] {dag.py:3820} INFO - Setting next_dagrun for create_or_update to None, run_after=None
[2024-01-06T01:13:41.664+0000] {processor.py:183} INFO - Processing /opt/airflow/dags/create_or_update.py took 0.259 seconds
[2024-01-06T01:14:11.746+0000] {processor.py:161} INFO - Started process (PID=1242) to work on /opt/airflow/dags/create_or_update.py
[2024-01-06T01:14:11.747+0000] {processor.py:830} INFO - Processing file /opt/airflow/dags/create_or_update.py for tasks to queue
[2024-01-06T01:14:11.749+0000] {logging_mixin.py:188} INFO - [2024-01-06T01:14:11.749+0000] {dagbag.py:538} INFO - Filling up the DagBag from /opt/airflow/dags/create_or_update.py
[2024-01-06T01:14:11.972+0000] {processor.py:840} INFO - DAG(s) 'create_or_update' retrieved from /opt/airflow/dags/create_or_update.py
[2024-01-06T01:14:11.983+0000] {logging_mixin.py:188} INFO - [2024-01-06T01:14:11.983+0000] {dag.py:3033} INFO - Sync 1 DAGs
[2024-01-06T01:14:11.993+0000] {logging_mixin.py:188} INFO - [2024-01-06T01:14:11.993+0000] {dag.py:3820} INFO - Setting next_dagrun for create_or_update to None, run_after=None
[2024-01-06T01:14:12.003+0000] {processor.py:183} INFO - Processing /opt/airflow/dags/create_or_update.py took 0.259 seconds
[2024-01-06T01:14:42.086+0000] {processor.py:161} INFO - Started process (PID=1251) to work on /opt/airflow/dags/create_or_update.py
[2024-01-06T01:14:42.086+0000] {processor.py:830} INFO - Processing file /opt/airflow/dags/create_or_update.py for tasks to queue
[2024-01-06T01:14:42.088+0000] {logging_mixin.py:188} INFO - [2024-01-06T01:14:42.088+0000] {dagbag.py:538} INFO - Filling up the DagBag from /opt/airflow/dags/create_or_update.py
[2024-01-06T01:14:42.317+0000] {processor.py:840} INFO - DAG(s) 'create_or_update' retrieved from /opt/airflow/dags/create_or_update.py
[2024-01-06T01:14:42.329+0000] {logging_mixin.py:188} INFO - [2024-01-06T01:14:42.329+0000] {dag.py:3033} INFO - Sync 1 DAGs
[2024-01-06T01:14:42.340+0000] {logging_mixin.py:188} INFO - [2024-01-06T01:14:42.340+0000] {dag.py:3820} INFO - Setting next_dagrun for create_or_update to None, run_after=None
[2024-01-06T01:14:42.348+0000] {processor.py:183} INFO - Processing /opt/airflow/dags/create_or_update.py took 0.265 seconds
[2024-01-06T01:15:12.532+0000] {processor.py:161} INFO - Started process (PID=1260) to work on /opt/airflow/dags/create_or_update.py
[2024-01-06T01:15:12.533+0000] {processor.py:830} INFO - Processing file /opt/airflow/dags/create_or_update.py for tasks to queue
[2024-01-06T01:15:12.535+0000] {logging_mixin.py:188} INFO - [2024-01-06T01:15:12.534+0000] {dagbag.py:538} INFO - Filling up the DagBag from /opt/airflow/dags/create_or_update.py
[2024-01-06T01:15:12.754+0000] {processor.py:840} INFO - DAG(s) 'create_or_update' retrieved from /opt/airflow/dags/create_or_update.py
[2024-01-06T01:15:12.767+0000] {logging_mixin.py:188} INFO - [2024-01-06T01:15:12.767+0000] {dag.py:3033} INFO - Sync 1 DAGs
[2024-01-06T01:15:12.777+0000] {logging_mixin.py:188} INFO - [2024-01-06T01:15:12.777+0000] {dag.py:3820} INFO - Setting next_dagrun for create_or_update to None, run_after=None
[2024-01-06T01:15:12.786+0000] {processor.py:183} INFO - Processing /opt/airflow/dags/create_or_update.py took 0.256 seconds
[2024-01-06T01:15:42.997+0000] {processor.py:161} INFO - Started process (PID=1269) to work on /opt/airflow/dags/create_or_update.py
[2024-01-06T01:15:42.998+0000] {processor.py:830} INFO - Processing file /opt/airflow/dags/create_or_update.py for tasks to queue
[2024-01-06T01:15:42.999+0000] {logging_mixin.py:188} INFO - [2024-01-06T01:15:42.999+0000] {dagbag.py:538} INFO - Filling up the DagBag from /opt/airflow/dags/create_or_update.py
[2024-01-06T01:15:43.142+0000] {processor.py:840} INFO - DAG(s) 'create_or_update' retrieved from /opt/airflow/dags/create_or_update.py
[2024-01-06T01:15:43.252+0000] {logging_mixin.py:188} INFO - [2024-01-06T01:15:43.251+0000] {dag.py:3033} INFO - Sync 1 DAGs
[2024-01-06T01:15:43.263+0000] {logging_mixin.py:188} INFO - [2024-01-06T01:15:43.263+0000] {dag.py:3820} INFO - Setting next_dagrun for create_or_update to None, run_after=None
[2024-01-06T01:15:43.273+0000] {processor.py:183} INFO - Processing /opt/airflow/dags/create_or_update.py took 0.279 seconds
[2024-01-06T01:16:13.447+0000] {processor.py:161} INFO - Started process (PID=1278) to work on /opt/airflow/dags/create_or_update.py
[2024-01-06T01:16:13.447+0000] {processor.py:830} INFO - Processing file /opt/airflow/dags/create_or_update.py for tasks to queue
[2024-01-06T01:16:13.449+0000] {logging_mixin.py:188} INFO - [2024-01-06T01:16:13.448+0000] {dagbag.py:538} INFO - Filling up the DagBag from /opt/airflow/dags/create_or_update.py
[2024-01-06T01:16:13.580+0000] {processor.py:840} INFO - DAG(s) 'create_or_update' retrieved from /opt/airflow/dags/create_or_update.py
[2024-01-06T01:16:13.675+0000] {logging_mixin.py:188} INFO - [2024-01-06T01:16:13.674+0000] {dag.py:3033} INFO - Sync 1 DAGs
[2024-01-06T01:16:13.684+0000] {logging_mixin.py:188} INFO - [2024-01-06T01:16:13.684+0000] {dag.py:3820} INFO - Setting next_dagrun for create_or_update to None, run_after=None
[2024-01-06T01:16:13.693+0000] {processor.py:183} INFO - Processing /opt/airflow/dags/create_or_update.py took 0.248 seconds
[2024-01-06T01:16:43.877+0000] {processor.py:161} INFO - Started process (PID=1287) to work on /opt/airflow/dags/create_or_update.py
[2024-01-06T01:16:43.878+0000] {processor.py:830} INFO - Processing file /opt/airflow/dags/create_or_update.py for tasks to queue
[2024-01-06T01:16:43.880+0000] {logging_mixin.py:188} INFO - [2024-01-06T01:16:43.880+0000] {dagbag.py:538} INFO - Filling up the DagBag from /opt/airflow/dags/create_or_update.py
[2024-01-06T01:16:44.117+0000] {processor.py:840} INFO - DAG(s) 'create_or_update' retrieved from /opt/airflow/dags/create_or_update.py
[2024-01-06T01:16:44.129+0000] {logging_mixin.py:188} INFO - [2024-01-06T01:16:44.129+0000] {dag.py:3033} INFO - Sync 1 DAGs
[2024-01-06T01:16:44.139+0000] {logging_mixin.py:188} INFO - [2024-01-06T01:16:44.139+0000] {dag.py:3820} INFO - Setting next_dagrun for create_or_update to None, run_after=None
[2024-01-06T01:16:44.148+0000] {processor.py:183} INFO - Processing /opt/airflow/dags/create_or_update.py took 0.273 seconds
[2024-01-06T01:17:14.288+0000] {processor.py:161} INFO - Started process (PID=1296) to work on /opt/airflow/dags/create_or_update.py
[2024-01-06T01:17:14.289+0000] {processor.py:830} INFO - Processing file /opt/airflow/dags/create_or_update.py for tasks to queue
[2024-01-06T01:17:14.290+0000] {logging_mixin.py:188} INFO - [2024-01-06T01:17:14.290+0000] {dagbag.py:538} INFO - Filling up the DagBag from /opt/airflow/dags/create_or_update.py
[2024-01-06T01:17:14.515+0000] {processor.py:840} INFO - DAG(s) 'create_or_update' retrieved from /opt/airflow/dags/create_or_update.py
[2024-01-06T01:17:14.527+0000] {logging_mixin.py:188} INFO - [2024-01-06T01:17:14.526+0000] {dag.py:3033} INFO - Sync 1 DAGs
[2024-01-06T01:17:14.536+0000] {logging_mixin.py:188} INFO - [2024-01-06T01:17:14.536+0000] {dag.py:3820} INFO - Setting next_dagrun for create_or_update to None, run_after=None
[2024-01-06T01:17:14.547+0000] {processor.py:183} INFO - Processing /opt/airflow/dags/create_or_update.py took 0.261 seconds
[2024-01-06T01:17:44.625+0000] {processor.py:161} INFO - Started process (PID=1305) to work on /opt/airflow/dags/create_or_update.py
[2024-01-06T01:17:44.625+0000] {processor.py:830} INFO - Processing file /opt/airflow/dags/create_or_update.py for tasks to queue
[2024-01-06T01:17:44.627+0000] {logging_mixin.py:188} INFO - [2024-01-06T01:17:44.627+0000] {dagbag.py:538} INFO - Filling up the DagBag from /opt/airflow/dags/create_or_update.py
[2024-01-06T01:17:44.845+0000] {processor.py:840} INFO - DAG(s) 'create_or_update' retrieved from /opt/airflow/dags/create_or_update.py
[2024-01-06T01:17:44.856+0000] {logging_mixin.py:188} INFO - [2024-01-06T01:17:44.856+0000] {dag.py:3033} INFO - Sync 1 DAGs
[2024-01-06T01:17:44.866+0000] {logging_mixin.py:188} INFO - [2024-01-06T01:17:44.866+0000] {dag.py:3820} INFO - Setting next_dagrun for create_or_update to None, run_after=None
[2024-01-06T01:17:44.875+0000] {processor.py:183} INFO - Processing /opt/airflow/dags/create_or_update.py took 0.252 seconds
[2024-01-06T01:18:14.962+0000] {processor.py:161} INFO - Started process (PID=1314) to work on /opt/airflow/dags/create_or_update.py
[2024-01-06T01:18:14.963+0000] {processor.py:830} INFO - Processing file /opt/airflow/dags/create_or_update.py for tasks to queue
[2024-01-06T01:18:14.965+0000] {logging_mixin.py:188} INFO - [2024-01-06T01:18:14.965+0000] {dagbag.py:538} INFO - Filling up the DagBag from /opt/airflow/dags/create_or_update.py
[2024-01-06T01:18:15.104+0000] {processor.py:840} INFO - DAG(s) 'create_or_update' retrieved from /opt/airflow/dags/create_or_update.py
[2024-01-06T01:18:15.118+0000] {logging_mixin.py:188} INFO - [2024-01-06T01:18:15.118+0000] {dag.py:3033} INFO - Sync 1 DAGs
[2024-01-06T01:18:15.215+0000] {logging_mixin.py:188} INFO - [2024-01-06T01:18:15.215+0000] {dag.py:3820} INFO - Setting next_dagrun for create_or_update to None, run_after=None
[2024-01-06T01:18:15.224+0000] {processor.py:183} INFO - Processing /opt/airflow/dags/create_or_update.py took 0.264 seconds
[2024-01-06T01:18:45.435+0000] {processor.py:161} INFO - Started process (PID=1323) to work on /opt/airflow/dags/create_or_update.py
[2024-01-06T01:18:45.437+0000] {processor.py:830} INFO - Processing file /opt/airflow/dags/create_or_update.py for tasks to queue
[2024-01-06T01:18:45.441+0000] {logging_mixin.py:188} INFO - [2024-01-06T01:18:45.440+0000] {dagbag.py:538} INFO - Filling up the DagBag from /opt/airflow/dags/create_or_update.py
[2024-01-06T01:18:45.590+0000] {processor.py:840} INFO - DAG(s) 'create_or_update' retrieved from /opt/airflow/dags/create_or_update.py
[2024-01-06T01:18:45.694+0000] {logging_mixin.py:188} INFO - [2024-01-06T01:18:45.694+0000] {dag.py:3033} INFO - Sync 1 DAGs
[2024-01-06T01:18:45.705+0000] {logging_mixin.py:188} INFO - [2024-01-06T01:18:45.705+0000] {dag.py:3820} INFO - Setting next_dagrun for create_or_update to None, run_after=None
[2024-01-06T01:18:45.714+0000] {processor.py:183} INFO - Processing /opt/airflow/dags/create_or_update.py took 0.284 seconds
[2024-01-06T01:19:15.848+0000] {processor.py:161} INFO - Started process (PID=1332) to work on /opt/airflow/dags/create_or_update.py
[2024-01-06T01:19:15.848+0000] {processor.py:830} INFO - Processing file /opt/airflow/dags/create_or_update.py for tasks to queue
[2024-01-06T01:19:15.850+0000] {logging_mixin.py:188} INFO - [2024-01-06T01:19:15.850+0000] {dagbag.py:538} INFO - Filling up the DagBag from /opt/airflow/dags/create_or_update.py
[2024-01-06T01:19:16.078+0000] {processor.py:840} INFO - DAG(s) 'create_or_update' retrieved from /opt/airflow/dags/create_or_update.py
[2024-01-06T01:19:16.091+0000] {logging_mixin.py:188} INFO - [2024-01-06T01:19:16.091+0000] {dag.py:3033} INFO - Sync 1 DAGs
[2024-01-06T01:19:16.102+0000] {logging_mixin.py:188} INFO - [2024-01-06T01:19:16.102+0000] {dag.py:3820} INFO - Setting next_dagrun for create_or_update to None, run_after=None
[2024-01-06T01:19:16.112+0000] {processor.py:183} INFO - Processing /opt/airflow/dags/create_or_update.py took 0.267 seconds
[2024-01-06T01:19:46.256+0000] {processor.py:161} INFO - Started process (PID=1341) to work on /opt/airflow/dags/create_or_update.py
[2024-01-06T01:19:46.256+0000] {processor.py:830} INFO - Processing file /opt/airflow/dags/create_or_update.py for tasks to queue
[2024-01-06T01:19:46.258+0000] {logging_mixin.py:188} INFO - [2024-01-06T01:19:46.258+0000] {dagbag.py:538} INFO - Filling up the DagBag from /opt/airflow/dags/create_or_update.py
[2024-01-06T01:19:46.492+0000] {processor.py:840} INFO - DAG(s) 'create_or_update' retrieved from /opt/airflow/dags/create_or_update.py
[2024-01-06T01:19:46.504+0000] {logging_mixin.py:188} INFO - [2024-01-06T01:19:46.504+0000] {dag.py:3033} INFO - Sync 1 DAGs
[2024-01-06T01:19:46.515+0000] {logging_mixin.py:188} INFO - [2024-01-06T01:19:46.515+0000] {dag.py:3820} INFO - Setting next_dagrun for create_or_update to None, run_after=None
[2024-01-06T01:19:46.525+0000] {processor.py:183} INFO - Processing /opt/airflow/dags/create_or_update.py took 0.272 seconds
[2024-01-06T01:20:16.573+0000] {processor.py:161} INFO - Started process (PID=1350) to work on /opt/airflow/dags/create_or_update.py
[2024-01-06T01:20:16.575+0000] {processor.py:830} INFO - Processing file /opt/airflow/dags/create_or_update.py for tasks to queue
[2024-01-06T01:20:16.578+0000] {logging_mixin.py:188} INFO - [2024-01-06T01:20:16.578+0000] {dagbag.py:538} INFO - Filling up the DagBag from /opt/airflow/dags/create_or_update.py
[2024-01-06T01:20:16.859+0000] {processor.py:840} INFO - DAG(s) 'create_or_update' retrieved from /opt/airflow/dags/create_or_update.py
[2024-01-06T01:20:16.871+0000] {logging_mixin.py:188} INFO - [2024-01-06T01:20:16.871+0000] {dag.py:3033} INFO - Sync 1 DAGs
[2024-01-06T01:20:16.882+0000] {logging_mixin.py:188} INFO - [2024-01-06T01:20:16.882+0000] {dag.py:3820} INFO - Setting next_dagrun for create_or_update to None, run_after=None
[2024-01-06T01:20:16.890+0000] {processor.py:183} INFO - Processing /opt/airflow/dags/create_or_update.py took 0.321 seconds
[2024-01-06T01:20:47.031+0000] {processor.py:161} INFO - Started process (PID=1359) to work on /opt/airflow/dags/create_or_update.py
[2024-01-06T01:20:47.031+0000] {processor.py:830} INFO - Processing file /opt/airflow/dags/create_or_update.py for tasks to queue
[2024-01-06T01:20:47.033+0000] {logging_mixin.py:188} INFO - [2024-01-06T01:20:47.033+0000] {dagbag.py:538} INFO - Filling up the DagBag from /opt/airflow/dags/create_or_update.py
[2024-01-06T01:20:47.273+0000] {processor.py:840} INFO - DAG(s) 'create_or_update' retrieved from /opt/airflow/dags/create_or_update.py
[2024-01-06T01:20:47.285+0000] {logging_mixin.py:188} INFO - [2024-01-06T01:20:47.285+0000] {dag.py:3033} INFO - Sync 1 DAGs
[2024-01-06T01:20:47.296+0000] {logging_mixin.py:188} INFO - [2024-01-06T01:20:47.296+0000] {dag.py:3820} INFO - Setting next_dagrun for create_or_update to None, run_after=None
[2024-01-06T01:20:47.305+0000] {processor.py:183} INFO - Processing /opt/airflow/dags/create_or_update.py took 0.277 seconds
