[2024-01-06T00:05:28.413+0000] {processor.py:161} INFO - Started process (PID=693) to work on /opt/airflow/dags/create_topic.py
[2024-01-06T00:05:28.414+0000] {processor.py:830} INFO - Processing file /opt/airflow/dags/create_topic.py for tasks to queue
[2024-01-06T00:05:28.416+0000] {logging_mixin.py:188} INFO - [2024-01-06T00:05:28.416+0000] {dagbag.py:538} INFO - Filling up the DagBag from /opt/airflow/dags/create_topic.py
[2024-01-06T00:05:28.430+0000] {processor.py:840} INFO - DAG(s) 'create_topic' retrieved from /opt/airflow/dags/create_topic.py
[2024-01-06T00:05:28.449+0000] {logging_mixin.py:188} INFO - [2024-01-06T00:05:28.449+0000] {dag.py:3033} INFO - Sync 1 DAGs
[2024-01-06T00:05:28.463+0000] {logging_mixin.py:188} INFO - [2024-01-06T00:05:28.463+0000] {dag.py:3820} INFO - Setting next_dagrun for create_topic to None, run_after=None
[2024-01-06T00:05:28.474+0000] {processor.py:183} INFO - Processing /opt/airflow/dags/create_topic.py took 0.063 seconds
[2024-01-06T00:16:55.665+0000] {processor.py:161} INFO - Started process (PID=702) to work on /opt/airflow/dags/create_topic.py
[2024-01-06T00:16:55.666+0000] {processor.py:830} INFO - Processing file /opt/airflow/dags/create_topic.py for tasks to queue
[2024-01-06T00:16:55.667+0000] {logging_mixin.py:188} INFO - [2024-01-06T00:16:55.667+0000] {dagbag.py:538} INFO - Filling up the DagBag from /opt/airflow/dags/create_topic.py
[2024-01-06T00:16:55.686+0000] {processor.py:840} INFO - DAG(s) 'create_topic' retrieved from /opt/airflow/dags/create_topic.py
[2024-01-06T00:16:55.708+0000] {logging_mixin.py:188} INFO - [2024-01-06T00:16:55.707+0000] {dag.py:3033} INFO - Sync 1 DAGs
[2024-01-06T00:16:55.724+0000] {logging_mixin.py:188} INFO - [2024-01-06T00:16:55.724+0000] {dag.py:3820} INFO - Setting next_dagrun for create_topic to None, run_after=None
[2024-01-06T00:16:55.739+0000] {processor.py:183} INFO - Processing /opt/airflow/dags/create_topic.py took 0.077 seconds
[2024-01-06T00:33:11.390+0000] {processor.py:161} INFO - Started process (PID=711) to work on /opt/airflow/dags/create_topic.py
[2024-01-06T00:33:11.391+0000] {processor.py:830} INFO - Processing file /opt/airflow/dags/create_topic.py for tasks to queue
[2024-01-06T00:33:11.392+0000] {logging_mixin.py:188} INFO - [2024-01-06T00:33:11.392+0000] {dagbag.py:538} INFO - Filling up the DagBag from /opt/airflow/dags/create_topic.py
[2024-01-06T00:33:11.408+0000] {processor.py:840} INFO - DAG(s) 'create_topic' retrieved from /opt/airflow/dags/create_topic.py
[2024-01-06T00:33:11.425+0000] {logging_mixin.py:188} INFO - [2024-01-06T00:33:11.425+0000] {dag.py:3033} INFO - Sync 1 DAGs
[2024-01-06T00:33:11.437+0000] {logging_mixin.py:188} INFO - [2024-01-06T00:33:11.436+0000] {dag.py:3820} INFO - Setting next_dagrun for create_topic to None, run_after=None
[2024-01-06T00:33:11.447+0000] {processor.py:183} INFO - Processing /opt/airflow/dags/create_topic.py took 0.059 seconds
[2024-01-06T00:44:47.896+0000] {processor.py:161} INFO - Started process (PID=720) to work on /opt/airflow/dags/create_topic.py
[2024-01-06T00:44:47.897+0000] {processor.py:830} INFO - Processing file /opt/airflow/dags/create_topic.py for tasks to queue
[2024-01-06T00:44:47.899+0000] {logging_mixin.py:188} INFO - [2024-01-06T00:44:47.899+0000] {dagbag.py:538} INFO - Filling up the DagBag from /opt/airflow/dags/create_topic.py
[2024-01-06T00:44:47.917+0000] {processor.py:840} INFO - DAG(s) 'create_topic' retrieved from /opt/airflow/dags/create_topic.py
[2024-01-06T00:44:47.936+0000] {logging_mixin.py:188} INFO - [2024-01-06T00:44:47.936+0000] {dag.py:3033} INFO - Sync 1 DAGs
[2024-01-06T00:44:47.951+0000] {logging_mixin.py:188} INFO - [2024-01-06T00:44:47.951+0000] {dag.py:3820} INFO - Setting next_dagrun for create_topic to None, run_after=None
[2024-01-06T00:44:47.965+0000] {processor.py:183} INFO - Processing /opt/airflow/dags/create_topic.py took 0.073 seconds
[2024-01-06T00:45:18.327+0000] {processor.py:161} INFO - Started process (PID=729) to work on /opt/airflow/dags/create_topic.py
[2024-01-06T00:45:18.327+0000] {processor.py:830} INFO - Processing file /opt/airflow/dags/create_topic.py for tasks to queue
[2024-01-06T00:45:18.329+0000] {logging_mixin.py:188} INFO - [2024-01-06T00:45:18.329+0000] {dagbag.py:538} INFO - Filling up the DagBag from /opt/airflow/dags/create_topic.py
[2024-01-06T00:45:18.343+0000] {processor.py:840} INFO - DAG(s) 'create_topic' retrieved from /opt/airflow/dags/create_topic.py
[2024-01-06T00:45:18.358+0000] {logging_mixin.py:188} INFO - [2024-01-06T00:45:18.358+0000] {dag.py:3033} INFO - Sync 1 DAGs
[2024-01-06T00:45:18.370+0000] {logging_mixin.py:188} INFO - [2024-01-06T00:45:18.370+0000] {dag.py:3820} INFO - Setting next_dagrun for create_topic to None, run_after=None
[2024-01-06T00:45:18.380+0000] {processor.py:183} INFO - Processing /opt/airflow/dags/create_topic.py took 0.056 seconds
[2024-01-06T00:45:48.782+0000] {processor.py:161} INFO - Started process (PID=738) to work on /opt/airflow/dags/create_topic.py
[2024-01-06T00:45:48.783+0000] {processor.py:830} INFO - Processing file /opt/airflow/dags/create_topic.py for tasks to queue
[2024-01-06T00:45:48.784+0000] {logging_mixin.py:188} INFO - [2024-01-06T00:45:48.784+0000] {dagbag.py:538} INFO - Filling up the DagBag from /opt/airflow/dags/create_topic.py
[2024-01-06T00:45:48.801+0000] {processor.py:840} INFO - DAG(s) 'create_topic' retrieved from /opt/airflow/dags/create_topic.py
[2024-01-06T00:45:48.820+0000] {logging_mixin.py:188} INFO - [2024-01-06T00:45:48.820+0000] {dag.py:3033} INFO - Sync 1 DAGs
[2024-01-06T00:45:48.834+0000] {logging_mixin.py:188} INFO - [2024-01-06T00:45:48.834+0000] {dag.py:3820} INFO - Setting next_dagrun for create_topic to None, run_after=None
[2024-01-06T00:45:48.845+0000] {processor.py:183} INFO - Processing /opt/airflow/dags/create_topic.py took 0.066 seconds
[2024-01-06T00:46:19.223+0000] {processor.py:161} INFO - Started process (PID=747) to work on /opt/airflow/dags/create_topic.py
[2024-01-06T00:46:19.224+0000] {processor.py:830} INFO - Processing file /opt/airflow/dags/create_topic.py for tasks to queue
[2024-01-06T00:46:19.227+0000] {logging_mixin.py:188} INFO - [2024-01-06T00:46:19.226+0000] {dagbag.py:538} INFO - Filling up the DagBag from /opt/airflow/dags/create_topic.py
[2024-01-06T00:46:19.246+0000] {processor.py:840} INFO - DAG(s) 'create_topic' retrieved from /opt/airflow/dags/create_topic.py
[2024-01-06T00:46:19.262+0000] {logging_mixin.py:188} INFO - [2024-01-06T00:46:19.262+0000] {dag.py:3033} INFO - Sync 1 DAGs
[2024-01-06T00:46:19.274+0000] {logging_mixin.py:188} INFO - [2024-01-06T00:46:19.274+0000] {dag.py:3820} INFO - Setting next_dagrun for create_topic to None, run_after=None
[2024-01-06T00:46:19.284+0000] {processor.py:183} INFO - Processing /opt/airflow/dags/create_topic.py took 0.065 seconds
[2024-01-06T00:46:49.607+0000] {processor.py:161} INFO - Started process (PID=756) to work on /opt/airflow/dags/create_topic.py
[2024-01-06T00:46:49.608+0000] {processor.py:830} INFO - Processing file /opt/airflow/dags/create_topic.py for tasks to queue
[2024-01-06T00:46:49.611+0000] {logging_mixin.py:188} INFO - [2024-01-06T00:46:49.611+0000] {dagbag.py:538} INFO - Filling up the DagBag from /opt/airflow/dags/create_topic.py
[2024-01-06T00:46:49.631+0000] {processor.py:840} INFO - DAG(s) 'create_topic' retrieved from /opt/airflow/dags/create_topic.py
[2024-01-06T00:46:49.647+0000] {logging_mixin.py:188} INFO - [2024-01-06T00:46:49.647+0000] {dag.py:3033} INFO - Sync 1 DAGs
[2024-01-06T00:46:49.660+0000] {logging_mixin.py:188} INFO - [2024-01-06T00:46:49.659+0000] {dag.py:3820} INFO - Setting next_dagrun for create_topic to None, run_after=None
[2024-01-06T00:46:49.669+0000] {processor.py:183} INFO - Processing /opt/airflow/dags/create_topic.py took 0.066 seconds
[2024-01-06T00:47:19.999+0000] {processor.py:161} INFO - Started process (PID=765) to work on /opt/airflow/dags/create_topic.py
[2024-01-06T00:47:19.999+0000] {processor.py:830} INFO - Processing file /opt/airflow/dags/create_topic.py for tasks to queue
[2024-01-06T00:47:20.001+0000] {logging_mixin.py:188} INFO - [2024-01-06T00:47:20.001+0000] {dagbag.py:538} INFO - Filling up the DagBag from /opt/airflow/dags/create_topic.py
[2024-01-06T00:47:20.019+0000] {processor.py:840} INFO - DAG(s) 'create_topic' retrieved from /opt/airflow/dags/create_topic.py
[2024-01-06T00:47:20.039+0000] {logging_mixin.py:188} INFO - [2024-01-06T00:47:20.039+0000] {dag.py:3033} INFO - Sync 1 DAGs
[2024-01-06T00:47:20.052+0000] {logging_mixin.py:188} INFO - [2024-01-06T00:47:20.051+0000] {dag.py:3820} INFO - Setting next_dagrun for create_topic to None, run_after=None
[2024-01-06T00:47:20.063+0000] {processor.py:183} INFO - Processing /opt/airflow/dags/create_topic.py took 0.067 seconds
[2024-01-06T00:47:50.403+0000] {processor.py:161} INFO - Started process (PID=774) to work on /opt/airflow/dags/create_topic.py
[2024-01-06T00:47:50.404+0000] {processor.py:830} INFO - Processing file /opt/airflow/dags/create_topic.py for tasks to queue
[2024-01-06T00:47:50.407+0000] {logging_mixin.py:188} INFO - [2024-01-06T00:47:50.406+0000] {dagbag.py:538} INFO - Filling up the DagBag from /opt/airflow/dags/create_topic.py
[2024-01-06T00:47:50.423+0000] {processor.py:840} INFO - DAG(s) 'create_topic' retrieved from /opt/airflow/dags/create_topic.py
[2024-01-06T00:47:50.441+0000] {logging_mixin.py:188} INFO - [2024-01-06T00:47:50.440+0000] {dag.py:3033} INFO - Sync 1 DAGs
[2024-01-06T00:47:50.453+0000] {logging_mixin.py:188} INFO - [2024-01-06T00:47:50.453+0000] {dag.py:3820} INFO - Setting next_dagrun for create_topic to None, run_after=None
[2024-01-06T00:47:50.463+0000] {processor.py:183} INFO - Processing /opt/airflow/dags/create_topic.py took 0.062 seconds
[2024-01-06T00:48:20.752+0000] {processor.py:161} INFO - Started process (PID=783) to work on /opt/airflow/dags/create_topic.py
[2024-01-06T00:48:20.754+0000] {processor.py:830} INFO - Processing file /opt/airflow/dags/create_topic.py for tasks to queue
[2024-01-06T00:48:20.757+0000] {logging_mixin.py:188} INFO - [2024-01-06T00:48:20.757+0000] {dagbag.py:538} INFO - Filling up the DagBag from /opt/airflow/dags/create_topic.py
[2024-01-06T00:48:20.777+0000] {processor.py:840} INFO - DAG(s) 'create_topic' retrieved from /opt/airflow/dags/create_topic.py
[2024-01-06T00:48:20.794+0000] {logging_mixin.py:188} INFO - [2024-01-06T00:48:20.794+0000] {dag.py:3033} INFO - Sync 1 DAGs
[2024-01-06T00:48:20.807+0000] {logging_mixin.py:188} INFO - [2024-01-06T00:48:20.806+0000] {dag.py:3820} INFO - Setting next_dagrun for create_topic to None, run_after=None
[2024-01-06T00:48:20.817+0000] {processor.py:183} INFO - Processing /opt/airflow/dags/create_topic.py took 0.069 seconds
[2024-01-06T00:48:51.057+0000] {processor.py:161} INFO - Started process (PID=792) to work on /opt/airflow/dags/create_topic.py
[2024-01-06T00:48:51.058+0000] {processor.py:830} INFO - Processing file /opt/airflow/dags/create_topic.py for tasks to queue
[2024-01-06T00:48:51.060+0000] {logging_mixin.py:188} INFO - [2024-01-06T00:48:51.060+0000] {dagbag.py:538} INFO - Filling up the DagBag from /opt/airflow/dags/create_topic.py
[2024-01-06T00:48:51.077+0000] {processor.py:840} INFO - DAG(s) 'create_topic' retrieved from /opt/airflow/dags/create_topic.py
[2024-01-06T00:48:51.097+0000] {logging_mixin.py:188} INFO - [2024-01-06T00:48:51.097+0000] {dag.py:3033} INFO - Sync 1 DAGs
[2024-01-06T00:48:51.110+0000] {logging_mixin.py:188} INFO - [2024-01-06T00:48:51.110+0000] {dag.py:3820} INFO - Setting next_dagrun for create_topic to None, run_after=None
[2024-01-06T00:48:51.120+0000] {processor.py:183} INFO - Processing /opt/airflow/dags/create_topic.py took 0.066 seconds
[2024-01-06T00:49:21.449+0000] {processor.py:161} INFO - Started process (PID=801) to work on /opt/airflow/dags/create_topic.py
[2024-01-06T00:49:21.450+0000] {processor.py:830} INFO - Processing file /opt/airflow/dags/create_topic.py for tasks to queue
[2024-01-06T00:49:21.453+0000] {logging_mixin.py:188} INFO - [2024-01-06T00:49:21.453+0000] {dagbag.py:538} INFO - Filling up the DagBag from /opt/airflow/dags/create_topic.py
[2024-01-06T00:49:21.471+0000] {processor.py:840} INFO - DAG(s) 'create_topic' retrieved from /opt/airflow/dags/create_topic.py
[2024-01-06T00:49:21.487+0000] {logging_mixin.py:188} INFO - [2024-01-06T00:49:21.487+0000] {dag.py:3033} INFO - Sync 1 DAGs
[2024-01-06T00:49:21.501+0000] {logging_mixin.py:188} INFO - [2024-01-06T00:49:21.501+0000] {dag.py:3820} INFO - Setting next_dagrun for create_topic to None, run_after=None
[2024-01-06T00:49:21.512+0000] {processor.py:183} INFO - Processing /opt/airflow/dags/create_topic.py took 0.067 seconds
[2024-01-06T00:49:51.936+0000] {processor.py:161} INFO - Started process (PID=810) to work on /opt/airflow/dags/create_topic.py
[2024-01-06T00:49:51.937+0000] {processor.py:830} INFO - Processing file /opt/airflow/dags/create_topic.py for tasks to queue
[2024-01-06T00:49:51.940+0000] {logging_mixin.py:188} INFO - [2024-01-06T00:49:51.939+0000] {dagbag.py:538} INFO - Filling up the DagBag from /opt/airflow/dags/create_topic.py
[2024-01-06T00:49:51.960+0000] {processor.py:840} INFO - DAG(s) 'create_topic' retrieved from /opt/airflow/dags/create_topic.py
[2024-01-06T00:49:51.976+0000] {logging_mixin.py:188} INFO - [2024-01-06T00:49:51.976+0000] {dag.py:3033} INFO - Sync 1 DAGs
[2024-01-06T00:49:51.989+0000] {logging_mixin.py:188} INFO - [2024-01-06T00:49:51.988+0000] {dag.py:3820} INFO - Setting next_dagrun for create_topic to None, run_after=None
[2024-01-06T00:49:51.999+0000] {processor.py:183} INFO - Processing /opt/airflow/dags/create_topic.py took 0.068 seconds
[2024-01-06T00:50:22.384+0000] {processor.py:161} INFO - Started process (PID=819) to work on /opt/airflow/dags/create_topic.py
[2024-01-06T00:50:22.386+0000] {processor.py:830} INFO - Processing file /opt/airflow/dags/create_topic.py for tasks to queue
[2024-01-06T00:50:22.389+0000] {logging_mixin.py:188} INFO - [2024-01-06T00:50:22.389+0000] {dagbag.py:538} INFO - Filling up the DagBag from /opt/airflow/dags/create_topic.py
[2024-01-06T00:50:22.410+0000] {processor.py:840} INFO - DAG(s) 'create_topic' retrieved from /opt/airflow/dags/create_topic.py
[2024-01-06T00:50:22.428+0000] {logging_mixin.py:188} INFO - [2024-01-06T00:50:22.428+0000] {dag.py:3033} INFO - Sync 1 DAGs
[2024-01-06T00:50:22.440+0000] {logging_mixin.py:188} INFO - [2024-01-06T00:50:22.440+0000] {dag.py:3820} INFO - Setting next_dagrun for create_topic to None, run_after=None
[2024-01-06T00:50:22.450+0000] {processor.py:183} INFO - Processing /opt/airflow/dags/create_topic.py took 0.071 seconds
[2024-01-06T00:50:52.859+0000] {processor.py:161} INFO - Started process (PID=828) to work on /opt/airflow/dags/create_topic.py
[2024-01-06T00:50:52.860+0000] {processor.py:830} INFO - Processing file /opt/airflow/dags/create_topic.py for tasks to queue
[2024-01-06T00:50:52.863+0000] {logging_mixin.py:188} INFO - [2024-01-06T00:50:52.863+0000] {dagbag.py:538} INFO - Filling up the DagBag from /opt/airflow/dags/create_topic.py
[2024-01-06T00:50:52.883+0000] {processor.py:840} INFO - DAG(s) 'create_topic' retrieved from /opt/airflow/dags/create_topic.py
[2024-01-06T00:50:52.899+0000] {logging_mixin.py:188} INFO - [2024-01-06T00:50:52.899+0000] {dag.py:3033} INFO - Sync 1 DAGs
[2024-01-06T00:50:52.912+0000] {logging_mixin.py:188} INFO - [2024-01-06T00:50:52.912+0000] {dag.py:3820} INFO - Setting next_dagrun for create_topic to None, run_after=None
[2024-01-06T00:50:52.923+0000] {processor.py:183} INFO - Processing /opt/airflow/dags/create_topic.py took 0.068 seconds
[2024-01-06T00:51:23.288+0000] {processor.py:161} INFO - Started process (PID=837) to work on /opt/airflow/dags/create_topic.py
[2024-01-06T00:51:23.289+0000] {processor.py:830} INFO - Processing file /opt/airflow/dags/create_topic.py for tasks to queue
[2024-01-06T00:51:23.291+0000] {logging_mixin.py:188} INFO - [2024-01-06T00:51:23.291+0000] {dagbag.py:538} INFO - Filling up the DagBag from /opt/airflow/dags/create_topic.py
[2024-01-06T00:51:23.306+0000] {processor.py:840} INFO - DAG(s) 'create_topic' retrieved from /opt/airflow/dags/create_topic.py
[2024-01-06T00:51:23.322+0000] {logging_mixin.py:188} INFO - [2024-01-06T00:51:23.322+0000] {dag.py:3033} INFO - Sync 1 DAGs
[2024-01-06T00:51:23.334+0000] {logging_mixin.py:188} INFO - [2024-01-06T00:51:23.334+0000] {dag.py:3820} INFO - Setting next_dagrun for create_topic to None, run_after=None
[2024-01-06T00:51:23.345+0000] {processor.py:183} INFO - Processing /opt/airflow/dags/create_topic.py took 0.059 seconds
[2024-01-06T00:51:53.717+0000] {processor.py:161} INFO - Started process (PID=846) to work on /opt/airflow/dags/create_topic.py
[2024-01-06T00:51:53.717+0000] {processor.py:830} INFO - Processing file /opt/airflow/dags/create_topic.py for tasks to queue
[2024-01-06T00:51:53.719+0000] {logging_mixin.py:188} INFO - [2024-01-06T00:51:53.718+0000] {dagbag.py:538} INFO - Filling up the DagBag from /opt/airflow/dags/create_topic.py
[2024-01-06T00:51:53.733+0000] {processor.py:840} INFO - DAG(s) 'create_topic' retrieved from /opt/airflow/dags/create_topic.py
[2024-01-06T00:51:53.748+0000] {logging_mixin.py:188} INFO - [2024-01-06T00:51:53.748+0000] {dag.py:3033} INFO - Sync 1 DAGs
[2024-01-06T00:51:53.761+0000] {logging_mixin.py:188} INFO - [2024-01-06T00:51:53.761+0000] {dag.py:3820} INFO - Setting next_dagrun for create_topic to None, run_after=None
[2024-01-06T00:51:53.772+0000] {processor.py:183} INFO - Processing /opt/airflow/dags/create_topic.py took 0.057 seconds
[2024-01-06T00:52:24.097+0000] {processor.py:161} INFO - Started process (PID=855) to work on /opt/airflow/dags/create_topic.py
[2024-01-06T00:52:24.097+0000] {processor.py:830} INFO - Processing file /opt/airflow/dags/create_topic.py for tasks to queue
[2024-01-06T00:52:24.100+0000] {logging_mixin.py:188} INFO - [2024-01-06T00:52:24.100+0000] {dagbag.py:538} INFO - Filling up the DagBag from /opt/airflow/dags/create_topic.py
[2024-01-06T00:52:24.114+0000] {processor.py:840} INFO - DAG(s) 'create_topic' retrieved from /opt/airflow/dags/create_topic.py
[2024-01-06T00:52:24.132+0000] {logging_mixin.py:188} INFO - [2024-01-06T00:52:24.132+0000] {dag.py:3033} INFO - Sync 1 DAGs
[2024-01-06T00:52:24.146+0000] {logging_mixin.py:188} INFO - [2024-01-06T00:52:24.146+0000] {dag.py:3820} INFO - Setting next_dagrun for create_topic to None, run_after=None
[2024-01-06T00:52:24.158+0000] {processor.py:183} INFO - Processing /opt/airflow/dags/create_topic.py took 0.064 seconds
[2024-01-06T00:52:54.487+0000] {processor.py:161} INFO - Started process (PID=864) to work on /opt/airflow/dags/create_topic.py
[2024-01-06T00:52:54.488+0000] {processor.py:830} INFO - Processing file /opt/airflow/dags/create_topic.py for tasks to queue
[2024-01-06T00:52:54.490+0000] {logging_mixin.py:188} INFO - [2024-01-06T00:52:54.490+0000] {dagbag.py:538} INFO - Filling up the DagBag from /opt/airflow/dags/create_topic.py
[2024-01-06T00:52:54.506+0000] {processor.py:840} INFO - DAG(s) 'create_topic' retrieved from /opt/airflow/dags/create_topic.py
[2024-01-06T00:52:54.522+0000] {logging_mixin.py:188} INFO - [2024-01-06T00:52:54.522+0000] {dag.py:3033} INFO - Sync 1 DAGs
[2024-01-06T00:52:54.533+0000] {logging_mixin.py:188} INFO - [2024-01-06T00:52:54.533+0000] {dag.py:3820} INFO - Setting next_dagrun for create_topic to None, run_after=None
[2024-01-06T00:52:54.543+0000] {processor.py:183} INFO - Processing /opt/airflow/dags/create_topic.py took 0.059 seconds
[2024-01-06T00:53:24.929+0000] {processor.py:161} INFO - Started process (PID=873) to work on /opt/airflow/dags/create_topic.py
[2024-01-06T00:53:24.931+0000] {processor.py:830} INFO - Processing file /opt/airflow/dags/create_topic.py for tasks to queue
[2024-01-06T00:53:24.934+0000] {logging_mixin.py:188} INFO - [2024-01-06T00:53:24.934+0000] {dagbag.py:538} INFO - Filling up the DagBag from /opt/airflow/dags/create_topic.py
[2024-01-06T00:53:24.953+0000] {processor.py:840} INFO - DAG(s) 'create_topic' retrieved from /opt/airflow/dags/create_topic.py
[2024-01-06T00:53:24.968+0000] {logging_mixin.py:188} INFO - [2024-01-06T00:53:24.968+0000] {dag.py:3033} INFO - Sync 1 DAGs
[2024-01-06T00:53:24.980+0000] {logging_mixin.py:188} INFO - [2024-01-06T00:53:24.980+0000] {dag.py:3820} INFO - Setting next_dagrun for create_topic to None, run_after=None
[2024-01-06T00:53:24.991+0000] {processor.py:183} INFO - Processing /opt/airflow/dags/create_topic.py took 0.066 seconds
[2024-01-06T00:53:55.330+0000] {processor.py:161} INFO - Started process (PID=882) to work on /opt/airflow/dags/create_topic.py
[2024-01-06T00:53:55.331+0000] {processor.py:830} INFO - Processing file /opt/airflow/dags/create_topic.py for tasks to queue
[2024-01-06T00:53:55.333+0000] {logging_mixin.py:188} INFO - [2024-01-06T00:53:55.333+0000] {dagbag.py:538} INFO - Filling up the DagBag from /opt/airflow/dags/create_topic.py
[2024-01-06T00:53:55.348+0000] {processor.py:840} INFO - DAG(s) 'create_topic' retrieved from /opt/airflow/dags/create_topic.py
[2024-01-06T00:53:55.364+0000] {logging_mixin.py:188} INFO - [2024-01-06T00:53:55.364+0000] {dag.py:3033} INFO - Sync 1 DAGs
[2024-01-06T00:53:55.376+0000] {logging_mixin.py:188} INFO - [2024-01-06T00:53:55.376+0000] {dag.py:3820} INFO - Setting next_dagrun for create_topic to None, run_after=None
[2024-01-06T00:53:55.386+0000] {processor.py:183} INFO - Processing /opt/airflow/dags/create_topic.py took 0.059 seconds
[2024-01-06T00:54:25.757+0000] {processor.py:161} INFO - Started process (PID=891) to work on /opt/airflow/dags/create_topic.py
[2024-01-06T00:54:25.758+0000] {processor.py:830} INFO - Processing file /opt/airflow/dags/create_topic.py for tasks to queue
[2024-01-06T00:54:25.761+0000] {logging_mixin.py:188} INFO - [2024-01-06T00:54:25.761+0000] {dagbag.py:538} INFO - Filling up the DagBag from /opt/airflow/dags/create_topic.py
[2024-01-06T00:54:25.779+0000] {processor.py:840} INFO - DAG(s) 'create_topic' retrieved from /opt/airflow/dags/create_topic.py
[2024-01-06T00:54:25.796+0000] {logging_mixin.py:188} INFO - [2024-01-06T00:54:25.795+0000] {dag.py:3033} INFO - Sync 1 DAGs
[2024-01-06T00:54:25.807+0000] {logging_mixin.py:188} INFO - [2024-01-06T00:54:25.807+0000] {dag.py:3820} INFO - Setting next_dagrun for create_topic to None, run_after=None
[2024-01-06T00:54:25.817+0000] {processor.py:183} INFO - Processing /opt/airflow/dags/create_topic.py took 0.065 seconds
[2024-01-06T00:54:56.200+0000] {processor.py:161} INFO - Started process (PID=900) to work on /opt/airflow/dags/create_topic.py
[2024-01-06T00:54:56.201+0000] {processor.py:830} INFO - Processing file /opt/airflow/dags/create_topic.py for tasks to queue
[2024-01-06T00:54:56.203+0000] {logging_mixin.py:188} INFO - [2024-01-06T00:54:56.203+0000] {dagbag.py:538} INFO - Filling up the DagBag from /opt/airflow/dags/create_topic.py
[2024-01-06T00:54:56.222+0000] {processor.py:840} INFO - DAG(s) 'create_topic' retrieved from /opt/airflow/dags/create_topic.py
[2024-01-06T00:54:56.240+0000] {logging_mixin.py:188} INFO - [2024-01-06T00:54:56.240+0000] {dag.py:3033} INFO - Sync 1 DAGs
[2024-01-06T00:54:56.253+0000] {logging_mixin.py:188} INFO - [2024-01-06T00:54:56.253+0000] {dag.py:3820} INFO - Setting next_dagrun for create_topic to None, run_after=None
[2024-01-06T00:54:56.264+0000] {processor.py:183} INFO - Processing /opt/airflow/dags/create_topic.py took 0.067 seconds
[2024-01-06T00:55:26.607+0000] {processor.py:161} INFO - Started process (PID=909) to work on /opt/airflow/dags/create_topic.py
[2024-01-06T00:55:26.608+0000] {processor.py:830} INFO - Processing file /opt/airflow/dags/create_topic.py for tasks to queue
[2024-01-06T00:55:26.610+0000] {logging_mixin.py:188} INFO - [2024-01-06T00:55:26.610+0000] {dagbag.py:538} INFO - Filling up the DagBag from /opt/airflow/dags/create_topic.py
[2024-01-06T00:55:26.628+0000] {processor.py:840} INFO - DAG(s) 'create_topic' retrieved from /opt/airflow/dags/create_topic.py
[2024-01-06T00:55:26.644+0000] {logging_mixin.py:188} INFO - [2024-01-06T00:55:26.644+0000] {dag.py:3033} INFO - Sync 1 DAGs
[2024-01-06T00:55:26.656+0000] {logging_mixin.py:188} INFO - [2024-01-06T00:55:26.656+0000] {dag.py:3820} INFO - Setting next_dagrun for create_topic to None, run_after=None
[2024-01-06T00:55:26.666+0000] {processor.py:183} INFO - Processing /opt/airflow/dags/create_topic.py took 0.063 seconds
[2024-01-06T00:55:57.065+0000] {processor.py:161} INFO - Started process (PID=918) to work on /opt/airflow/dags/create_topic.py
[2024-01-06T00:55:57.066+0000] {processor.py:830} INFO - Processing file /opt/airflow/dags/create_topic.py for tasks to queue
[2024-01-06T00:55:57.068+0000] {logging_mixin.py:188} INFO - [2024-01-06T00:55:57.068+0000] {dagbag.py:538} INFO - Filling up the DagBag from /opt/airflow/dags/create_topic.py
[2024-01-06T00:55:57.088+0000] {processor.py:840} INFO - DAG(s) 'create_topic' retrieved from /opt/airflow/dags/create_topic.py
[2024-01-06T00:55:57.106+0000] {logging_mixin.py:188} INFO - [2024-01-06T00:55:57.106+0000] {dag.py:3033} INFO - Sync 1 DAGs
[2024-01-06T00:55:57.118+0000] {logging_mixin.py:188} INFO - [2024-01-06T00:55:57.118+0000] {dag.py:3820} INFO - Setting next_dagrun for create_topic to None, run_after=None
[2024-01-06T00:55:57.128+0000] {processor.py:183} INFO - Processing /opt/airflow/dags/create_topic.py took 0.066 seconds
[2024-01-06T00:56:27.440+0000] {processor.py:161} INFO - Started process (PID=927) to work on /opt/airflow/dags/create_topic.py
[2024-01-06T00:56:27.441+0000] {processor.py:830} INFO - Processing file /opt/airflow/dags/create_topic.py for tasks to queue
[2024-01-06T00:56:27.444+0000] {logging_mixin.py:188} INFO - [2024-01-06T00:56:27.444+0000] {dagbag.py:538} INFO - Filling up the DagBag from /opt/airflow/dags/create_topic.py
[2024-01-06T00:56:27.465+0000] {processor.py:840} INFO - DAG(s) 'create_topic' retrieved from /opt/airflow/dags/create_topic.py
[2024-01-06T00:56:27.482+0000] {logging_mixin.py:188} INFO - [2024-01-06T00:56:27.482+0000] {dag.py:3033} INFO - Sync 1 DAGs
[2024-01-06T00:56:27.495+0000] {logging_mixin.py:188} INFO - [2024-01-06T00:56:27.495+0000] {dag.py:3820} INFO - Setting next_dagrun for create_topic to None, run_after=None
[2024-01-06T00:56:27.505+0000] {processor.py:183} INFO - Processing /opt/airflow/dags/create_topic.py took 0.069 seconds
[2024-01-06T00:56:57.832+0000] {processor.py:161} INFO - Started process (PID=936) to work on /opt/airflow/dags/create_topic.py
[2024-01-06T00:56:57.833+0000] {processor.py:830} INFO - Processing file /opt/airflow/dags/create_topic.py for tasks to queue
[2024-01-06T00:56:57.836+0000] {logging_mixin.py:188} INFO - [2024-01-06T00:56:57.836+0000] {dagbag.py:538} INFO - Filling up the DagBag from /opt/airflow/dags/create_topic.py
[2024-01-06T00:56:57.853+0000] {processor.py:840} INFO - DAG(s) 'create_topic' retrieved from /opt/airflow/dags/create_topic.py
[2024-01-06T00:56:57.871+0000] {logging_mixin.py:188} INFO - [2024-01-06T00:56:57.871+0000] {dag.py:3033} INFO - Sync 1 DAGs
[2024-01-06T00:56:57.883+0000] {logging_mixin.py:188} INFO - [2024-01-06T00:56:57.883+0000] {dag.py:3820} INFO - Setting next_dagrun for create_topic to None, run_after=None
[2024-01-06T00:56:57.894+0000] {processor.py:183} INFO - Processing /opt/airflow/dags/create_topic.py took 0.068 seconds
[2024-01-06T00:57:28.191+0000] {processor.py:161} INFO - Started process (PID=945) to work on /opt/airflow/dags/create_topic.py
[2024-01-06T00:57:28.192+0000] {processor.py:830} INFO - Processing file /opt/airflow/dags/create_topic.py for tasks to queue
[2024-01-06T00:57:28.195+0000] {logging_mixin.py:188} INFO - [2024-01-06T00:57:28.195+0000] {dagbag.py:538} INFO - Filling up the DagBag from /opt/airflow/dags/create_topic.py
[2024-01-06T00:57:28.214+0000] {processor.py:840} INFO - DAG(s) 'create_topic' retrieved from /opt/airflow/dags/create_topic.py
[2024-01-06T00:57:28.232+0000] {logging_mixin.py:188} INFO - [2024-01-06T00:57:28.232+0000] {dag.py:3033} INFO - Sync 1 DAGs
[2024-01-06T00:57:28.246+0000] {logging_mixin.py:188} INFO - [2024-01-06T00:57:28.245+0000] {dag.py:3820} INFO - Setting next_dagrun for create_topic to None, run_after=None
[2024-01-06T00:57:28.256+0000] {processor.py:183} INFO - Processing /opt/airflow/dags/create_topic.py took 0.068 seconds
[2024-01-06T00:57:58.632+0000] {processor.py:161} INFO - Started process (PID=954) to work on /opt/airflow/dags/create_topic.py
[2024-01-06T00:57:58.637+0000] {processor.py:830} INFO - Processing file /opt/airflow/dags/create_topic.py for tasks to queue
[2024-01-06T00:57:58.641+0000] {logging_mixin.py:188} INFO - [2024-01-06T00:57:58.640+0000] {dagbag.py:538} INFO - Filling up the DagBag from /opt/airflow/dags/create_topic.py
[2024-01-06T00:57:58.661+0000] {processor.py:840} INFO - DAG(s) 'create_topic' retrieved from /opt/airflow/dags/create_topic.py
[2024-01-06T00:57:58.677+0000] {logging_mixin.py:188} INFO - [2024-01-06T00:57:58.677+0000] {dag.py:3033} INFO - Sync 1 DAGs
[2024-01-06T00:57:58.690+0000] {logging_mixin.py:188} INFO - [2024-01-06T00:57:58.690+0000] {dag.py:3820} INFO - Setting next_dagrun for create_topic to None, run_after=None
[2024-01-06T00:57:58.702+0000] {processor.py:183} INFO - Processing /opt/airflow/dags/create_topic.py took 0.074 seconds
[2024-01-06T00:58:29.055+0000] {processor.py:161} INFO - Started process (PID=963) to work on /opt/airflow/dags/create_topic.py
[2024-01-06T00:58:29.056+0000] {processor.py:830} INFO - Processing file /opt/airflow/dags/create_topic.py for tasks to queue
[2024-01-06T00:58:29.060+0000] {logging_mixin.py:188} INFO - [2024-01-06T00:58:29.059+0000] {dagbag.py:538} INFO - Filling up the DagBag from /opt/airflow/dags/create_topic.py
[2024-01-06T00:58:29.080+0000] {processor.py:840} INFO - DAG(s) 'create_topic' retrieved from /opt/airflow/dags/create_topic.py
[2024-01-06T00:58:29.098+0000] {logging_mixin.py:188} INFO - [2024-01-06T00:58:29.098+0000] {dag.py:3033} INFO - Sync 1 DAGs
[2024-01-06T00:58:29.111+0000] {logging_mixin.py:188} INFO - [2024-01-06T00:58:29.111+0000] {dag.py:3820} INFO - Setting next_dagrun for create_topic to None, run_after=None
[2024-01-06T00:58:29.123+0000] {processor.py:183} INFO - Processing /opt/airflow/dags/create_topic.py took 0.072 seconds
[2024-01-06T00:58:59.474+0000] {processor.py:161} INFO - Started process (PID=971) to work on /opt/airflow/dags/create_topic.py
[2024-01-06T00:58:59.475+0000] {processor.py:830} INFO - Processing file /opt/airflow/dags/create_topic.py for tasks to queue
[2024-01-06T00:58:59.502+0000] {logging_mixin.py:188} INFO - [2024-01-06T00:58:59.501+0000] {dagbag.py:538} INFO - Filling up the DagBag from /opt/airflow/dags/create_topic.py
[2024-01-06T00:58:59.522+0000] {processor.py:840} INFO - DAG(s) 'create_topic' retrieved from /opt/airflow/dags/create_topic.py
[2024-01-06T00:58:59.543+0000] {logging_mixin.py:188} INFO - [2024-01-06T00:58:59.543+0000] {dag.py:3033} INFO - Sync 1 DAGs
[2024-01-06T00:58:59.556+0000] {logging_mixin.py:188} INFO - [2024-01-06T00:58:59.556+0000] {dag.py:3820} INFO - Setting next_dagrun for create_topic to None, run_after=None
[2024-01-06T00:58:59.567+0000] {processor.py:183} INFO - Processing /opt/airflow/dags/create_topic.py took 0.097 seconds
[2024-01-06T00:59:29.911+0000] {processor.py:161} INFO - Started process (PID=980) to work on /opt/airflow/dags/create_topic.py
[2024-01-06T00:59:29.913+0000] {processor.py:830} INFO - Processing file /opt/airflow/dags/create_topic.py for tasks to queue
[2024-01-06T00:59:29.915+0000] {logging_mixin.py:188} INFO - [2024-01-06T00:59:29.915+0000] {dagbag.py:538} INFO - Filling up the DagBag from /opt/airflow/dags/create_topic.py
[2024-01-06T00:59:29.932+0000] {processor.py:840} INFO - DAG(s) 'create_topic' retrieved from /opt/airflow/dags/create_topic.py
[2024-01-06T00:59:29.948+0000] {logging_mixin.py:188} INFO - [2024-01-06T00:59:29.948+0000] {dag.py:3033} INFO - Sync 1 DAGs
[2024-01-06T00:59:29.960+0000] {logging_mixin.py:188} INFO - [2024-01-06T00:59:29.959+0000] {dag.py:3820} INFO - Setting next_dagrun for create_topic to None, run_after=None
[2024-01-06T00:59:29.969+0000] {processor.py:183} INFO - Processing /opt/airflow/dags/create_topic.py took 0.062 seconds
[2024-01-06T01:00:00.280+0000] {processor.py:161} INFO - Started process (PID=989) to work on /opt/airflow/dags/create_topic.py
[2024-01-06T01:00:00.280+0000] {processor.py:830} INFO - Processing file /opt/airflow/dags/create_topic.py for tasks to queue
[2024-01-06T01:00:00.283+0000] {logging_mixin.py:188} INFO - [2024-01-06T01:00:00.282+0000] {dagbag.py:538} INFO - Filling up the DagBag from /opt/airflow/dags/create_topic.py
[2024-01-06T01:00:00.297+0000] {processor.py:840} INFO - DAG(s) 'create_topic' retrieved from /opt/airflow/dags/create_topic.py
[2024-01-06T01:00:00.312+0000] {logging_mixin.py:188} INFO - [2024-01-06T01:00:00.312+0000] {dag.py:3033} INFO - Sync 1 DAGs
[2024-01-06T01:00:00.323+0000] {logging_mixin.py:188} INFO - [2024-01-06T01:00:00.323+0000] {dag.py:3820} INFO - Setting next_dagrun for create_topic to None, run_after=None
[2024-01-06T01:00:00.335+0000] {processor.py:183} INFO - Processing /opt/airflow/dags/create_topic.py took 0.058 seconds
[2024-01-06T01:00:30.583+0000] {processor.py:161} INFO - Started process (PID=998) to work on /opt/airflow/dags/create_topic.py
[2024-01-06T01:00:30.585+0000] {processor.py:830} INFO - Processing file /opt/airflow/dags/create_topic.py for tasks to queue
[2024-01-06T01:00:30.588+0000] {logging_mixin.py:188} INFO - [2024-01-06T01:00:30.588+0000] {dagbag.py:538} INFO - Filling up the DagBag from /opt/airflow/dags/create_topic.py
[2024-01-06T01:00:30.609+0000] {processor.py:840} INFO - DAG(s) 'create_topic' retrieved from /opt/airflow/dags/create_topic.py
[2024-01-06T01:00:30.626+0000] {logging_mixin.py:188} INFO - [2024-01-06T01:00:30.626+0000] {dag.py:3033} INFO - Sync 1 DAGs
[2024-01-06T01:00:30.639+0000] {logging_mixin.py:188} INFO - [2024-01-06T01:00:30.638+0000] {dag.py:3820} INFO - Setting next_dagrun for create_topic to None, run_after=None
[2024-01-06T01:00:30.649+0000] {processor.py:183} INFO - Processing /opt/airflow/dags/create_topic.py took 0.070 seconds
[2024-01-06T01:01:01.040+0000] {processor.py:161} INFO - Started process (PID=1007) to work on /opt/airflow/dags/create_topic.py
[2024-01-06T01:01:01.042+0000] {processor.py:830} INFO - Processing file /opt/airflow/dags/create_topic.py for tasks to queue
[2024-01-06T01:01:01.044+0000] {logging_mixin.py:188} INFO - [2024-01-06T01:01:01.044+0000] {dagbag.py:538} INFO - Filling up the DagBag from /opt/airflow/dags/create_topic.py
[2024-01-06T01:01:01.061+0000] {processor.py:840} INFO - DAG(s) 'create_topic' retrieved from /opt/airflow/dags/create_topic.py
[2024-01-06T01:01:01.081+0000] {logging_mixin.py:188} INFO - [2024-01-06T01:01:01.081+0000] {dag.py:3033} INFO - Sync 1 DAGs
[2024-01-06T01:01:01.095+0000] {logging_mixin.py:188} INFO - [2024-01-06T01:01:01.095+0000] {dag.py:3820} INFO - Setting next_dagrun for create_topic to None, run_after=None
[2024-01-06T01:01:01.109+0000] {processor.py:183} INFO - Processing /opt/airflow/dags/create_topic.py took 0.072 seconds
[2024-01-06T01:01:31.417+0000] {processor.py:161} INFO - Started process (PID=1016) to work on /opt/airflow/dags/create_topic.py
[2024-01-06T01:01:31.418+0000] {processor.py:830} INFO - Processing file /opt/airflow/dags/create_topic.py for tasks to queue
[2024-01-06T01:01:31.422+0000] {logging_mixin.py:188} INFO - [2024-01-06T01:01:31.422+0000] {dagbag.py:538} INFO - Filling up the DagBag from /opt/airflow/dags/create_topic.py
[2024-01-06T01:01:31.439+0000] {processor.py:840} INFO - DAG(s) 'create_topic' retrieved from /opt/airflow/dags/create_topic.py
[2024-01-06T01:01:31.455+0000] {logging_mixin.py:188} INFO - [2024-01-06T01:01:31.455+0000] {dag.py:3033} INFO - Sync 1 DAGs
[2024-01-06T01:01:31.467+0000] {logging_mixin.py:188} INFO - [2024-01-06T01:01:31.467+0000] {dag.py:3820} INFO - Setting next_dagrun for create_topic to None, run_after=None
[2024-01-06T01:01:31.476+0000] {processor.py:183} INFO - Processing /opt/airflow/dags/create_topic.py took 0.064 seconds
[2024-01-06T01:02:01.898+0000] {processor.py:161} INFO - Started process (PID=1025) to work on /opt/airflow/dags/create_topic.py
[2024-01-06T01:02:01.898+0000] {processor.py:830} INFO - Processing file /opt/airflow/dags/create_topic.py for tasks to queue
[2024-01-06T01:02:01.901+0000] {logging_mixin.py:188} INFO - [2024-01-06T01:02:01.901+0000] {dagbag.py:538} INFO - Filling up the DagBag from /opt/airflow/dags/create_topic.py
[2024-01-06T01:02:01.918+0000] {processor.py:840} INFO - DAG(s) 'create_topic' retrieved from /opt/airflow/dags/create_topic.py
[2024-01-06T01:02:01.934+0000] {logging_mixin.py:188} INFO - [2024-01-06T01:02:01.934+0000] {dag.py:3033} INFO - Sync 1 DAGs
[2024-01-06T01:02:01.947+0000] {logging_mixin.py:188} INFO - [2024-01-06T01:02:01.947+0000] {dag.py:3820} INFO - Setting next_dagrun for create_topic to None, run_after=None
[2024-01-06T01:02:01.959+0000] {processor.py:183} INFO - Processing /opt/airflow/dags/create_topic.py took 0.064 seconds
[2024-01-06T01:02:32.311+0000] {processor.py:161} INFO - Started process (PID=1034) to work on /opt/airflow/dags/create_topic.py
[2024-01-06T01:02:32.311+0000] {processor.py:830} INFO - Processing file /opt/airflow/dags/create_topic.py for tasks to queue
[2024-01-06T01:02:32.313+0000] {logging_mixin.py:188} INFO - [2024-01-06T01:02:32.313+0000] {dagbag.py:538} INFO - Filling up the DagBag from /opt/airflow/dags/create_topic.py
[2024-01-06T01:02:32.326+0000] {processor.py:840} INFO - DAG(s) 'create_topic' retrieved from /opt/airflow/dags/create_topic.py
[2024-01-06T01:02:32.340+0000] {logging_mixin.py:188} INFO - [2024-01-06T01:02:32.340+0000] {dag.py:3033} INFO - Sync 1 DAGs
[2024-01-06T01:02:32.351+0000] {logging_mixin.py:188} INFO - [2024-01-06T01:02:32.351+0000] {dag.py:3820} INFO - Setting next_dagrun for create_topic to None, run_after=None
[2024-01-06T01:02:32.361+0000] {processor.py:183} INFO - Processing /opt/airflow/dags/create_topic.py took 0.053 seconds
[2024-01-06T01:03:02.757+0000] {processor.py:161} INFO - Started process (PID=1043) to work on /opt/airflow/dags/create_topic.py
[2024-01-06T01:03:02.758+0000] {processor.py:830} INFO - Processing file /opt/airflow/dags/create_topic.py for tasks to queue
[2024-01-06T01:03:02.761+0000] {logging_mixin.py:188} INFO - [2024-01-06T01:03:02.760+0000] {dagbag.py:538} INFO - Filling up the DagBag from /opt/airflow/dags/create_topic.py
[2024-01-06T01:03:02.779+0000] {processor.py:840} INFO - DAG(s) 'create_topic' retrieved from /opt/airflow/dags/create_topic.py
[2024-01-06T01:03:02.795+0000] {logging_mixin.py:188} INFO - [2024-01-06T01:03:02.794+0000] {dag.py:3033} INFO - Sync 1 DAGs
[2024-01-06T01:03:02.807+0000] {logging_mixin.py:188} INFO - [2024-01-06T01:03:02.807+0000] {dag.py:3820} INFO - Setting next_dagrun for create_topic to None, run_after=None
[2024-01-06T01:03:02.817+0000] {processor.py:183} INFO - Processing /opt/airflow/dags/create_topic.py took 0.064 seconds
[2024-01-06T01:03:33.172+0000] {processor.py:161} INFO - Started process (PID=1052) to work on /opt/airflow/dags/create_topic.py
[2024-01-06T01:03:33.173+0000] {processor.py:830} INFO - Processing file /opt/airflow/dags/create_topic.py for tasks to queue
[2024-01-06T01:03:33.175+0000] {logging_mixin.py:188} INFO - [2024-01-06T01:03:33.175+0000] {dagbag.py:538} INFO - Filling up the DagBag from /opt/airflow/dags/create_topic.py
[2024-01-06T01:03:33.191+0000] {processor.py:840} INFO - DAG(s) 'create_topic' retrieved from /opt/airflow/dags/create_topic.py
[2024-01-06T01:03:33.206+0000] {logging_mixin.py:188} INFO - [2024-01-06T01:03:33.206+0000] {dag.py:3033} INFO - Sync 1 DAGs
[2024-01-06T01:03:33.218+0000] {logging_mixin.py:188} INFO - [2024-01-06T01:03:33.218+0000] {dag.py:3820} INFO - Setting next_dagrun for create_topic to None, run_after=None
[2024-01-06T01:03:33.228+0000] {processor.py:183} INFO - Processing /opt/airflow/dags/create_topic.py took 0.058 seconds
[2024-01-06T01:04:03.495+0000] {processor.py:161} INFO - Started process (PID=1061) to work on /opt/airflow/dags/create_topic.py
[2024-01-06T01:04:03.497+0000] {processor.py:830} INFO - Processing file /opt/airflow/dags/create_topic.py for tasks to queue
[2024-01-06T01:04:03.499+0000] {logging_mixin.py:188} INFO - [2024-01-06T01:04:03.499+0000] {dagbag.py:538} INFO - Filling up the DagBag from /opt/airflow/dags/create_topic.py
[2024-01-06T01:04:03.519+0000] {processor.py:840} INFO - DAG(s) 'create_topic' retrieved from /opt/airflow/dags/create_topic.py
[2024-01-06T01:04:03.536+0000] {logging_mixin.py:188} INFO - [2024-01-06T01:04:03.535+0000] {dag.py:3033} INFO - Sync 1 DAGs
[2024-01-06T01:04:03.548+0000] {logging_mixin.py:188} INFO - [2024-01-06T01:04:03.548+0000] {dag.py:3820} INFO - Setting next_dagrun for create_topic to None, run_after=None
[2024-01-06T01:04:03.558+0000] {processor.py:183} INFO - Processing /opt/airflow/dags/create_topic.py took 0.067 seconds
[2024-01-06T01:04:33.849+0000] {processor.py:161} INFO - Started process (PID=1070) to work on /opt/airflow/dags/create_topic.py
[2024-01-06T01:04:33.850+0000] {processor.py:830} INFO - Processing file /opt/airflow/dags/create_topic.py for tasks to queue
[2024-01-06T01:04:33.852+0000] {logging_mixin.py:188} INFO - [2024-01-06T01:04:33.852+0000] {dagbag.py:538} INFO - Filling up the DagBag from /opt/airflow/dags/create_topic.py
[2024-01-06T01:04:33.868+0000] {processor.py:840} INFO - DAG(s) 'create_topic' retrieved from /opt/airflow/dags/create_topic.py
[2024-01-06T01:04:33.885+0000] {logging_mixin.py:188} INFO - [2024-01-06T01:04:33.885+0000] {dag.py:3033} INFO - Sync 1 DAGs
[2024-01-06T01:04:33.898+0000] {logging_mixin.py:188} INFO - [2024-01-06T01:04:33.898+0000] {dag.py:3820} INFO - Setting next_dagrun for create_topic to None, run_after=None
[2024-01-06T01:04:33.909+0000] {processor.py:183} INFO - Processing /opt/airflow/dags/create_topic.py took 0.063 seconds
[2024-01-06T01:05:04.273+0000] {processor.py:161} INFO - Started process (PID=1079) to work on /opt/airflow/dags/create_topic.py
[2024-01-06T01:05:04.274+0000] {processor.py:830} INFO - Processing file /opt/airflow/dags/create_topic.py for tasks to queue
[2024-01-06T01:05:04.276+0000] {logging_mixin.py:188} INFO - [2024-01-06T01:05:04.276+0000] {dagbag.py:538} INFO - Filling up the DagBag from /opt/airflow/dags/create_topic.py
[2024-01-06T01:05:04.292+0000] {processor.py:840} INFO - DAG(s) 'create_topic' retrieved from /opt/airflow/dags/create_topic.py
[2024-01-06T01:05:04.309+0000] {logging_mixin.py:188} INFO - [2024-01-06T01:05:04.309+0000] {dag.py:3033} INFO - Sync 1 DAGs
[2024-01-06T01:05:04.322+0000] {logging_mixin.py:188} INFO - [2024-01-06T01:05:04.321+0000] {dag.py:3820} INFO - Setting next_dagrun for create_topic to None, run_after=None
[2024-01-06T01:05:04.332+0000] {processor.py:183} INFO - Processing /opt/airflow/dags/create_topic.py took 0.063 seconds
[2024-01-06T01:05:34.768+0000] {processor.py:161} INFO - Started process (PID=1088) to work on /opt/airflow/dags/create_topic.py
[2024-01-06T01:05:34.769+0000] {processor.py:830} INFO - Processing file /opt/airflow/dags/create_topic.py for tasks to queue
[2024-01-06T01:05:34.772+0000] {logging_mixin.py:188} INFO - [2024-01-06T01:05:34.772+0000] {dagbag.py:538} INFO - Filling up the DagBag from /opt/airflow/dags/create_topic.py
[2024-01-06T01:05:34.790+0000] {processor.py:840} INFO - DAG(s) 'create_topic' retrieved from /opt/airflow/dags/create_topic.py
[2024-01-06T01:05:34.805+0000] {logging_mixin.py:188} INFO - [2024-01-06T01:05:34.805+0000] {dag.py:3033} INFO - Sync 1 DAGs
[2024-01-06T01:05:34.818+0000] {logging_mixin.py:188} INFO - [2024-01-06T01:05:34.817+0000] {dag.py:3820} INFO - Setting next_dagrun for create_topic to None, run_after=None
[2024-01-06T01:05:34.829+0000] {processor.py:183} INFO - Processing /opt/airflow/dags/create_topic.py took 0.066 seconds
[2024-01-06T01:06:05.174+0000] {processor.py:161} INFO - Started process (PID=1097) to work on /opt/airflow/dags/create_topic.py
[2024-01-06T01:06:05.174+0000] {processor.py:830} INFO - Processing file /opt/airflow/dags/create_topic.py for tasks to queue
[2024-01-06T01:06:05.176+0000] {logging_mixin.py:188} INFO - [2024-01-06T01:06:05.176+0000] {dagbag.py:538} INFO - Filling up the DagBag from /opt/airflow/dags/create_topic.py
[2024-01-06T01:06:05.190+0000] {processor.py:840} INFO - DAG(s) 'create_topic' retrieved from /opt/airflow/dags/create_topic.py
[2024-01-06T01:06:05.207+0000] {logging_mixin.py:188} INFO - [2024-01-06T01:06:05.207+0000] {dag.py:3033} INFO - Sync 1 DAGs
[2024-01-06T01:06:05.220+0000] {logging_mixin.py:188} INFO - [2024-01-06T01:06:05.220+0000] {dag.py:3820} INFO - Setting next_dagrun for create_topic to None, run_after=None
[2024-01-06T01:06:05.231+0000] {processor.py:183} INFO - Processing /opt/airflow/dags/create_topic.py took 0.060 seconds
[2024-01-06T01:06:35.537+0000] {processor.py:161} INFO - Started process (PID=1106) to work on /opt/airflow/dags/create_topic.py
[2024-01-06T01:06:35.539+0000] {processor.py:830} INFO - Processing file /opt/airflow/dags/create_topic.py for tasks to queue
[2024-01-06T01:06:35.543+0000] {logging_mixin.py:188} INFO - [2024-01-06T01:06:35.543+0000] {dagbag.py:538} INFO - Filling up the DagBag from /opt/airflow/dags/create_topic.py
[2024-01-06T01:06:35.569+0000] {processor.py:840} INFO - DAG(s) 'create_topic' retrieved from /opt/airflow/dags/create_topic.py
[2024-01-06T01:06:35.596+0000] {logging_mixin.py:188} INFO - [2024-01-06T01:06:35.596+0000] {dag.py:3033} INFO - Sync 1 DAGs
[2024-01-06T01:06:35.616+0000] {logging_mixin.py:188} INFO - [2024-01-06T01:06:35.616+0000] {dag.py:3820} INFO - Setting next_dagrun for create_topic to None, run_after=None
[2024-01-06T01:06:35.633+0000] {processor.py:183} INFO - Processing /opt/airflow/dags/create_topic.py took 0.101 seconds
[2024-01-06T01:07:05.958+0000] {processor.py:161} INFO - Started process (PID=1115) to work on /opt/airflow/dags/create_topic.py
[2024-01-06T01:07:05.959+0000] {processor.py:830} INFO - Processing file /opt/airflow/dags/create_topic.py for tasks to queue
[2024-01-06T01:07:05.961+0000] {logging_mixin.py:188} INFO - [2024-01-06T01:07:05.961+0000] {dagbag.py:538} INFO - Filling up the DagBag from /opt/airflow/dags/create_topic.py
[2024-01-06T01:07:05.977+0000] {processor.py:840} INFO - DAG(s) 'create_topic' retrieved from /opt/airflow/dags/create_topic.py
[2024-01-06T01:07:05.993+0000] {logging_mixin.py:188} INFO - [2024-01-06T01:07:05.993+0000] {dag.py:3033} INFO - Sync 1 DAGs
[2024-01-06T01:07:06.006+0000] {logging_mixin.py:188} INFO - [2024-01-06T01:07:06.006+0000] {dag.py:3820} INFO - Setting next_dagrun for create_topic to None, run_after=None
[2024-01-06T01:07:06.016+0000] {processor.py:183} INFO - Processing /opt/airflow/dags/create_topic.py took 0.061 seconds
[2024-01-06T01:07:36.317+0000] {processor.py:161} INFO - Started process (PID=1124) to work on /opt/airflow/dags/create_topic.py
[2024-01-06T01:07:36.319+0000] {processor.py:830} INFO - Processing file /opt/airflow/dags/create_topic.py for tasks to queue
[2024-01-06T01:07:36.321+0000] {logging_mixin.py:188} INFO - [2024-01-06T01:07:36.321+0000] {dagbag.py:538} INFO - Filling up the DagBag from /opt/airflow/dags/create_topic.py
[2024-01-06T01:07:36.340+0000] {processor.py:840} INFO - DAG(s) 'create_topic' retrieved from /opt/airflow/dags/create_topic.py
[2024-01-06T01:07:36.356+0000] {logging_mixin.py:188} INFO - [2024-01-06T01:07:36.356+0000] {dag.py:3033} INFO - Sync 1 DAGs
[2024-01-06T01:07:36.369+0000] {logging_mixin.py:188} INFO - [2024-01-06T01:07:36.369+0000] {dag.py:3820} INFO - Setting next_dagrun for create_topic to None, run_after=None
[2024-01-06T01:07:36.382+0000] {processor.py:183} INFO - Processing /opt/airflow/dags/create_topic.py took 0.069 seconds
[2024-01-06T01:08:06.835+0000] {processor.py:161} INFO - Started process (PID=1133) to work on /opt/airflow/dags/create_topic.py
[2024-01-06T01:08:06.836+0000] {processor.py:830} INFO - Processing file /opt/airflow/dags/create_topic.py for tasks to queue
[2024-01-06T01:08:06.838+0000] {logging_mixin.py:188} INFO - [2024-01-06T01:08:06.838+0000] {dagbag.py:538} INFO - Filling up the DagBag from /opt/airflow/dags/create_topic.py
[2024-01-06T01:08:06.855+0000] {processor.py:840} INFO - DAG(s) 'create_topic' retrieved from /opt/airflow/dags/create_topic.py
[2024-01-06T01:08:06.871+0000] {logging_mixin.py:188} INFO - [2024-01-06T01:08:06.871+0000] {dag.py:3033} INFO - Sync 1 DAGs
[2024-01-06T01:08:06.883+0000] {logging_mixin.py:188} INFO - [2024-01-06T01:08:06.883+0000] {dag.py:3820} INFO - Setting next_dagrun for create_topic to None, run_after=None
[2024-01-06T01:08:06.893+0000] {processor.py:183} INFO - Processing /opt/airflow/dags/create_topic.py took 0.061 seconds
[2024-01-06T01:08:37.252+0000] {processor.py:161} INFO - Started process (PID=1142) to work on /opt/airflow/dags/create_topic.py
[2024-01-06T01:08:37.254+0000] {processor.py:830} INFO - Processing file /opt/airflow/dags/create_topic.py for tasks to queue
[2024-01-06T01:08:37.258+0000] {logging_mixin.py:188} INFO - [2024-01-06T01:08:37.258+0000] {dagbag.py:538} INFO - Filling up the DagBag from /opt/airflow/dags/create_topic.py
[2024-01-06T01:08:37.278+0000] {processor.py:840} INFO - DAG(s) 'create_topic' retrieved from /opt/airflow/dags/create_topic.py
[2024-01-06T01:08:37.294+0000] {logging_mixin.py:188} INFO - [2024-01-06T01:08:37.294+0000] {dag.py:3033} INFO - Sync 1 DAGs
[2024-01-06T01:08:37.306+0000] {logging_mixin.py:188} INFO - [2024-01-06T01:08:37.306+0000] {dag.py:3820} INFO - Setting next_dagrun for create_topic to None, run_after=None
[2024-01-06T01:08:37.316+0000] {processor.py:183} INFO - Processing /opt/airflow/dags/create_topic.py took 0.069 seconds
[2024-01-06T01:09:07.647+0000] {processor.py:161} INFO - Started process (PID=1151) to work on /opt/airflow/dags/create_topic.py
[2024-01-06T01:09:07.648+0000] {processor.py:830} INFO - Processing file /opt/airflow/dags/create_topic.py for tasks to queue
[2024-01-06T01:09:07.652+0000] {logging_mixin.py:188} INFO - [2024-01-06T01:09:07.652+0000] {dagbag.py:538} INFO - Filling up the DagBag from /opt/airflow/dags/create_topic.py
[2024-01-06T01:09:07.676+0000] {processor.py:840} INFO - DAG(s) 'create_topic' retrieved from /opt/airflow/dags/create_topic.py
[2024-01-06T01:09:07.692+0000] {logging_mixin.py:188} INFO - [2024-01-06T01:09:07.692+0000] {dag.py:3033} INFO - Sync 1 DAGs
[2024-01-06T01:09:07.705+0000] {logging_mixin.py:188} INFO - [2024-01-06T01:09:07.704+0000] {dag.py:3820} INFO - Setting next_dagrun for create_topic to None, run_after=None
[2024-01-06T01:09:07.715+0000] {processor.py:183} INFO - Processing /opt/airflow/dags/create_topic.py took 0.072 seconds
[2024-01-06T01:09:38.009+0000] {processor.py:161} INFO - Started process (PID=1160) to work on /opt/airflow/dags/create_topic.py
[2024-01-06T01:09:38.010+0000] {processor.py:830} INFO - Processing file /opt/airflow/dags/create_topic.py for tasks to queue
[2024-01-06T01:09:38.012+0000] {logging_mixin.py:188} INFO - [2024-01-06T01:09:38.012+0000] {dagbag.py:538} INFO - Filling up the DagBag from /opt/airflow/dags/create_topic.py
[2024-01-06T01:09:38.028+0000] {processor.py:840} INFO - DAG(s) 'create_topic' retrieved from /opt/airflow/dags/create_topic.py
[2024-01-06T01:09:38.044+0000] {logging_mixin.py:188} INFO - [2024-01-06T01:09:38.044+0000] {dag.py:3033} INFO - Sync 1 DAGs
[2024-01-06T01:09:38.058+0000] {logging_mixin.py:188} INFO - [2024-01-06T01:09:38.058+0000] {dag.py:3820} INFO - Setting next_dagrun for create_topic to None, run_after=None
[2024-01-06T01:09:38.069+0000] {processor.py:183} INFO - Processing /opt/airflow/dags/create_topic.py took 0.062 seconds
[2024-01-06T01:10:08.432+0000] {processor.py:161} INFO - Started process (PID=1169) to work on /opt/airflow/dags/create_topic.py
[2024-01-06T01:10:08.433+0000] {processor.py:830} INFO - Processing file /opt/airflow/dags/create_topic.py for tasks to queue
[2024-01-06T01:10:08.435+0000] {logging_mixin.py:188} INFO - [2024-01-06T01:10:08.435+0000] {dagbag.py:538} INFO - Filling up the DagBag from /opt/airflow/dags/create_topic.py
[2024-01-06T01:10:08.452+0000] {processor.py:840} INFO - DAG(s) 'create_topic' retrieved from /opt/airflow/dags/create_topic.py
[2024-01-06T01:10:08.468+0000] {logging_mixin.py:188} INFO - [2024-01-06T01:10:08.468+0000] {dag.py:3033} INFO - Sync 1 DAGs
[2024-01-06T01:10:08.480+0000] {logging_mixin.py:188} INFO - [2024-01-06T01:10:08.480+0000] {dag.py:3820} INFO - Setting next_dagrun for create_topic to None, run_after=None
[2024-01-06T01:10:08.489+0000] {processor.py:183} INFO - Processing /opt/airflow/dags/create_topic.py took 0.061 seconds
[2024-01-06T01:10:38.769+0000] {processor.py:161} INFO - Started process (PID=1178) to work on /opt/airflow/dags/create_topic.py
[2024-01-06T01:10:38.773+0000] {processor.py:830} INFO - Processing file /opt/airflow/dags/create_topic.py for tasks to queue
[2024-01-06T01:10:38.777+0000] {logging_mixin.py:188} INFO - [2024-01-06T01:10:38.777+0000] {dagbag.py:538} INFO - Filling up the DagBag from /opt/airflow/dags/create_topic.py
[2024-01-06T01:10:38.792+0000] {processor.py:840} INFO - DAG(s) 'create_topic' retrieved from /opt/airflow/dags/create_topic.py
[2024-01-06T01:10:38.809+0000] {logging_mixin.py:188} INFO - [2024-01-06T01:10:38.809+0000] {dag.py:3033} INFO - Sync 1 DAGs
[2024-01-06T01:10:38.823+0000] {logging_mixin.py:188} INFO - [2024-01-06T01:10:38.823+0000] {dag.py:3820} INFO - Setting next_dagrun for create_topic to None, run_after=None
[2024-01-06T01:10:38.833+0000] {processor.py:183} INFO - Processing /opt/airflow/dags/create_topic.py took 0.067 seconds
[2024-01-06T01:11:09.234+0000] {processor.py:161} INFO - Started process (PID=1187) to work on /opt/airflow/dags/create_topic.py
[2024-01-06T01:11:09.235+0000] {processor.py:830} INFO - Processing file /opt/airflow/dags/create_topic.py for tasks to queue
[2024-01-06T01:11:09.237+0000] {logging_mixin.py:188} INFO - [2024-01-06T01:11:09.236+0000] {dagbag.py:538} INFO - Filling up the DagBag from /opt/airflow/dags/create_topic.py
[2024-01-06T01:11:09.250+0000] {processor.py:840} INFO - DAG(s) 'create_topic' retrieved from /opt/airflow/dags/create_topic.py
[2024-01-06T01:11:09.265+0000] {logging_mixin.py:188} INFO - [2024-01-06T01:11:09.265+0000] {dag.py:3033} INFO - Sync 1 DAGs
[2024-01-06T01:11:09.277+0000] {logging_mixin.py:188} INFO - [2024-01-06T01:11:09.277+0000] {dag.py:3820} INFO - Setting next_dagrun for create_topic to None, run_after=None
[2024-01-06T01:11:09.288+0000] {processor.py:183} INFO - Processing /opt/airflow/dags/create_topic.py took 0.056 seconds
[2024-01-06T01:11:39.652+0000] {processor.py:161} INFO - Started process (PID=1196) to work on /opt/airflow/dags/create_topic.py
[2024-01-06T01:11:39.653+0000] {processor.py:830} INFO - Processing file /opt/airflow/dags/create_topic.py for tasks to queue
[2024-01-06T01:11:39.655+0000] {logging_mixin.py:188} INFO - [2024-01-06T01:11:39.655+0000] {dagbag.py:538} INFO - Filling up the DagBag from /opt/airflow/dags/create_topic.py
[2024-01-06T01:11:39.674+0000] {processor.py:840} INFO - DAG(s) 'create_topic' retrieved from /opt/airflow/dags/create_topic.py
[2024-01-06T01:11:39.691+0000] {logging_mixin.py:188} INFO - [2024-01-06T01:11:39.691+0000] {dag.py:3033} INFO - Sync 1 DAGs
[2024-01-06T01:11:39.703+0000] {logging_mixin.py:188} INFO - [2024-01-06T01:11:39.703+0000] {dag.py:3820} INFO - Setting next_dagrun for create_topic to None, run_after=None
[2024-01-06T01:11:39.714+0000] {processor.py:183} INFO - Processing /opt/airflow/dags/create_topic.py took 0.065 seconds
[2024-01-06T01:12:10.082+0000] {processor.py:161} INFO - Started process (PID=1205) to work on /opt/airflow/dags/create_topic.py
[2024-01-06T01:12:10.082+0000] {processor.py:830} INFO - Processing file /opt/airflow/dags/create_topic.py for tasks to queue
[2024-01-06T01:12:10.084+0000] {logging_mixin.py:188} INFO - [2024-01-06T01:12:10.084+0000] {dagbag.py:538} INFO - Filling up the DagBag from /opt/airflow/dags/create_topic.py
[2024-01-06T01:12:10.098+0000] {processor.py:840} INFO - DAG(s) 'create_topic' retrieved from /opt/airflow/dags/create_topic.py
[2024-01-06T01:12:10.114+0000] {logging_mixin.py:188} INFO - [2024-01-06T01:12:10.113+0000] {dag.py:3033} INFO - Sync 1 DAGs
[2024-01-06T01:12:10.128+0000] {logging_mixin.py:188} INFO - [2024-01-06T01:12:10.128+0000] {dag.py:3820} INFO - Setting next_dagrun for create_topic to None, run_after=None
[2024-01-06T01:12:10.139+0000] {processor.py:183} INFO - Processing /opt/airflow/dags/create_topic.py took 0.060 seconds
[2024-01-06T01:12:40.470+0000] {processor.py:161} INFO - Started process (PID=1214) to work on /opt/airflow/dags/create_topic.py
[2024-01-06T01:12:40.471+0000] {processor.py:830} INFO - Processing file /opt/airflow/dags/create_topic.py for tasks to queue
[2024-01-06T01:12:40.474+0000] {logging_mixin.py:188} INFO - [2024-01-06T01:12:40.474+0000] {dagbag.py:538} INFO - Filling up the DagBag from /opt/airflow/dags/create_topic.py
[2024-01-06T01:12:40.491+0000] {processor.py:840} INFO - DAG(s) 'create_topic' retrieved from /opt/airflow/dags/create_topic.py
[2024-01-06T01:12:40.508+0000] {logging_mixin.py:188} INFO - [2024-01-06T01:12:40.508+0000] {dag.py:3033} INFO - Sync 1 DAGs
[2024-01-06T01:12:40.520+0000] {logging_mixin.py:188} INFO - [2024-01-06T01:12:40.520+0000] {dag.py:3820} INFO - Setting next_dagrun for create_topic to None, run_after=None
[2024-01-06T01:12:40.529+0000] {processor.py:183} INFO - Processing /opt/airflow/dags/create_topic.py took 0.062 seconds
[2024-01-06T01:13:10.925+0000] {processor.py:161} INFO - Started process (PID=1223) to work on /opt/airflow/dags/create_topic.py
[2024-01-06T01:13:10.926+0000] {processor.py:830} INFO - Processing file /opt/airflow/dags/create_topic.py for tasks to queue
[2024-01-06T01:13:10.929+0000] {logging_mixin.py:188} INFO - [2024-01-06T01:13:10.928+0000] {dagbag.py:538} INFO - Filling up the DagBag from /opt/airflow/dags/create_topic.py
[2024-01-06T01:13:10.947+0000] {processor.py:840} INFO - DAG(s) 'create_topic' retrieved from /opt/airflow/dags/create_topic.py
[2024-01-06T01:13:10.967+0000] {logging_mixin.py:188} INFO - [2024-01-06T01:13:10.967+0000] {dag.py:3033} INFO - Sync 1 DAGs
[2024-01-06T01:13:10.980+0000] {logging_mixin.py:188} INFO - [2024-01-06T01:13:10.980+0000] {dag.py:3820} INFO - Setting next_dagrun for create_topic to None, run_after=None
[2024-01-06T01:13:11.007+0000] {processor.py:183} INFO - Processing /opt/airflow/dags/create_topic.py took 0.085 seconds
[2024-01-06T01:13:41.346+0000] {processor.py:161} INFO - Started process (PID=1232) to work on /opt/airflow/dags/create_topic.py
[2024-01-06T01:13:41.346+0000] {processor.py:830} INFO - Processing file /opt/airflow/dags/create_topic.py for tasks to queue
[2024-01-06T01:13:41.348+0000] {logging_mixin.py:188} INFO - [2024-01-06T01:13:41.348+0000] {dagbag.py:538} INFO - Filling up the DagBag from /opt/airflow/dags/create_topic.py
[2024-01-06T01:13:41.362+0000] {processor.py:840} INFO - DAG(s) 'create_topic' retrieved from /opt/airflow/dags/create_topic.py
[2024-01-06T01:13:41.376+0000] {logging_mixin.py:188} INFO - [2024-01-06T01:13:41.376+0000] {dag.py:3033} INFO - Sync 1 DAGs
[2024-01-06T01:13:41.387+0000] {logging_mixin.py:188} INFO - [2024-01-06T01:13:41.387+0000] {dag.py:3820} INFO - Setting next_dagrun for create_topic to None, run_after=None
[2024-01-06T01:13:41.397+0000] {processor.py:183} INFO - Processing /opt/airflow/dags/create_topic.py took 0.054 seconds
[2024-01-06T01:14:11.681+0000] {processor.py:161} INFO - Started process (PID=1241) to work on /opt/airflow/dags/create_topic.py
[2024-01-06T01:14:11.682+0000] {processor.py:830} INFO - Processing file /opt/airflow/dags/create_topic.py for tasks to queue
[2024-01-06T01:14:11.684+0000] {logging_mixin.py:188} INFO - [2024-01-06T01:14:11.684+0000] {dagbag.py:538} INFO - Filling up the DagBag from /opt/airflow/dags/create_topic.py
[2024-01-06T01:14:11.697+0000] {processor.py:840} INFO - DAG(s) 'create_topic' retrieved from /opt/airflow/dags/create_topic.py
[2024-01-06T01:14:11.712+0000] {logging_mixin.py:188} INFO - [2024-01-06T01:14:11.712+0000] {dag.py:3033} INFO - Sync 1 DAGs
[2024-01-06T01:14:11.723+0000] {logging_mixin.py:188} INFO - [2024-01-06T01:14:11.723+0000] {dag.py:3820} INFO - Setting next_dagrun for create_topic to None, run_after=None
[2024-01-06T01:14:11.733+0000] {processor.py:183} INFO - Processing /opt/airflow/dags/create_topic.py took 0.054 seconds
[2024-01-06T01:14:42.015+0000] {processor.py:161} INFO - Started process (PID=1250) to work on /opt/airflow/dags/create_topic.py
[2024-01-06T01:14:42.016+0000] {processor.py:830} INFO - Processing file /opt/airflow/dags/create_topic.py for tasks to queue
[2024-01-06T01:14:42.019+0000] {logging_mixin.py:188} INFO - [2024-01-06T01:14:42.019+0000] {dagbag.py:538} INFO - Filling up the DagBag from /opt/airflow/dags/create_topic.py
[2024-01-06T01:14:42.036+0000] {processor.py:840} INFO - DAG(s) 'create_topic' retrieved from /opt/airflow/dags/create_topic.py
[2024-01-06T01:14:42.053+0000] {logging_mixin.py:188} INFO - [2024-01-06T01:14:42.053+0000] {dag.py:3033} INFO - Sync 1 DAGs
[2024-01-06T01:14:42.065+0000] {logging_mixin.py:188} INFO - [2024-01-06T01:14:42.065+0000] {dag.py:3820} INFO - Setting next_dagrun for create_topic to None, run_after=None
[2024-01-06T01:14:42.075+0000] {processor.py:183} INFO - Processing /opt/airflow/dags/create_topic.py took 0.063 seconds
[2024-01-06T01:15:12.465+0000] {processor.py:161} INFO - Started process (PID=1259) to work on /opt/airflow/dags/create_topic.py
[2024-01-06T01:15:12.466+0000] {processor.py:830} INFO - Processing file /opt/airflow/dags/create_topic.py for tasks to queue
[2024-01-06T01:15:12.468+0000] {logging_mixin.py:188} INFO - [2024-01-06T01:15:12.468+0000] {dagbag.py:538} INFO - Filling up the DagBag from /opt/airflow/dags/create_topic.py
[2024-01-06T01:15:12.484+0000] {processor.py:840} INFO - DAG(s) 'create_topic' retrieved from /opt/airflow/dags/create_topic.py
[2024-01-06T01:15:12.498+0000] {logging_mixin.py:188} INFO - [2024-01-06T01:15:12.498+0000] {dag.py:3033} INFO - Sync 1 DAGs
[2024-01-06T01:15:12.511+0000] {logging_mixin.py:188} INFO - [2024-01-06T01:15:12.510+0000] {dag.py:3820} INFO - Setting next_dagrun for create_topic to None, run_after=None
[2024-01-06T01:15:12.521+0000] {processor.py:183} INFO - Processing /opt/airflow/dags/create_topic.py took 0.058 seconds
[2024-01-06T01:15:42.923+0000] {processor.py:161} INFO - Started process (PID=1268) to work on /opt/airflow/dags/create_topic.py
[2024-01-06T01:15:42.924+0000] {processor.py:830} INFO - Processing file /opt/airflow/dags/create_topic.py for tasks to queue
[2024-01-06T01:15:42.927+0000] {logging_mixin.py:188} INFO - [2024-01-06T01:15:42.926+0000] {dagbag.py:538} INFO - Filling up the DagBag from /opt/airflow/dags/create_topic.py
[2024-01-06T01:15:42.946+0000] {processor.py:840} INFO - DAG(s) 'create_topic' retrieved from /opt/airflow/dags/create_topic.py
[2024-01-06T01:15:42.962+0000] {logging_mixin.py:188} INFO - [2024-01-06T01:15:42.962+0000] {dag.py:3033} INFO - Sync 1 DAGs
[2024-01-06T01:15:42.974+0000] {logging_mixin.py:188} INFO - [2024-01-06T01:15:42.974+0000] {dag.py:3820} INFO - Setting next_dagrun for create_topic to None, run_after=None
[2024-01-06T01:15:42.985+0000] {processor.py:183} INFO - Processing /opt/airflow/dags/create_topic.py took 0.067 seconds
[2024-01-06T01:16:13.381+0000] {processor.py:161} INFO - Started process (PID=1277) to work on /opt/airflow/dags/create_topic.py
[2024-01-06T01:16:13.382+0000] {processor.py:830} INFO - Processing file /opt/airflow/dags/create_topic.py for tasks to queue
[2024-01-06T01:16:13.384+0000] {logging_mixin.py:188} INFO - [2024-01-06T01:16:13.384+0000] {dagbag.py:538} INFO - Filling up the DagBag from /opt/airflow/dags/create_topic.py
[2024-01-06T01:16:13.401+0000] {processor.py:840} INFO - DAG(s) 'create_topic' retrieved from /opt/airflow/dags/create_topic.py
[2024-01-06T01:16:13.416+0000] {logging_mixin.py:188} INFO - [2024-01-06T01:16:13.416+0000] {dag.py:3033} INFO - Sync 1 DAGs
[2024-01-06T01:16:13.427+0000] {logging_mixin.py:188} INFO - [2024-01-06T01:16:13.427+0000] {dag.py:3820} INFO - Setting next_dagrun for create_topic to None, run_after=None
[2024-01-06T01:16:13.437+0000] {processor.py:183} INFO - Processing /opt/airflow/dags/create_topic.py took 0.061 seconds
[2024-01-06T01:16:43.806+0000] {processor.py:161} INFO - Started process (PID=1286) to work on /opt/airflow/dags/create_topic.py
[2024-01-06T01:16:43.808+0000] {processor.py:830} INFO - Processing file /opt/airflow/dags/create_topic.py for tasks to queue
[2024-01-06T01:16:43.810+0000] {logging_mixin.py:188} INFO - [2024-01-06T01:16:43.809+0000] {dagbag.py:538} INFO - Filling up the DagBag from /opt/airflow/dags/create_topic.py
[2024-01-06T01:16:43.826+0000] {processor.py:840} INFO - DAG(s) 'create_topic' retrieved from /opt/airflow/dags/create_topic.py
[2024-01-06T01:16:43.844+0000] {logging_mixin.py:188} INFO - [2024-01-06T01:16:43.844+0000] {dag.py:3033} INFO - Sync 1 DAGs
[2024-01-06T01:16:43.857+0000] {logging_mixin.py:188} INFO - [2024-01-06T01:16:43.857+0000] {dag.py:3820} INFO - Setting next_dagrun for create_topic to None, run_after=None
[2024-01-06T01:16:43.868+0000] {processor.py:183} INFO - Processing /opt/airflow/dags/create_topic.py took 0.064 seconds
[2024-01-06T01:17:14.211+0000] {processor.py:161} INFO - Started process (PID=1295) to work on /opt/airflow/dags/create_topic.py
[2024-01-06T01:17:14.213+0000] {processor.py:830} INFO - Processing file /opt/airflow/dags/create_topic.py for tasks to queue
[2024-01-06T01:17:14.217+0000] {logging_mixin.py:188} INFO - [2024-01-06T01:17:14.216+0000] {dagbag.py:538} INFO - Filling up the DagBag from /opt/airflow/dags/create_topic.py
[2024-01-06T01:17:14.238+0000] {processor.py:840} INFO - DAG(s) 'create_topic' retrieved from /opt/airflow/dags/create_topic.py
[2024-01-06T01:17:14.253+0000] {logging_mixin.py:188} INFO - [2024-01-06T01:17:14.253+0000] {dag.py:3033} INFO - Sync 1 DAGs
[2024-01-06T01:17:14.265+0000] {logging_mixin.py:188} INFO - [2024-01-06T01:17:14.265+0000] {dag.py:3820} INFO - Setting next_dagrun for create_topic to None, run_after=None
[2024-01-06T01:17:14.276+0000] {processor.py:183} INFO - Processing /opt/airflow/dags/create_topic.py took 0.069 seconds
[2024-01-06T01:17:44.559+0000] {processor.py:161} INFO - Started process (PID=1304) to work on /opt/airflow/dags/create_topic.py
[2024-01-06T01:17:44.559+0000] {processor.py:830} INFO - Processing file /opt/airflow/dags/create_topic.py for tasks to queue
[2024-01-06T01:17:44.562+0000] {logging_mixin.py:188} INFO - [2024-01-06T01:17:44.561+0000] {dagbag.py:538} INFO - Filling up the DagBag from /opt/airflow/dags/create_topic.py
[2024-01-06T01:17:44.575+0000] {processor.py:840} INFO - DAG(s) 'create_topic' retrieved from /opt/airflow/dags/create_topic.py
[2024-01-06T01:17:44.590+0000] {logging_mixin.py:188} INFO - [2024-01-06T01:17:44.590+0000] {dag.py:3033} INFO - Sync 1 DAGs
[2024-01-06T01:17:44.603+0000] {logging_mixin.py:188} INFO - [2024-01-06T01:17:44.603+0000] {dag.py:3820} INFO - Setting next_dagrun for create_topic to None, run_after=None
[2024-01-06T01:17:44.613+0000] {processor.py:183} INFO - Processing /opt/airflow/dags/create_topic.py took 0.057 seconds
[2024-01-06T01:18:14.894+0000] {processor.py:161} INFO - Started process (PID=1313) to work on /opt/airflow/dags/create_topic.py
[2024-01-06T01:18:14.894+0000] {processor.py:830} INFO - Processing file /opt/airflow/dags/create_topic.py for tasks to queue
[2024-01-06T01:18:14.896+0000] {logging_mixin.py:188} INFO - [2024-01-06T01:18:14.896+0000] {dagbag.py:538} INFO - Filling up the DagBag from /opt/airflow/dags/create_topic.py
[2024-01-06T01:18:14.909+0000] {processor.py:840} INFO - DAG(s) 'create_topic' retrieved from /opt/airflow/dags/create_topic.py
[2024-01-06T01:18:14.925+0000] {logging_mixin.py:188} INFO - [2024-01-06T01:18:14.924+0000] {dag.py:3033} INFO - Sync 1 DAGs
[2024-01-06T01:18:14.937+0000] {logging_mixin.py:188} INFO - [2024-01-06T01:18:14.937+0000] {dag.py:3820} INFO - Setting next_dagrun for create_topic to None, run_after=None
[2024-01-06T01:18:14.948+0000] {processor.py:183} INFO - Processing /opt/airflow/dags/create_topic.py took 0.056 seconds
[2024-01-06T01:18:45.348+0000] {processor.py:161} INFO - Started process (PID=1322) to work on /opt/airflow/dags/create_topic.py
[2024-01-06T01:18:45.349+0000] {processor.py:830} INFO - Processing file /opt/airflow/dags/create_topic.py for tasks to queue
[2024-01-06T01:18:45.352+0000] {logging_mixin.py:188} INFO - [2024-01-06T01:18:45.352+0000] {dagbag.py:538} INFO - Filling up the DagBag from /opt/airflow/dags/create_topic.py
[2024-01-06T01:18:45.372+0000] {processor.py:840} INFO - DAG(s) 'create_topic' retrieved from /opt/airflow/dags/create_topic.py
[2024-01-06T01:18:45.394+0000] {logging_mixin.py:188} INFO - [2024-01-06T01:18:45.394+0000] {dag.py:3033} INFO - Sync 1 DAGs
[2024-01-06T01:18:45.410+0000] {logging_mixin.py:188} INFO - [2024-01-06T01:18:45.410+0000] {dag.py:3820} INFO - Setting next_dagrun for create_topic to None, run_after=None
[2024-01-06T01:18:45.421+0000] {processor.py:183} INFO - Processing /opt/airflow/dags/create_topic.py took 0.077 seconds
[2024-01-06T01:19:15.781+0000] {processor.py:161} INFO - Started process (PID=1331) to work on /opt/airflow/dags/create_topic.py
[2024-01-06T01:19:15.781+0000] {processor.py:830} INFO - Processing file /opt/airflow/dags/create_topic.py for tasks to queue
[2024-01-06T01:19:15.783+0000] {logging_mixin.py:188} INFO - [2024-01-06T01:19:15.783+0000] {dagbag.py:538} INFO - Filling up the DagBag from /opt/airflow/dags/create_topic.py
[2024-01-06T01:19:15.797+0000] {processor.py:840} INFO - DAG(s) 'create_topic' retrieved from /opt/airflow/dags/create_topic.py
[2024-01-06T01:19:15.813+0000] {logging_mixin.py:188} INFO - [2024-01-06T01:19:15.813+0000] {dag.py:3033} INFO - Sync 1 DAGs
[2024-01-06T01:19:15.825+0000] {logging_mixin.py:188} INFO - [2024-01-06T01:19:15.825+0000] {dag.py:3820} INFO - Setting next_dagrun for create_topic to None, run_after=None
[2024-01-06T01:19:15.837+0000] {processor.py:183} INFO - Processing /opt/airflow/dags/create_topic.py took 0.059 seconds
[2024-01-06T01:19:46.179+0000] {processor.py:161} INFO - Started process (PID=1340) to work on /opt/airflow/dags/create_topic.py
[2024-01-06T01:19:46.180+0000] {processor.py:830} INFO - Processing file /opt/airflow/dags/create_topic.py for tasks to queue
[2024-01-06T01:19:46.182+0000] {logging_mixin.py:188} INFO - [2024-01-06T01:19:46.182+0000] {dagbag.py:538} INFO - Filling up the DagBag from /opt/airflow/dags/create_topic.py
[2024-01-06T01:19:46.205+0000] {processor.py:840} INFO - DAG(s) 'create_topic' retrieved from /opt/airflow/dags/create_topic.py
[2024-01-06T01:19:46.221+0000] {logging_mixin.py:188} INFO - [2024-01-06T01:19:46.220+0000] {dag.py:3033} INFO - Sync 1 DAGs
[2024-01-06T01:19:46.233+0000] {logging_mixin.py:188} INFO - [2024-01-06T01:19:46.233+0000] {dag.py:3820} INFO - Setting next_dagrun for create_topic to None, run_after=None
[2024-01-06T01:19:46.242+0000] {processor.py:183} INFO - Processing /opt/airflow/dags/create_topic.py took 0.068 seconds
[2024-01-06T01:20:16.567+0000] {processor.py:161} INFO - Started process (PID=1349) to work on /opt/airflow/dags/create_topic.py
[2024-01-06T01:20:16.568+0000] {processor.py:830} INFO - Processing file /opt/airflow/dags/create_topic.py for tasks to queue
[2024-01-06T01:20:16.572+0000] {logging_mixin.py:188} INFO - [2024-01-06T01:20:16.571+0000] {dagbag.py:538} INFO - Filling up the DagBag from /opt/airflow/dags/create_topic.py
[2024-01-06T01:20:16.594+0000] {processor.py:840} INFO - DAG(s) 'create_topic' retrieved from /opt/airflow/dags/create_topic.py
[2024-01-06T01:20:16.614+0000] {logging_mixin.py:188} INFO - [2024-01-06T01:20:16.614+0000] {dag.py:3033} INFO - Sync 1 DAGs
[2024-01-06T01:20:16.629+0000] {logging_mixin.py:188} INFO - [2024-01-06T01:20:16.629+0000] {dag.py:3820} INFO - Setting next_dagrun for create_topic to None, run_after=None
[2024-01-06T01:20:16.639+0000] {processor.py:183} INFO - Processing /opt/airflow/dags/create_topic.py took 0.078 seconds
[2024-01-06T01:20:47.027+0000] {processor.py:161} INFO - Started process (PID=1358) to work on /opt/airflow/dags/create_topic.py
[2024-01-06T01:20:47.028+0000] {processor.py:830} INFO - Processing file /opt/airflow/dags/create_topic.py for tasks to queue
[2024-01-06T01:20:47.030+0000] {logging_mixin.py:188} INFO - [2024-01-06T01:20:47.030+0000] {dagbag.py:538} INFO - Filling up the DagBag from /opt/airflow/dags/create_topic.py
[2024-01-06T01:20:47.046+0000] {processor.py:840} INFO - DAG(s) 'create_topic' retrieved from /opt/airflow/dags/create_topic.py
[2024-01-06T01:20:47.064+0000] {logging_mixin.py:188} INFO - [2024-01-06T01:20:47.064+0000] {dag.py:3033} INFO - Sync 1 DAGs
[2024-01-06T01:20:47.078+0000] {logging_mixin.py:188} INFO - [2024-01-06T01:20:47.078+0000] {dag.py:3820} INFO - Setting next_dagrun for create_topic to None, run_after=None
[2024-01-06T01:20:47.090+0000] {processor.py:183} INFO - Processing /opt/airflow/dags/create_topic.py took 0.066 seconds
