[2024-01-06T00:05:28.410+0000] {processor.py:161} INFO - Started process (PID=692) to work on /opt/airflow/dags/dummy_dag.py
[2024-01-06T00:05:28.411+0000] {processor.py:830} INFO - Processing file /opt/airflow/dags/dummy_dag.py for tasks to queue
[2024-01-06T00:05:28.414+0000] {logging_mixin.py:188} INFO - [2024-01-06T00:05:28.413+0000] {dagbag.py:538} INFO - Filling up the DagBag from /opt/airflow/dags/dummy_dag.py
[2024-01-06T00:05:28.423+0000] {processor.py:840} INFO - DAG(s) 'dummy_dag' retrieved from /opt/airflow/dags/dummy_dag.py
[2024-01-06T00:05:28.442+0000] {logging_mixin.py:188} INFO - [2024-01-06T00:05:28.442+0000] {dag.py:3033} INFO - Sync 1 DAGs
[2024-01-06T00:05:28.455+0000] {logging_mixin.py:188} INFO - [2024-01-06T00:05:28.455+0000] {dag.py:3820} INFO - Setting next_dagrun for dummy_dag to None, run_after=None
[2024-01-06T00:05:28.468+0000] {processor.py:183} INFO - Processing /opt/airflow/dags/dummy_dag.py took 0.060 seconds
[2024-01-06T00:16:55.660+0000] {processor.py:161} INFO - Started process (PID=701) to work on /opt/airflow/dags/dummy_dag.py
[2024-01-06T00:16:55.662+0000] {processor.py:830} INFO - Processing file /opt/airflow/dags/dummy_dag.py for tasks to queue
[2024-01-06T00:16:55.663+0000] {logging_mixin.py:188} INFO - [2024-01-06T00:16:55.663+0000] {dagbag.py:538} INFO - Filling up the DagBag from /opt/airflow/dags/dummy_dag.py
[2024-01-06T00:16:55.675+0000] {processor.py:840} INFO - DAG(s) 'dummy_dag' retrieved from /opt/airflow/dags/dummy_dag.py
[2024-01-06T00:16:55.694+0000] {logging_mixin.py:188} INFO - [2024-01-06T00:16:55.694+0000] {dag.py:3033} INFO - Sync 1 DAGs
[2024-01-06T00:16:55.712+0000] {logging_mixin.py:188} INFO - [2024-01-06T00:16:55.712+0000] {dag.py:3820} INFO - Setting next_dagrun for dummy_dag to None, run_after=None
[2024-01-06T00:16:55.727+0000] {processor.py:183} INFO - Processing /opt/airflow/dags/dummy_dag.py took 0.069 seconds
[2024-01-06T00:33:11.387+0000] {processor.py:161} INFO - Started process (PID=710) to work on /opt/airflow/dags/dummy_dag.py
[2024-01-06T00:33:11.387+0000] {processor.py:830} INFO - Processing file /opt/airflow/dags/dummy_dag.py for tasks to queue
[2024-01-06T00:33:11.389+0000] {logging_mixin.py:188} INFO - [2024-01-06T00:33:11.389+0000] {dagbag.py:538} INFO - Filling up the DagBag from /opt/airflow/dags/dummy_dag.py
[2024-01-06T00:33:11.400+0000] {processor.py:840} INFO - DAG(s) 'dummy_dag' retrieved from /opt/airflow/dags/dummy_dag.py
[2024-01-06T00:33:11.416+0000] {logging_mixin.py:188} INFO - [2024-01-06T00:33:11.416+0000] {dag.py:3033} INFO - Sync 1 DAGs
[2024-01-06T00:33:11.429+0000] {logging_mixin.py:188} INFO - [2024-01-06T00:33:11.429+0000] {dag.py:3820} INFO - Setting next_dagrun for dummy_dag to None, run_after=None
[2024-01-06T00:33:11.440+0000] {processor.py:183} INFO - Processing /opt/airflow/dags/dummy_dag.py took 0.056 seconds
[2024-01-06T00:44:47.890+0000] {processor.py:161} INFO - Started process (PID=719) to work on /opt/airflow/dags/dummy_dag.py
[2024-01-06T00:44:47.891+0000] {processor.py:830} INFO - Processing file /opt/airflow/dags/dummy_dag.py for tasks to queue
[2024-01-06T00:44:47.893+0000] {logging_mixin.py:188} INFO - [2024-01-06T00:44:47.892+0000] {dagbag.py:538} INFO - Filling up the DagBag from /opt/airflow/dags/dummy_dag.py
[2024-01-06T00:44:47.905+0000] {processor.py:840} INFO - DAG(s) 'dummy_dag' retrieved from /opt/airflow/dags/dummy_dag.py
[2024-01-06T00:44:47.928+0000] {logging_mixin.py:188} INFO - [2024-01-06T00:44:47.928+0000] {dag.py:3033} INFO - Sync 1 DAGs
[2024-01-06T00:44:47.943+0000] {logging_mixin.py:188} INFO - [2024-01-06T00:44:47.943+0000] {dag.py:3820} INFO - Setting next_dagrun for dummy_dag to None, run_after=None
[2024-01-06T00:44:47.957+0000] {processor.py:183} INFO - Processing /opt/airflow/dags/dummy_dag.py took 0.070 seconds
[2024-01-06T00:45:18.323+0000] {processor.py:161} INFO - Started process (PID=728) to work on /opt/airflow/dags/dummy_dag.py
[2024-01-06T00:45:18.324+0000] {processor.py:830} INFO - Processing file /opt/airflow/dags/dummy_dag.py for tasks to queue
[2024-01-06T00:45:18.325+0000] {logging_mixin.py:188} INFO - [2024-01-06T00:45:18.325+0000] {dagbag.py:538} INFO - Filling up the DagBag from /opt/airflow/dags/dummy_dag.py
[2024-01-06T00:45:18.335+0000] {processor.py:840} INFO - DAG(s) 'dummy_dag' retrieved from /opt/airflow/dags/dummy_dag.py
[2024-01-06T00:45:18.352+0000] {logging_mixin.py:188} INFO - [2024-01-06T00:45:18.352+0000] {dag.py:3033} INFO - Sync 1 DAGs
[2024-01-06T00:45:18.364+0000] {logging_mixin.py:188} INFO - [2024-01-06T00:45:18.364+0000] {dag.py:3820} INFO - Setting next_dagrun for dummy_dag to None, run_after=None
[2024-01-06T00:45:18.374+0000] {processor.py:183} INFO - Processing /opt/airflow/dags/dummy_dag.py took 0.053 seconds
[2024-01-06T00:45:48.778+0000] {processor.py:161} INFO - Started process (PID=737) to work on /opt/airflow/dags/dummy_dag.py
[2024-01-06T00:45:48.779+0000] {processor.py:830} INFO - Processing file /opt/airflow/dags/dummy_dag.py for tasks to queue
[2024-01-06T00:45:48.781+0000] {logging_mixin.py:188} INFO - [2024-01-06T00:45:48.781+0000] {dagbag.py:538} INFO - Filling up the DagBag from /opt/airflow/dags/dummy_dag.py
[2024-01-06T00:45:48.792+0000] {processor.py:840} INFO - DAG(s) 'dummy_dag' retrieved from /opt/airflow/dags/dummy_dag.py
[2024-01-06T00:45:48.816+0000] {logging_mixin.py:188} INFO - [2024-01-06T00:45:48.816+0000] {dag.py:3033} INFO - Sync 1 DAGs
[2024-01-06T00:45:48.831+0000] {logging_mixin.py:188} INFO - [2024-01-06T00:45:48.831+0000] {dag.py:3820} INFO - Setting next_dagrun for dummy_dag to None, run_after=None
[2024-01-06T00:45:48.844+0000] {processor.py:183} INFO - Processing /opt/airflow/dags/dummy_dag.py took 0.068 seconds
[2024-01-06T00:46:19.216+0000] {processor.py:161} INFO - Started process (PID=746) to work on /opt/airflow/dags/dummy_dag.py
[2024-01-06T00:46:19.218+0000] {processor.py:830} INFO - Processing file /opt/airflow/dags/dummy_dag.py for tasks to queue
[2024-01-06T00:46:19.221+0000] {logging_mixin.py:188} INFO - [2024-01-06T00:46:19.221+0000] {dagbag.py:538} INFO - Filling up the DagBag from /opt/airflow/dags/dummy_dag.py
[2024-01-06T00:46:19.237+0000] {processor.py:840} INFO - DAG(s) 'dummy_dag' retrieved from /opt/airflow/dags/dummy_dag.py
[2024-01-06T00:46:19.256+0000] {logging_mixin.py:188} INFO - [2024-01-06T00:46:19.255+0000] {dag.py:3033} INFO - Sync 1 DAGs
[2024-01-06T00:46:19.269+0000] {logging_mixin.py:188} INFO - [2024-01-06T00:46:19.268+0000] {dag.py:3820} INFO - Setting next_dagrun for dummy_dag to None, run_after=None
[2024-01-06T00:46:19.278+0000] {processor.py:183} INFO - Processing /opt/airflow/dags/dummy_dag.py took 0.068 seconds
[2024-01-06T00:46:49.599+0000] {processor.py:161} INFO - Started process (PID=755) to work on /opt/airflow/dags/dummy_dag.py
[2024-01-06T00:46:49.600+0000] {processor.py:830} INFO - Processing file /opt/airflow/dags/dummy_dag.py for tasks to queue
[2024-01-06T00:46:49.604+0000] {logging_mixin.py:188} INFO - [2024-01-06T00:46:49.603+0000] {dagbag.py:538} INFO - Filling up the DagBag from /opt/airflow/dags/dummy_dag.py
[2024-01-06T00:46:49.621+0000] {processor.py:840} INFO - DAG(s) 'dummy_dag' retrieved from /opt/airflow/dags/dummy_dag.py
[2024-01-06T00:46:49.640+0000] {logging_mixin.py:188} INFO - [2024-01-06T00:46:49.640+0000] {dag.py:3033} INFO - Sync 1 DAGs
[2024-01-06T00:46:49.653+0000] {logging_mixin.py:188} INFO - [2024-01-06T00:46:49.653+0000] {dag.py:3820} INFO - Setting next_dagrun for dummy_dag to None, run_after=None
[2024-01-06T00:46:49.663+0000] {processor.py:183} INFO - Processing /opt/airflow/dags/dummy_dag.py took 0.071 seconds
[2024-01-06T00:47:19.993+0000] {processor.py:161} INFO - Started process (PID=764) to work on /opt/airflow/dags/dummy_dag.py
[2024-01-06T00:47:19.994+0000] {processor.py:830} INFO - Processing file /opt/airflow/dags/dummy_dag.py for tasks to queue
[2024-01-06T00:47:19.996+0000] {logging_mixin.py:188} INFO - [2024-01-06T00:47:19.995+0000] {dagbag.py:538} INFO - Filling up the DagBag from /opt/airflow/dags/dummy_dag.py
[2024-01-06T00:47:20.007+0000] {processor.py:840} INFO - DAG(s) 'dummy_dag' retrieved from /opt/airflow/dags/dummy_dag.py
[2024-01-06T00:47:20.028+0000] {logging_mixin.py:188} INFO - [2024-01-06T00:47:20.028+0000] {dag.py:3033} INFO - Sync 1 DAGs
[2024-01-06T00:47:20.044+0000] {logging_mixin.py:188} INFO - [2024-01-06T00:47:20.044+0000] {dag.py:3820} INFO - Setting next_dagrun for dummy_dag to None, run_after=None
[2024-01-06T00:47:20.055+0000] {processor.py:183} INFO - Processing /opt/airflow/dags/dummy_dag.py took 0.065 seconds
[2024-01-06T00:47:50.400+0000] {processor.py:161} INFO - Started process (PID=773) to work on /opt/airflow/dags/dummy_dag.py
[2024-01-06T00:47:50.401+0000] {processor.py:830} INFO - Processing file /opt/airflow/dags/dummy_dag.py for tasks to queue
[2024-01-06T00:47:50.403+0000] {logging_mixin.py:188} INFO - [2024-01-06T00:47:50.403+0000] {dagbag.py:538} INFO - Filling up the DagBag from /opt/airflow/dags/dummy_dag.py
[2024-01-06T00:47:50.415+0000] {processor.py:840} INFO - DAG(s) 'dummy_dag' retrieved from /opt/airflow/dags/dummy_dag.py
[2024-01-06T00:47:50.435+0000] {logging_mixin.py:188} INFO - [2024-01-06T00:47:50.435+0000] {dag.py:3033} INFO - Sync 1 DAGs
[2024-01-06T00:47:50.448+0000] {logging_mixin.py:188} INFO - [2024-01-06T00:47:50.448+0000] {dag.py:3820} INFO - Setting next_dagrun for dummy_dag to None, run_after=None
[2024-01-06T00:47:50.458+0000] {processor.py:183} INFO - Processing /opt/airflow/dags/dummy_dag.py took 0.060 seconds
[2024-01-06T00:48:20.742+0000] {processor.py:161} INFO - Started process (PID=782) to work on /opt/airflow/dags/dummy_dag.py
[2024-01-06T00:48:20.744+0000] {processor.py:830} INFO - Processing file /opt/airflow/dags/dummy_dag.py for tasks to queue
[2024-01-06T00:48:20.748+0000] {logging_mixin.py:188} INFO - [2024-01-06T00:48:20.747+0000] {dagbag.py:538} INFO - Filling up the DagBag from /opt/airflow/dags/dummy_dag.py
[2024-01-06T00:48:20.765+0000] {processor.py:840} INFO - DAG(s) 'dummy_dag' retrieved from /opt/airflow/dags/dummy_dag.py
[2024-01-06T00:48:20.791+0000] {logging_mixin.py:188} INFO - [2024-01-06T00:48:20.791+0000] {dag.py:3033} INFO - Sync 1 DAGs
[2024-01-06T00:48:20.804+0000] {logging_mixin.py:188} INFO - [2024-01-06T00:48:20.803+0000] {dag.py:3820} INFO - Setting next_dagrun for dummy_dag to None, run_after=None
[2024-01-06T00:48:20.814+0000] {processor.py:183} INFO - Processing /opt/airflow/dags/dummy_dag.py took 0.077 seconds
[2024-01-06T00:48:51.052+0000] {processor.py:161} INFO - Started process (PID=791) to work on /opt/airflow/dags/dummy_dag.py
[2024-01-06T00:48:51.053+0000] {processor.py:830} INFO - Processing file /opt/airflow/dags/dummy_dag.py for tasks to queue
[2024-01-06T00:48:51.056+0000] {logging_mixin.py:188} INFO - [2024-01-06T00:48:51.055+0000] {dagbag.py:538} INFO - Filling up the DagBag from /opt/airflow/dags/dummy_dag.py
[2024-01-06T00:48:51.068+0000] {processor.py:840} INFO - DAG(s) 'dummy_dag' retrieved from /opt/airflow/dags/dummy_dag.py
[2024-01-06T00:48:51.091+0000] {logging_mixin.py:188} INFO - [2024-01-06T00:48:51.091+0000] {dag.py:3033} INFO - Sync 1 DAGs
[2024-01-06T00:48:51.105+0000] {logging_mixin.py:188} INFO - [2024-01-06T00:48:51.105+0000] {dag.py:3820} INFO - Setting next_dagrun for dummy_dag to None, run_after=None
[2024-01-06T00:48:51.116+0000] {processor.py:183} INFO - Processing /opt/airflow/dags/dummy_dag.py took 0.067 seconds
[2024-01-06T00:49:21.443+0000] {processor.py:161} INFO - Started process (PID=800) to work on /opt/airflow/dags/dummy_dag.py
[2024-01-06T00:49:21.444+0000] {processor.py:830} INFO - Processing file /opt/airflow/dags/dummy_dag.py for tasks to queue
[2024-01-06T00:49:21.448+0000] {logging_mixin.py:188} INFO - [2024-01-06T00:49:21.448+0000] {dagbag.py:538} INFO - Filling up the DagBag from /opt/airflow/dags/dummy_dag.py
[2024-01-06T00:49:21.463+0000] {processor.py:840} INFO - DAG(s) 'dummy_dag' retrieved from /opt/airflow/dags/dummy_dag.py
[2024-01-06T00:49:21.483+0000] {logging_mixin.py:188} INFO - [2024-01-06T00:49:21.483+0000] {dag.py:3033} INFO - Sync 1 DAGs
[2024-01-06T00:49:21.498+0000] {logging_mixin.py:188} INFO - [2024-01-06T00:49:21.498+0000] {dag.py:3820} INFO - Setting next_dagrun for dummy_dag to None, run_after=None
[2024-01-06T00:49:21.510+0000] {processor.py:183} INFO - Processing /opt/airflow/dags/dummy_dag.py took 0.072 seconds
[2024-01-06T00:49:51.927+0000] {processor.py:161} INFO - Started process (PID=809) to work on /opt/airflow/dags/dummy_dag.py
[2024-01-06T00:49:51.930+0000] {processor.py:830} INFO - Processing file /opt/airflow/dags/dummy_dag.py for tasks to queue
[2024-01-06T00:49:51.933+0000] {logging_mixin.py:188} INFO - [2024-01-06T00:49:51.933+0000] {dagbag.py:538} INFO - Filling up the DagBag from /opt/airflow/dags/dummy_dag.py
[2024-01-06T00:49:51.952+0000] {processor.py:840} INFO - DAG(s) 'dummy_dag' retrieved from /opt/airflow/dags/dummy_dag.py
[2024-01-06T00:49:51.972+0000] {logging_mixin.py:188} INFO - [2024-01-06T00:49:51.972+0000] {dag.py:3033} INFO - Sync 1 DAGs
[2024-01-06T00:49:51.986+0000] {logging_mixin.py:188} INFO - [2024-01-06T00:49:51.986+0000] {dag.py:3820} INFO - Setting next_dagrun for dummy_dag to None, run_after=None
[2024-01-06T00:49:51.997+0000] {processor.py:183} INFO - Processing /opt/airflow/dags/dummy_dag.py took 0.076 seconds
[2024-01-06T00:50:22.374+0000] {processor.py:161} INFO - Started process (PID=818) to work on /opt/airflow/dags/dummy_dag.py
[2024-01-06T00:50:22.376+0000] {processor.py:830} INFO - Processing file /opt/airflow/dags/dummy_dag.py for tasks to queue
[2024-01-06T00:50:22.379+0000] {logging_mixin.py:188} INFO - [2024-01-06T00:50:22.379+0000] {dagbag.py:538} INFO - Filling up the DagBag from /opt/airflow/dags/dummy_dag.py
[2024-01-06T00:50:22.401+0000] {processor.py:840} INFO - DAG(s) 'dummy_dag' retrieved from /opt/airflow/dags/dummy_dag.py
[2024-01-06T00:50:22.421+0000] {logging_mixin.py:188} INFO - [2024-01-06T00:50:22.421+0000] {dag.py:3033} INFO - Sync 1 DAGs
[2024-01-06T00:50:22.434+0000] {logging_mixin.py:188} INFO - [2024-01-06T00:50:22.434+0000] {dag.py:3820} INFO - Setting next_dagrun for dummy_dag to None, run_after=None
[2024-01-06T00:50:22.444+0000] {processor.py:183} INFO - Processing /opt/airflow/dags/dummy_dag.py took 0.083 seconds
[2024-01-06T00:50:52.852+0000] {processor.py:161} INFO - Started process (PID=827) to work on /opt/airflow/dags/dummy_dag.py
[2024-01-06T00:50:52.854+0000] {processor.py:830} INFO - Processing file /opt/airflow/dags/dummy_dag.py for tasks to queue
[2024-01-06T00:50:52.857+0000] {logging_mixin.py:188} INFO - [2024-01-06T00:50:52.856+0000] {dagbag.py:538} INFO - Filling up the DagBag from /opt/airflow/dags/dummy_dag.py
[2024-01-06T00:50:52.876+0000] {processor.py:840} INFO - DAG(s) 'dummy_dag' retrieved from /opt/airflow/dags/dummy_dag.py
[2024-01-06T00:50:52.895+0000] {logging_mixin.py:188} INFO - [2024-01-06T00:50:52.895+0000] {dag.py:3033} INFO - Sync 1 DAGs
[2024-01-06T00:50:52.908+0000] {logging_mixin.py:188} INFO - [2024-01-06T00:50:52.908+0000] {dag.py:3820} INFO - Setting next_dagrun for dummy_dag to None, run_after=None
[2024-01-06T00:50:52.919+0000] {processor.py:183} INFO - Processing /opt/airflow/dags/dummy_dag.py took 0.073 seconds
[2024-01-06T00:51:23.284+0000] {processor.py:161} INFO - Started process (PID=836) to work on /opt/airflow/dags/dummy_dag.py
[2024-01-06T00:51:23.285+0000] {processor.py:830} INFO - Processing file /opt/airflow/dags/dummy_dag.py for tasks to queue
[2024-01-06T00:51:23.287+0000] {logging_mixin.py:188} INFO - [2024-01-06T00:51:23.287+0000] {dagbag.py:538} INFO - Filling up the DagBag from /opt/airflow/dags/dummy_dag.py
[2024-01-06T00:51:23.300+0000] {processor.py:840} INFO - DAG(s) 'dummy_dag' retrieved from /opt/airflow/dags/dummy_dag.py
[2024-01-06T00:51:23.318+0000] {logging_mixin.py:188} INFO - [2024-01-06T00:51:23.318+0000] {dag.py:3033} INFO - Sync 1 DAGs
[2024-01-06T00:51:23.331+0000] {logging_mixin.py:188} INFO - [2024-01-06T00:51:23.330+0000] {dag.py:3820} INFO - Setting next_dagrun for dummy_dag to None, run_after=None
[2024-01-06T00:51:23.341+0000] {processor.py:183} INFO - Processing /opt/airflow/dags/dummy_dag.py took 0.060 seconds
[2024-01-06T00:51:53.713+0000] {processor.py:161} INFO - Started process (PID=845) to work on /opt/airflow/dags/dummy_dag.py
[2024-01-06T00:51:53.714+0000] {processor.py:830} INFO - Processing file /opt/airflow/dags/dummy_dag.py for tasks to queue
[2024-01-06T00:51:53.716+0000] {logging_mixin.py:188} INFO - [2024-01-06T00:51:53.715+0000] {dagbag.py:538} INFO - Filling up the DagBag from /opt/airflow/dags/dummy_dag.py
[2024-01-06T00:51:53.728+0000] {processor.py:840} INFO - DAG(s) 'dummy_dag' retrieved from /opt/airflow/dags/dummy_dag.py
[2024-01-06T00:51:53.744+0000] {logging_mixin.py:188} INFO - [2024-01-06T00:51:53.744+0000] {dag.py:3033} INFO - Sync 1 DAGs
[2024-01-06T00:51:53.757+0000] {logging_mixin.py:188} INFO - [2024-01-06T00:51:53.757+0000] {dag.py:3820} INFO - Setting next_dagrun for dummy_dag to None, run_after=None
[2024-01-06T00:51:53.769+0000] {processor.py:183} INFO - Processing /opt/airflow/dags/dummy_dag.py took 0.059 seconds
[2024-01-06T00:52:24.092+0000] {processor.py:161} INFO - Started process (PID=854) to work on /opt/airflow/dags/dummy_dag.py
[2024-01-06T00:52:24.093+0000] {processor.py:830} INFO - Processing file /opt/airflow/dags/dummy_dag.py for tasks to queue
[2024-01-06T00:52:24.095+0000] {logging_mixin.py:188} INFO - [2024-01-06T00:52:24.095+0000] {dagbag.py:538} INFO - Filling up the DagBag from /opt/airflow/dags/dummy_dag.py
[2024-01-06T00:52:24.106+0000] {processor.py:840} INFO - DAG(s) 'dummy_dag' retrieved from /opt/airflow/dags/dummy_dag.py
[2024-01-06T00:52:24.123+0000] {logging_mixin.py:188} INFO - [2024-01-06T00:52:24.123+0000] {dag.py:3033} INFO - Sync 1 DAGs
[2024-01-06T00:52:24.139+0000] {logging_mixin.py:188} INFO - [2024-01-06T00:52:24.139+0000] {dag.py:3820} INFO - Setting next_dagrun for dummy_dag to None, run_after=None
[2024-01-06T00:52:24.151+0000] {processor.py:183} INFO - Processing /opt/airflow/dags/dummy_dag.py took 0.061 seconds
[2024-01-06T00:52:54.482+0000] {processor.py:161} INFO - Started process (PID=863) to work on /opt/airflow/dags/dummy_dag.py
[2024-01-06T00:52:54.483+0000] {processor.py:830} INFO - Processing file /opt/airflow/dags/dummy_dag.py for tasks to queue
[2024-01-06T00:52:54.486+0000] {logging_mixin.py:188} INFO - [2024-01-06T00:52:54.486+0000] {dagbag.py:538} INFO - Filling up the DagBag from /opt/airflow/dags/dummy_dag.py
[2024-01-06T00:52:54.499+0000] {processor.py:840} INFO - DAG(s) 'dummy_dag' retrieved from /opt/airflow/dags/dummy_dag.py
[2024-01-06T00:52:54.517+0000] {logging_mixin.py:188} INFO - [2024-01-06T00:52:54.517+0000] {dag.py:3033} INFO - Sync 1 DAGs
[2024-01-06T00:52:54.529+0000] {logging_mixin.py:188} INFO - [2024-01-06T00:52:54.529+0000] {dag.py:3820} INFO - Setting next_dagrun for dummy_dag to None, run_after=None
[2024-01-06T00:52:54.539+0000] {processor.py:183} INFO - Processing /opt/airflow/dags/dummy_dag.py took 0.062 seconds
[2024-01-06T00:53:24.923+0000] {processor.py:161} INFO - Started process (PID=872) to work on /opt/airflow/dags/dummy_dag.py
[2024-01-06T00:53:24.924+0000] {processor.py:830} INFO - Processing file /opt/airflow/dags/dummy_dag.py for tasks to queue
[2024-01-06T00:53:24.928+0000] {logging_mixin.py:188} INFO - [2024-01-06T00:53:24.928+0000] {dagbag.py:538} INFO - Filling up the DagBag from /opt/airflow/dags/dummy_dag.py
[2024-01-06T00:53:24.945+0000] {processor.py:840} INFO - DAG(s) 'dummy_dag' retrieved from /opt/airflow/dags/dummy_dag.py
[2024-01-06T00:53:24.964+0000] {logging_mixin.py:188} INFO - [2024-01-06T00:53:24.963+0000] {dag.py:3033} INFO - Sync 1 DAGs
[2024-01-06T00:53:24.976+0000] {logging_mixin.py:188} INFO - [2024-01-06T00:53:24.976+0000] {dag.py:3820} INFO - Setting next_dagrun for dummy_dag to None, run_after=None
[2024-01-06T00:53:24.987+0000] {processor.py:183} INFO - Processing /opt/airflow/dags/dummy_dag.py took 0.070 seconds
[2024-01-06T00:53:55.325+0000] {processor.py:161} INFO - Started process (PID=881) to work on /opt/airflow/dags/dummy_dag.py
[2024-01-06T00:53:55.326+0000] {processor.py:830} INFO - Processing file /opt/airflow/dags/dummy_dag.py for tasks to queue
[2024-01-06T00:53:55.329+0000] {logging_mixin.py:188} INFO - [2024-01-06T00:53:55.329+0000] {dagbag.py:538} INFO - Filling up the DagBag from /opt/airflow/dags/dummy_dag.py
[2024-01-06T00:53:55.341+0000] {processor.py:840} INFO - DAG(s) 'dummy_dag' retrieved from /opt/airflow/dags/dummy_dag.py
[2024-01-06T00:53:55.358+0000] {logging_mixin.py:188} INFO - [2024-01-06T00:53:55.358+0000] {dag.py:3033} INFO - Sync 1 DAGs
[2024-01-06T00:53:55.370+0000] {logging_mixin.py:188} INFO - [2024-01-06T00:53:55.370+0000] {dag.py:3820} INFO - Setting next_dagrun for dummy_dag to None, run_after=None
[2024-01-06T00:53:55.380+0000] {processor.py:183} INFO - Processing /opt/airflow/dags/dummy_dag.py took 0.059 seconds
[2024-01-06T00:54:25.750+0000] {processor.py:161} INFO - Started process (PID=890) to work on /opt/airflow/dags/dummy_dag.py
[2024-01-06T00:54:25.752+0000] {processor.py:830} INFO - Processing file /opt/airflow/dags/dummy_dag.py for tasks to queue
[2024-01-06T00:54:25.756+0000] {logging_mixin.py:188} INFO - [2024-01-06T00:54:25.756+0000] {dagbag.py:538} INFO - Filling up the DagBag from /opt/airflow/dags/dummy_dag.py
[2024-01-06T00:54:25.773+0000] {processor.py:840} INFO - DAG(s) 'dummy_dag' retrieved from /opt/airflow/dags/dummy_dag.py
[2024-01-06T00:54:25.792+0000] {logging_mixin.py:188} INFO - [2024-01-06T00:54:25.792+0000] {dag.py:3033} INFO - Sync 1 DAGs
[2024-01-06T00:54:25.804+0000] {logging_mixin.py:188} INFO - [2024-01-06T00:54:25.804+0000] {dag.py:3820} INFO - Setting next_dagrun for dummy_dag to None, run_after=None
[2024-01-06T00:54:25.816+0000] {processor.py:183} INFO - Processing /opt/airflow/dags/dummy_dag.py took 0.072 seconds
[2024-01-06T00:54:56.194+0000] {processor.py:161} INFO - Started process (PID=899) to work on /opt/airflow/dags/dummy_dag.py
[2024-01-06T00:54:56.196+0000] {processor.py:830} INFO - Processing file /opt/airflow/dags/dummy_dag.py for tasks to queue
[2024-01-06T00:54:56.199+0000] {logging_mixin.py:188} INFO - [2024-01-06T00:54:56.199+0000] {dagbag.py:538} INFO - Filling up the DagBag from /opt/airflow/dags/dummy_dag.py
[2024-01-06T00:54:56.214+0000] {processor.py:840} INFO - DAG(s) 'dummy_dag' retrieved from /opt/airflow/dags/dummy_dag.py
[2024-01-06T00:54:56.233+0000] {logging_mixin.py:188} INFO - [2024-01-06T00:54:56.233+0000] {dag.py:3033} INFO - Sync 1 DAGs
[2024-01-06T00:54:56.247+0000] {logging_mixin.py:188} INFO - [2024-01-06T00:54:56.247+0000] {dag.py:3820} INFO - Setting next_dagrun for dummy_dag to None, run_after=None
[2024-01-06T00:54:56.258+0000] {processor.py:183} INFO - Processing /opt/airflow/dags/dummy_dag.py took 0.068 seconds
[2024-01-06T00:55:26.603+0000] {processor.py:161} INFO - Started process (PID=908) to work on /opt/airflow/dags/dummy_dag.py
[2024-01-06T00:55:26.604+0000] {processor.py:830} INFO - Processing file /opt/airflow/dags/dummy_dag.py for tasks to queue
[2024-01-06T00:55:26.608+0000] {logging_mixin.py:188} INFO - [2024-01-06T00:55:26.607+0000] {dagbag.py:538} INFO - Filling up the DagBag from /opt/airflow/dags/dummy_dag.py
[2024-01-06T00:55:26.622+0000] {processor.py:840} INFO - DAG(s) 'dummy_dag' retrieved from /opt/airflow/dags/dummy_dag.py
[2024-01-06T00:55:26.642+0000] {logging_mixin.py:188} INFO - [2024-01-06T00:55:26.642+0000] {dag.py:3033} INFO - Sync 1 DAGs
[2024-01-06T00:55:26.656+0000] {logging_mixin.py:188} INFO - [2024-01-06T00:55:26.656+0000] {dag.py:3820} INFO - Setting next_dagrun for dummy_dag to None, run_after=None
[2024-01-06T00:55:26.666+0000] {processor.py:183} INFO - Processing /opt/airflow/dags/dummy_dag.py took 0.070 seconds
[2024-01-06T00:55:57.060+0000] {processor.py:161} INFO - Started process (PID=917) to work on /opt/airflow/dags/dummy_dag.py
[2024-01-06T00:55:57.061+0000] {processor.py:830} INFO - Processing file /opt/airflow/dags/dummy_dag.py for tasks to queue
[2024-01-06T00:55:57.064+0000] {logging_mixin.py:188} INFO - [2024-01-06T00:55:57.063+0000] {dagbag.py:538} INFO - Filling up the DagBag from /opt/airflow/dags/dummy_dag.py
[2024-01-06T00:55:57.078+0000] {processor.py:840} INFO - DAG(s) 'dummy_dag' retrieved from /opt/airflow/dags/dummy_dag.py
[2024-01-06T00:55:57.099+0000] {logging_mixin.py:188} INFO - [2024-01-06T00:55:57.099+0000] {dag.py:3033} INFO - Sync 1 DAGs
[2024-01-06T00:55:57.113+0000] {logging_mixin.py:188} INFO - [2024-01-06T00:55:57.113+0000] {dag.py:3820} INFO - Setting next_dagrun for dummy_dag to None, run_after=None
[2024-01-06T00:55:57.124+0000] {processor.py:183} INFO - Processing /opt/airflow/dags/dummy_dag.py took 0.067 seconds
[2024-01-06T00:56:27.431+0000] {processor.py:161} INFO - Started process (PID=926) to work on /opt/airflow/dags/dummy_dag.py
[2024-01-06T00:56:27.432+0000] {processor.py:830} INFO - Processing file /opt/airflow/dags/dummy_dag.py for tasks to queue
[2024-01-06T00:56:27.435+0000] {logging_mixin.py:188} INFO - [2024-01-06T00:56:27.435+0000] {dagbag.py:538} INFO - Filling up the DagBag from /opt/airflow/dags/dummy_dag.py
[2024-01-06T00:56:27.452+0000] {processor.py:840} INFO - DAG(s) 'dummy_dag' retrieved from /opt/airflow/dags/dummy_dag.py
[2024-01-06T00:56:27.474+0000] {logging_mixin.py:188} INFO - [2024-01-06T00:56:27.474+0000] {dag.py:3033} INFO - Sync 1 DAGs
[2024-01-06T00:56:27.488+0000] {logging_mixin.py:188} INFO - [2024-01-06T00:56:27.487+0000] {dag.py:3820} INFO - Setting next_dagrun for dummy_dag to None, run_after=None
[2024-01-06T00:56:27.499+0000] {processor.py:183} INFO - Processing /opt/airflow/dags/dummy_dag.py took 0.071 seconds
[2024-01-06T00:56:57.820+0000] {processor.py:161} INFO - Started process (PID=935) to work on /opt/airflow/dags/dummy_dag.py
[2024-01-06T00:56:57.822+0000] {processor.py:830} INFO - Processing file /opt/airflow/dags/dummy_dag.py for tasks to queue
[2024-01-06T00:56:57.827+0000] {logging_mixin.py:188} INFO - [2024-01-06T00:56:57.826+0000] {dagbag.py:538} INFO - Filling up the DagBag from /opt/airflow/dags/dummy_dag.py
[2024-01-06T00:56:57.843+0000] {processor.py:840} INFO - DAG(s) 'dummy_dag' retrieved from /opt/airflow/dags/dummy_dag.py
[2024-01-06T00:56:57.863+0000] {logging_mixin.py:188} INFO - [2024-01-06T00:56:57.863+0000] {dag.py:3033} INFO - Sync 1 DAGs
[2024-01-06T00:56:57.877+0000] {logging_mixin.py:188} INFO - [2024-01-06T00:56:57.877+0000] {dag.py:3820} INFO - Setting next_dagrun for dummy_dag to None, run_after=None
[2024-01-06T00:56:57.887+0000] {processor.py:183} INFO - Processing /opt/airflow/dags/dummy_dag.py took 0.074 seconds
[2024-01-06T00:57:28.186+0000] {processor.py:161} INFO - Started process (PID=944) to work on /opt/airflow/dags/dummy_dag.py
[2024-01-06T00:57:28.187+0000] {processor.py:830} INFO - Processing file /opt/airflow/dags/dummy_dag.py for tasks to queue
[2024-01-06T00:57:28.189+0000] {logging_mixin.py:188} INFO - [2024-01-06T00:57:28.189+0000] {dagbag.py:538} INFO - Filling up the DagBag from /opt/airflow/dags/dummy_dag.py
[2024-01-06T00:57:28.204+0000] {processor.py:840} INFO - DAG(s) 'dummy_dag' retrieved from /opt/airflow/dags/dummy_dag.py
[2024-01-06T00:57:28.227+0000] {logging_mixin.py:188} INFO - [2024-01-06T00:57:28.227+0000] {dag.py:3033} INFO - Sync 1 DAGs
[2024-01-06T00:57:28.241+0000] {logging_mixin.py:188} INFO - [2024-01-06T00:57:28.241+0000] {dag.py:3820} INFO - Setting next_dagrun for dummy_dag to None, run_after=None
[2024-01-06T00:57:28.252+0000] {processor.py:183} INFO - Processing /opt/airflow/dags/dummy_dag.py took 0.070 seconds
[2024-01-06T00:57:58.624+0000] {processor.py:161} INFO - Started process (PID=953) to work on /opt/airflow/dags/dummy_dag.py
[2024-01-06T00:57:58.627+0000] {processor.py:830} INFO - Processing file /opt/airflow/dags/dummy_dag.py for tasks to queue
[2024-01-06T00:57:58.631+0000] {logging_mixin.py:188} INFO - [2024-01-06T00:57:58.631+0000] {dagbag.py:538} INFO - Filling up the DagBag from /opt/airflow/dags/dummy_dag.py
[2024-01-06T00:57:58.650+0000] {processor.py:840} INFO - DAG(s) 'dummy_dag' retrieved from /opt/airflow/dags/dummy_dag.py
[2024-01-06T00:57:58.670+0000] {logging_mixin.py:188} INFO - [2024-01-06T00:57:58.670+0000] {dag.py:3033} INFO - Sync 1 DAGs
[2024-01-06T00:57:58.684+0000] {logging_mixin.py:188} INFO - [2024-01-06T00:57:58.684+0000] {dag.py:3820} INFO - Setting next_dagrun for dummy_dag to None, run_after=None
[2024-01-06T00:57:58.695+0000] {processor.py:183} INFO - Processing /opt/airflow/dags/dummy_dag.py took 0.077 seconds
[2024-01-06T00:58:29.048+0000] {processor.py:161} INFO - Started process (PID=962) to work on /opt/airflow/dags/dummy_dag.py
[2024-01-06T00:58:29.050+0000] {processor.py:830} INFO - Processing file /opt/airflow/dags/dummy_dag.py for tasks to queue
[2024-01-06T00:58:29.053+0000] {logging_mixin.py:188} INFO - [2024-01-06T00:58:29.053+0000] {dagbag.py:538} INFO - Filling up the DagBag from /opt/airflow/dags/dummy_dag.py
[2024-01-06T00:58:29.071+0000] {processor.py:840} INFO - DAG(s) 'dummy_dag' retrieved from /opt/airflow/dags/dummy_dag.py
[2024-01-06T00:58:29.092+0000] {logging_mixin.py:188} INFO - [2024-01-06T00:58:29.092+0000] {dag.py:3033} INFO - Sync 1 DAGs
[2024-01-06T00:58:29.106+0000] {logging_mixin.py:188} INFO - [2024-01-06T00:58:29.106+0000] {dag.py:3820} INFO - Setting next_dagrun for dummy_dag to None, run_after=None
[2024-01-06T00:58:29.118+0000] {processor.py:183} INFO - Processing /opt/airflow/dags/dummy_dag.py took 0.074 seconds
[2024-01-06T00:58:59.469+0000] {processor.py:161} INFO - Started process (PID=970) to work on /opt/airflow/dags/dummy_dag.py
[2024-01-06T00:58:59.470+0000] {processor.py:830} INFO - Processing file /opt/airflow/dags/dummy_dag.py for tasks to queue
[2024-01-06T00:58:59.472+0000] {logging_mixin.py:188} INFO - [2024-01-06T00:58:59.472+0000] {dagbag.py:538} INFO - Filling up the DagBag from /opt/airflow/dags/dummy_dag.py
[2024-01-06T00:58:59.514+0000] {processor.py:840} INFO - DAG(s) 'dummy_dag' retrieved from /opt/airflow/dags/dummy_dag.py
[2024-01-06T00:58:59.542+0000] {logging_mixin.py:188} INFO - [2024-01-06T00:58:59.542+0000] {dag.py:3033} INFO - Sync 1 DAGs
[2024-01-06T00:58:59.556+0000] {logging_mixin.py:188} INFO - [2024-01-06T00:58:59.556+0000] {dag.py:3820} INFO - Setting next_dagrun for dummy_dag to None, run_after=None
[2024-01-06T00:58:59.567+0000] {processor.py:183} INFO - Processing /opt/airflow/dags/dummy_dag.py took 0.103 seconds
[2024-01-06T00:59:29.902+0000] {processor.py:161} INFO - Started process (PID=979) to work on /opt/airflow/dags/dummy_dag.py
[2024-01-06T00:59:29.904+0000] {processor.py:830} INFO - Processing file /opt/airflow/dags/dummy_dag.py for tasks to queue
[2024-01-06T00:59:29.907+0000] {logging_mixin.py:188} INFO - [2024-01-06T00:59:29.907+0000] {dagbag.py:538} INFO - Filling up the DagBag from /opt/airflow/dags/dummy_dag.py
[2024-01-06T00:59:29.924+0000] {processor.py:840} INFO - DAG(s) 'dummy_dag' retrieved from /opt/airflow/dags/dummy_dag.py
[2024-01-06T00:59:29.941+0000] {logging_mixin.py:188} INFO - [2024-01-06T00:59:29.941+0000] {dag.py:3033} INFO - Sync 1 DAGs
[2024-01-06T00:59:29.954+0000] {logging_mixin.py:188} INFO - [2024-01-06T00:59:29.954+0000] {dag.py:3820} INFO - Setting next_dagrun for dummy_dag to None, run_after=None
[2024-01-06T00:59:29.964+0000] {processor.py:183} INFO - Processing /opt/airflow/dags/dummy_dag.py took 0.068 seconds
[2024-01-06T01:00:00.275+0000] {processor.py:161} INFO - Started process (PID=988) to work on /opt/airflow/dags/dummy_dag.py
[2024-01-06T01:00:00.276+0000] {processor.py:830} INFO - Processing file /opt/airflow/dags/dummy_dag.py for tasks to queue
[2024-01-06T01:00:00.278+0000] {logging_mixin.py:188} INFO - [2024-01-06T01:00:00.278+0000] {dagbag.py:538} INFO - Filling up the DagBag from /opt/airflow/dags/dummy_dag.py
[2024-01-06T01:00:00.290+0000] {processor.py:840} INFO - DAG(s) 'dummy_dag' retrieved from /opt/airflow/dags/dummy_dag.py
[2024-01-06T01:00:00.307+0000] {logging_mixin.py:188} INFO - [2024-01-06T01:00:00.307+0000] {dag.py:3033} INFO - Sync 1 DAGs
[2024-01-06T01:00:00.319+0000] {logging_mixin.py:188} INFO - [2024-01-06T01:00:00.319+0000] {dag.py:3820} INFO - Setting next_dagrun for dummy_dag to None, run_after=None
[2024-01-06T01:00:00.330+0000] {processor.py:183} INFO - Processing /opt/airflow/dags/dummy_dag.py took 0.059 seconds
[2024-01-06T01:00:30.575+0000] {processor.py:161} INFO - Started process (PID=997) to work on /opt/airflow/dags/dummy_dag.py
[2024-01-06T01:00:30.578+0000] {processor.py:830} INFO - Processing file /opt/airflow/dags/dummy_dag.py for tasks to queue
[2024-01-06T01:00:30.582+0000] {logging_mixin.py:188} INFO - [2024-01-06T01:00:30.582+0000] {dagbag.py:538} INFO - Filling up the DagBag from /opt/airflow/dags/dummy_dag.py
[2024-01-06T01:00:30.601+0000] {processor.py:840} INFO - DAG(s) 'dummy_dag' retrieved from /opt/airflow/dags/dummy_dag.py
[2024-01-06T01:00:30.621+0000] {logging_mixin.py:188} INFO - [2024-01-06T01:00:30.620+0000] {dag.py:3033} INFO - Sync 1 DAGs
[2024-01-06T01:00:30.634+0000] {logging_mixin.py:188} INFO - [2024-01-06T01:00:30.634+0000] {dag.py:3820} INFO - Setting next_dagrun for dummy_dag to None, run_after=None
[2024-01-06T01:00:30.645+0000] {processor.py:183} INFO - Processing /opt/airflow/dags/dummy_dag.py took 0.075 seconds
[2024-01-06T01:01:01.034+0000] {processor.py:161} INFO - Started process (PID=1006) to work on /opt/airflow/dags/dummy_dag.py
[2024-01-06T01:01:01.035+0000] {processor.py:830} INFO - Processing file /opt/airflow/dags/dummy_dag.py for tasks to queue
[2024-01-06T01:01:01.037+0000] {logging_mixin.py:188} INFO - [2024-01-06T01:01:01.037+0000] {dagbag.py:538} INFO - Filling up the DagBag from /opt/airflow/dags/dummy_dag.py
[2024-01-06T01:01:01.050+0000] {processor.py:840} INFO - DAG(s) 'dummy_dag' retrieved from /opt/airflow/dags/dummy_dag.py
[2024-01-06T01:01:01.072+0000] {logging_mixin.py:188} INFO - [2024-01-06T01:01:01.072+0000] {dag.py:3033} INFO - Sync 1 DAGs
[2024-01-06T01:01:01.087+0000] {logging_mixin.py:188} INFO - [2024-01-06T01:01:01.087+0000] {dag.py:3820} INFO - Setting next_dagrun for dummy_dag to None, run_after=None
[2024-01-06T01:01:01.103+0000] {processor.py:183} INFO - Processing /opt/airflow/dags/dummy_dag.py took 0.073 seconds
[2024-01-06T01:01:31.410+0000] {processor.py:161} INFO - Started process (PID=1015) to work on /opt/airflow/dags/dummy_dag.py
[2024-01-06T01:01:31.412+0000] {processor.py:830} INFO - Processing file /opt/airflow/dags/dummy_dag.py for tasks to queue
[2024-01-06T01:01:31.416+0000] {logging_mixin.py:188} INFO - [2024-01-06T01:01:31.415+0000] {dagbag.py:538} INFO - Filling up the DagBag from /opt/airflow/dags/dummy_dag.py
[2024-01-06T01:01:31.432+0000] {processor.py:840} INFO - DAG(s) 'dummy_dag' retrieved from /opt/airflow/dags/dummy_dag.py
[2024-01-06T01:01:31.451+0000] {logging_mixin.py:188} INFO - [2024-01-06T01:01:31.450+0000] {dag.py:3033} INFO - Sync 1 DAGs
[2024-01-06T01:01:31.463+0000] {logging_mixin.py:188} INFO - [2024-01-06T01:01:31.463+0000] {dag.py:3820} INFO - Setting next_dagrun for dummy_dag to None, run_after=None
[2024-01-06T01:01:31.473+0000] {processor.py:183} INFO - Processing /opt/airflow/dags/dummy_dag.py took 0.069 seconds
[2024-01-06T01:02:01.893+0000] {processor.py:161} INFO - Started process (PID=1024) to work on /opt/airflow/dags/dummy_dag.py
[2024-01-06T01:02:01.894+0000] {processor.py:830} INFO - Processing file /opt/airflow/dags/dummy_dag.py for tasks to queue
[2024-01-06T01:02:01.896+0000] {logging_mixin.py:188} INFO - [2024-01-06T01:02:01.896+0000] {dagbag.py:538} INFO - Filling up the DagBag from /opt/airflow/dags/dummy_dag.py
[2024-01-06T01:02:01.908+0000] {processor.py:840} INFO - DAG(s) 'dummy_dag' retrieved from /opt/airflow/dags/dummy_dag.py
[2024-01-06T01:02:01.928+0000] {logging_mixin.py:188} INFO - [2024-01-06T01:02:01.928+0000] {dag.py:3033} INFO - Sync 1 DAGs
[2024-01-06T01:02:01.942+0000] {logging_mixin.py:188} INFO - [2024-01-06T01:02:01.941+0000] {dag.py:3820} INFO - Setting next_dagrun for dummy_dag to None, run_after=None
[2024-01-06T01:02:01.953+0000] {processor.py:183} INFO - Processing /opt/airflow/dags/dummy_dag.py took 0.064 seconds
[2024-01-06T01:02:32.307+0000] {processor.py:161} INFO - Started process (PID=1033) to work on /opt/airflow/dags/dummy_dag.py
[2024-01-06T01:02:32.308+0000] {processor.py:830} INFO - Processing file /opt/airflow/dags/dummy_dag.py for tasks to queue
[2024-01-06T01:02:32.309+0000] {logging_mixin.py:188} INFO - [2024-01-06T01:02:32.309+0000] {dagbag.py:538} INFO - Filling up the DagBag from /opt/airflow/dags/dummy_dag.py
[2024-01-06T01:02:32.319+0000] {processor.py:840} INFO - DAG(s) 'dummy_dag' retrieved from /opt/airflow/dags/dummy_dag.py
[2024-01-06T01:02:32.336+0000] {logging_mixin.py:188} INFO - [2024-01-06T01:02:32.336+0000] {dag.py:3033} INFO - Sync 1 DAGs
[2024-01-06T01:02:32.348+0000] {logging_mixin.py:188} INFO - [2024-01-06T01:02:32.348+0000] {dag.py:3820} INFO - Setting next_dagrun for dummy_dag to None, run_after=None
[2024-01-06T01:02:32.358+0000] {processor.py:183} INFO - Processing /opt/airflow/dags/dummy_dag.py took 0.054 seconds
[2024-01-06T01:03:02.751+0000] {processor.py:161} INFO - Started process (PID=1042) to work on /opt/airflow/dags/dummy_dag.py
[2024-01-06T01:03:02.752+0000] {processor.py:830} INFO - Processing file /opt/airflow/dags/dummy_dag.py for tasks to queue
[2024-01-06T01:03:02.756+0000] {logging_mixin.py:188} INFO - [2024-01-06T01:03:02.755+0000] {dagbag.py:538} INFO - Filling up the DagBag from /opt/airflow/dags/dummy_dag.py
[2024-01-06T01:03:02.773+0000] {processor.py:840} INFO - DAG(s) 'dummy_dag' retrieved from /opt/airflow/dags/dummy_dag.py
[2024-01-06T01:03:02.791+0000] {logging_mixin.py:188} INFO - [2024-01-06T01:03:02.791+0000] {dag.py:3033} INFO - Sync 1 DAGs
[2024-01-06T01:03:02.803+0000] {logging_mixin.py:188} INFO - [2024-01-06T01:03:02.803+0000] {dag.py:3820} INFO - Setting next_dagrun for dummy_dag to None, run_after=None
[2024-01-06T01:03:02.815+0000] {processor.py:183} INFO - Processing /opt/airflow/dags/dummy_dag.py took 0.070 seconds
[2024-01-06T01:03:33.167+0000] {processor.py:161} INFO - Started process (PID=1051) to work on /opt/airflow/dags/dummy_dag.py
[2024-01-06T01:03:33.168+0000] {processor.py:830} INFO - Processing file /opt/airflow/dags/dummy_dag.py for tasks to queue
[2024-01-06T01:03:33.170+0000] {logging_mixin.py:188} INFO - [2024-01-06T01:03:33.170+0000] {dagbag.py:538} INFO - Filling up the DagBag from /opt/airflow/dags/dummy_dag.py
[2024-01-06T01:03:33.183+0000] {processor.py:840} INFO - DAG(s) 'dummy_dag' retrieved from /opt/airflow/dags/dummy_dag.py
[2024-01-06T01:03:33.201+0000] {logging_mixin.py:188} INFO - [2024-01-06T01:03:33.201+0000] {dag.py:3033} INFO - Sync 1 DAGs
[2024-01-06T01:03:33.213+0000] {logging_mixin.py:188} INFO - [2024-01-06T01:03:33.213+0000] {dag.py:3820} INFO - Setting next_dagrun for dummy_dag to None, run_after=None
[2024-01-06T01:03:33.223+0000] {processor.py:183} INFO - Processing /opt/airflow/dags/dummy_dag.py took 0.061 seconds
[2024-01-06T01:04:03.479+0000] {processor.py:161} INFO - Started process (PID=1060) to work on /opt/airflow/dags/dummy_dag.py
[2024-01-06T01:04:03.480+0000] {processor.py:830} INFO - Processing file /opt/airflow/dags/dummy_dag.py for tasks to queue
[2024-01-06T01:04:03.490+0000] {logging_mixin.py:188} INFO - [2024-01-06T01:04:03.490+0000] {dagbag.py:538} INFO - Filling up the DagBag from /opt/airflow/dags/dummy_dag.py
[2024-01-06T01:04:03.508+0000] {processor.py:840} INFO - DAG(s) 'dummy_dag' retrieved from /opt/airflow/dags/dummy_dag.py
[2024-01-06T01:04:03.528+0000] {logging_mixin.py:188} INFO - [2024-01-06T01:04:03.528+0000] {dag.py:3033} INFO - Sync 1 DAGs
[2024-01-06T01:04:03.542+0000] {logging_mixin.py:188} INFO - [2024-01-06T01:04:03.541+0000] {dag.py:3820} INFO - Setting next_dagrun for dummy_dag to None, run_after=None
[2024-01-06T01:04:03.552+0000] {processor.py:183} INFO - Processing /opt/airflow/dags/dummy_dag.py took 0.078 seconds
[2024-01-06T01:04:33.843+0000] {processor.py:161} INFO - Started process (PID=1069) to work on /opt/airflow/dags/dummy_dag.py
[2024-01-06T01:04:33.844+0000] {processor.py:830} INFO - Processing file /opt/airflow/dags/dummy_dag.py for tasks to queue
[2024-01-06T01:04:33.847+0000] {logging_mixin.py:188} INFO - [2024-01-06T01:04:33.847+0000] {dagbag.py:538} INFO - Filling up the DagBag from /opt/airflow/dags/dummy_dag.py
[2024-01-06T01:04:33.861+0000] {processor.py:840} INFO - DAG(s) 'dummy_dag' retrieved from /opt/airflow/dags/dummy_dag.py
[2024-01-06T01:04:33.880+0000] {logging_mixin.py:188} INFO - [2024-01-06T01:04:33.880+0000] {dag.py:3033} INFO - Sync 1 DAGs
[2024-01-06T01:04:33.892+0000] {logging_mixin.py:188} INFO - [2024-01-06T01:04:33.892+0000] {dag.py:3820} INFO - Setting next_dagrun for dummy_dag to None, run_after=None
[2024-01-06T01:04:33.905+0000] {processor.py:183} INFO - Processing /opt/airflow/dags/dummy_dag.py took 0.067 seconds
[2024-01-06T01:05:04.269+0000] {processor.py:161} INFO - Started process (PID=1078) to work on /opt/airflow/dags/dummy_dag.py
[2024-01-06T01:05:04.270+0000] {processor.py:830} INFO - Processing file /opt/airflow/dags/dummy_dag.py for tasks to queue
[2024-01-06T01:05:04.272+0000] {logging_mixin.py:188} INFO - [2024-01-06T01:05:04.272+0000] {dagbag.py:538} INFO - Filling up the DagBag from /opt/airflow/dags/dummy_dag.py
[2024-01-06T01:05:04.286+0000] {processor.py:840} INFO - DAG(s) 'dummy_dag' retrieved from /opt/airflow/dags/dummy_dag.py
[2024-01-06T01:05:04.305+0000] {logging_mixin.py:188} INFO - [2024-01-06T01:05:04.305+0000] {dag.py:3033} INFO - Sync 1 DAGs
[2024-01-06T01:05:04.319+0000] {logging_mixin.py:188} INFO - [2024-01-06T01:05:04.319+0000] {dag.py:3820} INFO - Setting next_dagrun for dummy_dag to None, run_after=None
[2024-01-06T01:05:04.331+0000] {processor.py:183} INFO - Processing /opt/airflow/dags/dummy_dag.py took 0.067 seconds
[2024-01-06T01:05:34.759+0000] {processor.py:161} INFO - Started process (PID=1087) to work on /opt/airflow/dags/dummy_dag.py
[2024-01-06T01:05:34.761+0000] {processor.py:830} INFO - Processing file /opt/airflow/dags/dummy_dag.py for tasks to queue
[2024-01-06T01:05:34.765+0000] {logging_mixin.py:188} INFO - [2024-01-06T01:05:34.765+0000] {dagbag.py:538} INFO - Filling up the DagBag from /opt/airflow/dags/dummy_dag.py
[2024-01-06T01:05:34.781+0000] {processor.py:840} INFO - DAG(s) 'dummy_dag' retrieved from /opt/airflow/dags/dummy_dag.py
[2024-01-06T01:05:34.799+0000] {logging_mixin.py:188} INFO - [2024-01-06T01:05:34.799+0000] {dag.py:3033} INFO - Sync 1 DAGs
[2024-01-06T01:05:34.812+0000] {logging_mixin.py:188} INFO - [2024-01-06T01:05:34.812+0000] {dag.py:3820} INFO - Setting next_dagrun for dummy_dag to None, run_after=None
[2024-01-06T01:05:34.823+0000] {processor.py:183} INFO - Processing /opt/airflow/dags/dummy_dag.py took 0.070 seconds
[2024-01-06T01:06:05.169+0000] {processor.py:161} INFO - Started process (PID=1096) to work on /opt/airflow/dags/dummy_dag.py
[2024-01-06T01:06:05.170+0000] {processor.py:830} INFO - Processing file /opt/airflow/dags/dummy_dag.py for tasks to queue
[2024-01-06T01:06:05.172+0000] {logging_mixin.py:188} INFO - [2024-01-06T01:06:05.172+0000] {dagbag.py:538} INFO - Filling up the DagBag from /opt/airflow/dags/dummy_dag.py
[2024-01-06T01:06:05.184+0000] {processor.py:840} INFO - DAG(s) 'dummy_dag' retrieved from /opt/airflow/dags/dummy_dag.py
[2024-01-06T01:06:05.204+0000] {logging_mixin.py:188} INFO - [2024-01-06T01:06:05.204+0000] {dag.py:3033} INFO - Sync 1 DAGs
[2024-01-06T01:06:05.217+0000] {logging_mixin.py:188} INFO - [2024-01-06T01:06:05.217+0000] {dag.py:3820} INFO - Setting next_dagrun for dummy_dag to None, run_after=None
[2024-01-06T01:06:05.229+0000] {processor.py:183} INFO - Processing /opt/airflow/dags/dummy_dag.py took 0.063 seconds
[2024-01-06T01:06:35.529+0000] {processor.py:161} INFO - Started process (PID=1105) to work on /opt/airflow/dags/dummy_dag.py
[2024-01-06T01:06:35.531+0000] {processor.py:830} INFO - Processing file /opt/airflow/dags/dummy_dag.py for tasks to queue
[2024-01-06T01:06:35.535+0000] {logging_mixin.py:188} INFO - [2024-01-06T01:06:35.535+0000] {dagbag.py:538} INFO - Filling up the DagBag from /opt/airflow/dags/dummy_dag.py
[2024-01-06T01:06:35.557+0000] {processor.py:840} INFO - DAG(s) 'dummy_dag' retrieved from /opt/airflow/dags/dummy_dag.py
[2024-01-06T01:06:35.589+0000] {logging_mixin.py:188} INFO - [2024-01-06T01:06:35.589+0000] {dag.py:3033} INFO - Sync 1 DAGs
[2024-01-06T01:06:35.611+0000] {logging_mixin.py:188} INFO - [2024-01-06T01:06:35.611+0000] {dag.py:3820} INFO - Setting next_dagrun for dummy_dag to None, run_after=None
[2024-01-06T01:06:35.630+0000] {processor.py:183} INFO - Processing /opt/airflow/dags/dummy_dag.py took 0.108 seconds
[2024-01-06T01:07:05.952+0000] {processor.py:161} INFO - Started process (PID=1114) to work on /opt/airflow/dags/dummy_dag.py
[2024-01-06T01:07:05.954+0000] {processor.py:830} INFO - Processing file /opt/airflow/dags/dummy_dag.py for tasks to queue
[2024-01-06T01:07:05.956+0000] {logging_mixin.py:188} INFO - [2024-01-06T01:07:05.956+0000] {dagbag.py:538} INFO - Filling up the DagBag from /opt/airflow/dags/dummy_dag.py
[2024-01-06T01:07:05.970+0000] {processor.py:840} INFO - DAG(s) 'dummy_dag' retrieved from /opt/airflow/dags/dummy_dag.py
[2024-01-06T01:07:05.988+0000] {logging_mixin.py:188} INFO - [2024-01-06T01:07:05.988+0000] {dag.py:3033} INFO - Sync 1 DAGs
[2024-01-06T01:07:06.002+0000] {logging_mixin.py:188} INFO - [2024-01-06T01:07:06.002+0000] {dag.py:3820} INFO - Setting next_dagrun for dummy_dag to None, run_after=None
[2024-01-06T01:07:06.013+0000] {processor.py:183} INFO - Processing /opt/airflow/dags/dummy_dag.py took 0.064 seconds
[2024-01-06T01:07:36.311+0000] {processor.py:161} INFO - Started process (PID=1123) to work on /opt/airflow/dags/dummy_dag.py
[2024-01-06T01:07:36.313+0000] {processor.py:830} INFO - Processing file /opt/airflow/dags/dummy_dag.py for tasks to queue
[2024-01-06T01:07:36.316+0000] {logging_mixin.py:188} INFO - [2024-01-06T01:07:36.316+0000] {dagbag.py:538} INFO - Filling up the DagBag from /opt/airflow/dags/dummy_dag.py
[2024-01-06T01:07:36.333+0000] {processor.py:840} INFO - DAG(s) 'dummy_dag' retrieved from /opt/airflow/dags/dummy_dag.py
[2024-01-06T01:07:36.352+0000] {logging_mixin.py:188} INFO - [2024-01-06T01:07:36.352+0000] {dag.py:3033} INFO - Sync 1 DAGs
[2024-01-06T01:07:36.365+0000] {logging_mixin.py:188} INFO - [2024-01-06T01:07:36.365+0000] {dag.py:3820} INFO - Setting next_dagrun for dummy_dag to None, run_after=None
[2024-01-06T01:07:36.379+0000] {processor.py:183} INFO - Processing /opt/airflow/dags/dummy_dag.py took 0.074 seconds
[2024-01-06T01:08:06.829+0000] {processor.py:161} INFO - Started process (PID=1132) to work on /opt/airflow/dags/dummy_dag.py
[2024-01-06T01:08:06.830+0000] {processor.py:830} INFO - Processing file /opt/airflow/dags/dummy_dag.py for tasks to queue
[2024-01-06T01:08:06.833+0000] {logging_mixin.py:188} INFO - [2024-01-06T01:08:06.832+0000] {dagbag.py:538} INFO - Filling up the DagBag from /opt/airflow/dags/dummy_dag.py
[2024-01-06T01:08:06.847+0000] {processor.py:840} INFO - DAG(s) 'dummy_dag' retrieved from /opt/airflow/dags/dummy_dag.py
[2024-01-06T01:08:06.866+0000] {logging_mixin.py:188} INFO - [2024-01-06T01:08:06.866+0000] {dag.py:3033} INFO - Sync 1 DAGs
[2024-01-06T01:08:06.878+0000] {logging_mixin.py:188} INFO - [2024-01-06T01:08:06.878+0000] {dag.py:3820} INFO - Setting next_dagrun for dummy_dag to None, run_after=None
[2024-01-06T01:08:06.889+0000] {processor.py:183} INFO - Processing /opt/airflow/dags/dummy_dag.py took 0.065 seconds
[2024-01-06T01:08:37.244+0000] {processor.py:161} INFO - Started process (PID=1141) to work on /opt/airflow/dags/dummy_dag.py
[2024-01-06T01:08:37.246+0000] {processor.py:830} INFO - Processing file /opt/airflow/dags/dummy_dag.py for tasks to queue
[2024-01-06T01:08:37.251+0000] {logging_mixin.py:188} INFO - [2024-01-06T01:08:37.250+0000] {dagbag.py:538} INFO - Filling up the DagBag from /opt/airflow/dags/dummy_dag.py
[2024-01-06T01:08:37.270+0000] {processor.py:840} INFO - DAG(s) 'dummy_dag' retrieved from /opt/airflow/dags/dummy_dag.py
[2024-01-06T01:08:37.288+0000] {logging_mixin.py:188} INFO - [2024-01-06T01:08:37.288+0000] {dag.py:3033} INFO - Sync 1 DAGs
[2024-01-06T01:08:37.300+0000] {logging_mixin.py:188} INFO - [2024-01-06T01:08:37.300+0000] {dag.py:3820} INFO - Setting next_dagrun for dummy_dag to None, run_after=None
[2024-01-06T01:08:37.310+0000] {processor.py:183} INFO - Processing /opt/airflow/dags/dummy_dag.py took 0.073 seconds
[2024-01-06T01:09:07.639+0000] {processor.py:161} INFO - Started process (PID=1150) to work on /opt/airflow/dags/dummy_dag.py
[2024-01-06T01:09:07.641+0000] {processor.py:830} INFO - Processing file /opt/airflow/dags/dummy_dag.py for tasks to queue
[2024-01-06T01:09:07.646+0000] {logging_mixin.py:188} INFO - [2024-01-06T01:09:07.646+0000] {dagbag.py:538} INFO - Filling up the DagBag from /opt/airflow/dags/dummy_dag.py
[2024-01-06T01:09:07.666+0000] {processor.py:840} INFO - DAG(s) 'dummy_dag' retrieved from /opt/airflow/dags/dummy_dag.py
[2024-01-06T01:09:07.688+0000] {logging_mixin.py:188} INFO - [2024-01-06T01:09:07.688+0000] {dag.py:3033} INFO - Sync 1 DAGs
[2024-01-06T01:09:07.701+0000] {logging_mixin.py:188} INFO - [2024-01-06T01:09:07.701+0000] {dag.py:3820} INFO - Setting next_dagrun for dummy_dag to None, run_after=None
[2024-01-06T01:09:07.712+0000] {processor.py:183} INFO - Processing /opt/airflow/dags/dummy_dag.py took 0.079 seconds
[2024-01-06T01:09:38.003+0000] {processor.py:161} INFO - Started process (PID=1159) to work on /opt/airflow/dags/dummy_dag.py
[2024-01-06T01:09:38.004+0000] {processor.py:830} INFO - Processing file /opt/airflow/dags/dummy_dag.py for tasks to queue
[2024-01-06T01:09:38.007+0000] {logging_mixin.py:188} INFO - [2024-01-06T01:09:38.006+0000] {dagbag.py:538} INFO - Filling up the DagBag from /opt/airflow/dags/dummy_dag.py
[2024-01-06T01:09:38.019+0000] {processor.py:840} INFO - DAG(s) 'dummy_dag' retrieved from /opt/airflow/dags/dummy_dag.py
[2024-01-06T01:09:38.036+0000] {logging_mixin.py:188} INFO - [2024-01-06T01:09:38.036+0000] {dag.py:3033} INFO - Sync 1 DAGs
[2024-01-06T01:09:38.050+0000] {logging_mixin.py:188} INFO - [2024-01-06T01:09:38.050+0000] {dag.py:3820} INFO - Setting next_dagrun for dummy_dag to None, run_after=None
[2024-01-06T01:09:38.062+0000] {processor.py:183} INFO - Processing /opt/airflow/dags/dummy_dag.py took 0.061 seconds
[2024-01-06T01:10:08.426+0000] {processor.py:161} INFO - Started process (PID=1168) to work on /opt/airflow/dags/dummy_dag.py
[2024-01-06T01:10:08.427+0000] {processor.py:830} INFO - Processing file /opt/airflow/dags/dummy_dag.py for tasks to queue
[2024-01-06T01:10:08.430+0000] {logging_mixin.py:188} INFO - [2024-01-06T01:10:08.429+0000] {dagbag.py:538} INFO - Filling up the DagBag from /opt/airflow/dags/dummy_dag.py
[2024-01-06T01:10:08.443+0000] {processor.py:840} INFO - DAG(s) 'dummy_dag' retrieved from /opt/airflow/dags/dummy_dag.py
[2024-01-06T01:10:08.463+0000] {logging_mixin.py:188} INFO - [2024-01-06T01:10:08.462+0000] {dag.py:3033} INFO - Sync 1 DAGs
[2024-01-06T01:10:08.474+0000] {logging_mixin.py:188} INFO - [2024-01-06T01:10:08.474+0000] {dag.py:3820} INFO - Setting next_dagrun for dummy_dag to None, run_after=None
[2024-01-06T01:10:08.484+0000] {processor.py:183} INFO - Processing /opt/airflow/dags/dummy_dag.py took 0.064 seconds
[2024-01-06T01:10:38.763+0000] {processor.py:161} INFO - Started process (PID=1177) to work on /opt/airflow/dags/dummy_dag.py
[2024-01-06T01:10:38.764+0000] {processor.py:830} INFO - Processing file /opt/airflow/dags/dummy_dag.py for tasks to queue
[2024-01-06T01:10:38.766+0000] {logging_mixin.py:188} INFO - [2024-01-06T01:10:38.766+0000] {dagbag.py:538} INFO - Filling up the DagBag from /opt/airflow/dags/dummy_dag.py
[2024-01-06T01:10:38.777+0000] {processor.py:840} INFO - DAG(s) 'dummy_dag' retrieved from /opt/airflow/dags/dummy_dag.py
[2024-01-06T01:10:38.794+0000] {logging_mixin.py:188} INFO - [2024-01-06T01:10:38.794+0000] {dag.py:3033} INFO - Sync 1 DAGs
[2024-01-06T01:10:38.808+0000] {logging_mixin.py:188} INFO - [2024-01-06T01:10:38.808+0000] {dag.py:3820} INFO - Setting next_dagrun for dummy_dag to None, run_after=None
[2024-01-06T01:10:38.821+0000] {processor.py:183} INFO - Processing /opt/airflow/dags/dummy_dag.py took 0.061 seconds
[2024-01-06T01:11:09.231+0000] {processor.py:161} INFO - Started process (PID=1186) to work on /opt/airflow/dags/dummy_dag.py
[2024-01-06T01:11:09.232+0000] {processor.py:830} INFO - Processing file /opt/airflow/dags/dummy_dag.py for tasks to queue
[2024-01-06T01:11:09.233+0000] {logging_mixin.py:188} INFO - [2024-01-06T01:11:09.233+0000] {dagbag.py:538} INFO - Filling up the DagBag from /opt/airflow/dags/dummy_dag.py
[2024-01-06T01:11:09.243+0000] {processor.py:840} INFO - DAG(s) 'dummy_dag' retrieved from /opt/airflow/dags/dummy_dag.py
[2024-01-06T01:11:09.260+0000] {logging_mixin.py:188} INFO - [2024-01-06T01:11:09.260+0000] {dag.py:3033} INFO - Sync 1 DAGs
[2024-01-06T01:11:09.273+0000] {logging_mixin.py:188} INFO - [2024-01-06T01:11:09.272+0000] {dag.py:3820} INFO - Setting next_dagrun for dummy_dag to None, run_after=None
[2024-01-06T01:11:09.285+0000] {processor.py:183} INFO - Processing /opt/airflow/dags/dummy_dag.py took 0.056 seconds
[2024-01-06T01:11:39.647+0000] {processor.py:161} INFO - Started process (PID=1195) to work on /opt/airflow/dags/dummy_dag.py
[2024-01-06T01:11:39.648+0000] {processor.py:830} INFO - Processing file /opt/airflow/dags/dummy_dag.py for tasks to queue
[2024-01-06T01:11:39.651+0000] {logging_mixin.py:188} INFO - [2024-01-06T01:11:39.650+0000] {dagbag.py:538} INFO - Filling up the DagBag from /opt/airflow/dags/dummy_dag.py
[2024-01-06T01:11:39.666+0000] {processor.py:840} INFO - DAG(s) 'dummy_dag' retrieved from /opt/airflow/dags/dummy_dag.py
[2024-01-06T01:11:39.686+0000] {logging_mixin.py:188} INFO - [2024-01-06T01:11:39.686+0000] {dag.py:3033} INFO - Sync 1 DAGs
[2024-01-06T01:11:39.699+0000] {logging_mixin.py:188} INFO - [2024-01-06T01:11:39.698+0000] {dag.py:3820} INFO - Setting next_dagrun for dummy_dag to None, run_after=None
[2024-01-06T01:11:39.710+0000] {processor.py:183} INFO - Processing /opt/airflow/dags/dummy_dag.py took 0.068 seconds
[2024-01-06T01:12:10.078+0000] {processor.py:161} INFO - Started process (PID=1204) to work on /opt/airflow/dags/dummy_dag.py
[2024-01-06T01:12:10.079+0000] {processor.py:830} INFO - Processing file /opt/airflow/dags/dummy_dag.py for tasks to queue
[2024-01-06T01:12:10.080+0000] {logging_mixin.py:188} INFO - [2024-01-06T01:12:10.080+0000] {dagbag.py:538} INFO - Filling up the DagBag from /opt/airflow/dags/dummy_dag.py
[2024-01-06T01:12:10.091+0000] {processor.py:840} INFO - DAG(s) 'dummy_dag' retrieved from /opt/airflow/dags/dummy_dag.py
[2024-01-06T01:12:10.109+0000] {logging_mixin.py:188} INFO - [2024-01-06T01:12:10.109+0000] {dag.py:3033} INFO - Sync 1 DAGs
[2024-01-06T01:12:10.123+0000] {logging_mixin.py:188} INFO - [2024-01-06T01:12:10.123+0000] {dag.py:3820} INFO - Setting next_dagrun for dummy_dag to None, run_after=None
[2024-01-06T01:12:10.134+0000] {processor.py:183} INFO - Processing /opt/airflow/dags/dummy_dag.py took 0.058 seconds
[2024-01-06T01:12:40.464+0000] {processor.py:161} INFO - Started process (PID=1213) to work on /opt/airflow/dags/dummy_dag.py
[2024-01-06T01:12:40.466+0000] {processor.py:830} INFO - Processing file /opt/airflow/dags/dummy_dag.py for tasks to queue
[2024-01-06T01:12:40.469+0000] {logging_mixin.py:188} INFO - [2024-01-06T01:12:40.469+0000] {dagbag.py:538} INFO - Filling up the DagBag from /opt/airflow/dags/dummy_dag.py
[2024-01-06T01:12:40.484+0000] {processor.py:840} INFO - DAG(s) 'dummy_dag' retrieved from /opt/airflow/dags/dummy_dag.py
[2024-01-06T01:12:40.502+0000] {logging_mixin.py:188} INFO - [2024-01-06T01:12:40.502+0000] {dag.py:3033} INFO - Sync 1 DAGs
[2024-01-06T01:12:40.516+0000] {logging_mixin.py:188} INFO - [2024-01-06T01:12:40.516+0000] {dag.py:3820} INFO - Setting next_dagrun for dummy_dag to None, run_after=None
[2024-01-06T01:12:40.526+0000] {processor.py:183} INFO - Processing /opt/airflow/dags/dummy_dag.py took 0.066 seconds
[2024-01-06T01:13:10.919+0000] {processor.py:161} INFO - Started process (PID=1222) to work on /opt/airflow/dags/dummy_dag.py
[2024-01-06T01:13:10.920+0000] {processor.py:830} INFO - Processing file /opt/airflow/dags/dummy_dag.py for tasks to queue
[2024-01-06T01:13:10.923+0000] {logging_mixin.py:188} INFO - [2024-01-06T01:13:10.922+0000] {dagbag.py:538} INFO - Filling up the DagBag from /opt/airflow/dags/dummy_dag.py
[2024-01-06T01:13:10.937+0000] {processor.py:840} INFO - DAG(s) 'dummy_dag' retrieved from /opt/airflow/dags/dummy_dag.py
[2024-01-06T01:13:10.960+0000] {logging_mixin.py:188} INFO - [2024-01-06T01:13:10.959+0000] {dag.py:3033} INFO - Sync 1 DAGs
[2024-01-06T01:13:10.974+0000] {logging_mixin.py:188} INFO - [2024-01-06T01:13:10.974+0000] {dag.py:3820} INFO - Setting next_dagrun for dummy_dag to None, run_after=None
[2024-01-06T01:13:10.996+0000] {processor.py:183} INFO - Processing /opt/airflow/dags/dummy_dag.py took 0.081 seconds
[2024-01-06T01:13:41.341+0000] {processor.py:161} INFO - Started process (PID=1231) to work on /opt/airflow/dags/dummy_dag.py
[2024-01-06T01:13:41.342+0000] {processor.py:830} INFO - Processing file /opt/airflow/dags/dummy_dag.py for tasks to queue
[2024-01-06T01:13:41.345+0000] {logging_mixin.py:188} INFO - [2024-01-06T01:13:41.344+0000] {dagbag.py:538} INFO - Filling up the DagBag from /opt/airflow/dags/dummy_dag.py
[2024-01-06T01:13:41.355+0000] {processor.py:840} INFO - DAG(s) 'dummy_dag' retrieved from /opt/airflow/dags/dummy_dag.py
[2024-01-06T01:13:41.371+0000] {logging_mixin.py:188} INFO - [2024-01-06T01:13:41.371+0000] {dag.py:3033} INFO - Sync 1 DAGs
[2024-01-06T01:13:41.383+0000] {logging_mixin.py:188} INFO - [2024-01-06T01:13:41.383+0000] {dag.py:3820} INFO - Setting next_dagrun for dummy_dag to None, run_after=None
[2024-01-06T01:13:41.393+0000] {processor.py:183} INFO - Processing /opt/airflow/dags/dummy_dag.py took 0.055 seconds
[2024-01-06T01:14:11.678+0000] {processor.py:161} INFO - Started process (PID=1240) to work on /opt/airflow/dags/dummy_dag.py
[2024-01-06T01:14:11.679+0000] {processor.py:830} INFO - Processing file /opt/airflow/dags/dummy_dag.py for tasks to queue
[2024-01-06T01:14:11.681+0000] {logging_mixin.py:188} INFO - [2024-01-06T01:14:11.681+0000] {dagbag.py:538} INFO - Filling up the DagBag from /opt/airflow/dags/dummy_dag.py
[2024-01-06T01:14:11.691+0000] {processor.py:840} INFO - DAG(s) 'dummy_dag' retrieved from /opt/airflow/dags/dummy_dag.py
[2024-01-06T01:14:11.707+0000] {logging_mixin.py:188} INFO - [2024-01-06T01:14:11.707+0000] {dag.py:3033} INFO - Sync 1 DAGs
[2024-01-06T01:14:11.720+0000] {logging_mixin.py:188} INFO - [2024-01-06T01:14:11.719+0000] {dag.py:3820} INFO - Setting next_dagrun for dummy_dag to None, run_after=None
[2024-01-06T01:14:11.729+0000] {processor.py:183} INFO - Processing /opt/airflow/dags/dummy_dag.py took 0.054 seconds
[2024-01-06T01:14:42.010+0000] {processor.py:161} INFO - Started process (PID=1249) to work on /opt/airflow/dags/dummy_dag.py
[2024-01-06T01:14:42.011+0000] {processor.py:830} INFO - Processing file /opt/airflow/dags/dummy_dag.py for tasks to queue
[2024-01-06T01:14:42.014+0000] {logging_mixin.py:188} INFO - [2024-01-06T01:14:42.014+0000] {dagbag.py:538} INFO - Filling up the DagBag from /opt/airflow/dags/dummy_dag.py
[2024-01-06T01:14:42.027+0000] {processor.py:840} INFO - DAG(s) 'dummy_dag' retrieved from /opt/airflow/dags/dummy_dag.py
[2024-01-06T01:14:42.047+0000] {logging_mixin.py:188} INFO - [2024-01-06T01:14:42.047+0000] {dag.py:3033} INFO - Sync 1 DAGs
[2024-01-06T01:14:42.060+0000] {logging_mixin.py:188} INFO - [2024-01-06T01:14:42.059+0000] {dag.py:3820} INFO - Setting next_dagrun for dummy_dag to None, run_after=None
[2024-01-06T01:14:42.070+0000] {processor.py:183} INFO - Processing /opt/airflow/dags/dummy_dag.py took 0.064 seconds
[2024-01-06T01:15:12.461+0000] {processor.py:161} INFO - Started process (PID=1258) to work on /opt/airflow/dags/dummy_dag.py
[2024-01-06T01:15:12.462+0000] {processor.py:830} INFO - Processing file /opt/airflow/dags/dummy_dag.py for tasks to queue
[2024-01-06T01:15:12.464+0000] {logging_mixin.py:188} INFO - [2024-01-06T01:15:12.464+0000] {dagbag.py:538} INFO - Filling up the DagBag from /opt/airflow/dags/dummy_dag.py
[2024-01-06T01:15:12.477+0000] {processor.py:840} INFO - DAG(s) 'dummy_dag' retrieved from /opt/airflow/dags/dummy_dag.py
[2024-01-06T01:15:12.494+0000] {logging_mixin.py:188} INFO - [2024-01-06T01:15:12.494+0000] {dag.py:3033} INFO - Sync 1 DAGs
[2024-01-06T01:15:12.506+0000] {logging_mixin.py:188} INFO - [2024-01-06T01:15:12.506+0000] {dag.py:3820} INFO - Setting next_dagrun for dummy_dag to None, run_after=None
[2024-01-06T01:15:12.517+0000] {processor.py:183} INFO - Processing /opt/airflow/dags/dummy_dag.py took 0.060 seconds
[2024-01-06T01:15:42.916+0000] {processor.py:161} INFO - Started process (PID=1267) to work on /opt/airflow/dags/dummy_dag.py
[2024-01-06T01:15:42.918+0000] {processor.py:830} INFO - Processing file /opt/airflow/dags/dummy_dag.py for tasks to queue
[2024-01-06T01:15:42.922+0000] {logging_mixin.py:188} INFO - [2024-01-06T01:15:42.921+0000] {dagbag.py:538} INFO - Filling up the DagBag from /opt/airflow/dags/dummy_dag.py
[2024-01-06T01:15:42.939+0000] {processor.py:840} INFO - DAG(s) 'dummy_dag' retrieved from /opt/airflow/dags/dummy_dag.py
[2024-01-06T01:15:42.957+0000] {logging_mixin.py:188} INFO - [2024-01-06T01:15:42.957+0000] {dag.py:3033} INFO - Sync 1 DAGs
[2024-01-06T01:15:42.970+0000] {logging_mixin.py:188} INFO - [2024-01-06T01:15:42.970+0000] {dag.py:3820} INFO - Setting next_dagrun for dummy_dag to None, run_after=None
[2024-01-06T01:15:42.981+0000] {processor.py:183} INFO - Processing /opt/airflow/dags/dummy_dag.py took 0.071 seconds
[2024-01-06T01:16:13.372+0000] {processor.py:161} INFO - Started process (PID=1276) to work on /opt/airflow/dags/dummy_dag.py
[2024-01-06T01:16:13.374+0000] {processor.py:830} INFO - Processing file /opt/airflow/dags/dummy_dag.py for tasks to queue
[2024-01-06T01:16:13.376+0000] {logging_mixin.py:188} INFO - [2024-01-06T01:16:13.376+0000] {dagbag.py:538} INFO - Filling up the DagBag from /opt/airflow/dags/dummy_dag.py
[2024-01-06T01:16:13.392+0000] {processor.py:840} INFO - DAG(s) 'dummy_dag' retrieved from /opt/airflow/dags/dummy_dag.py
[2024-01-06T01:16:13.410+0000] {logging_mixin.py:188} INFO - [2024-01-06T01:16:13.410+0000] {dag.py:3033} INFO - Sync 1 DAGs
[2024-01-06T01:16:13.422+0000] {logging_mixin.py:188} INFO - [2024-01-06T01:16:13.422+0000] {dag.py:3820} INFO - Setting next_dagrun for dummy_dag to None, run_after=None
[2024-01-06T01:16:13.432+0000] {processor.py:183} INFO - Processing /opt/airflow/dags/dummy_dag.py took 0.065 seconds
[2024-01-06T01:16:43.801+0000] {processor.py:161} INFO - Started process (PID=1285) to work on /opt/airflow/dags/dummy_dag.py
[2024-01-06T01:16:43.802+0000] {processor.py:830} INFO - Processing file /opt/airflow/dags/dummy_dag.py for tasks to queue
[2024-01-06T01:16:43.804+0000] {logging_mixin.py:188} INFO - [2024-01-06T01:16:43.804+0000] {dagbag.py:538} INFO - Filling up the DagBag from /opt/airflow/dags/dummy_dag.py
[2024-01-06T01:16:43.817+0000] {processor.py:840} INFO - DAG(s) 'dummy_dag' retrieved from /opt/airflow/dags/dummy_dag.py
[2024-01-06T01:16:43.836+0000] {logging_mixin.py:188} INFO - [2024-01-06T01:16:43.836+0000] {dag.py:3033} INFO - Sync 1 DAGs
[2024-01-06T01:16:43.850+0000] {logging_mixin.py:188} INFO - [2024-01-06T01:16:43.850+0000] {dag.py:3820} INFO - Setting next_dagrun for dummy_dag to None, run_after=None
[2024-01-06T01:16:43.861+0000] {processor.py:183} INFO - Processing /opt/airflow/dags/dummy_dag.py took 0.064 seconds
[2024-01-06T01:17:14.205+0000] {processor.py:161} INFO - Started process (PID=1294) to work on /opt/airflow/dags/dummy_dag.py
[2024-01-06T01:17:14.207+0000] {processor.py:830} INFO - Processing file /opt/airflow/dags/dummy_dag.py for tasks to queue
[2024-01-06T01:17:14.210+0000] {logging_mixin.py:188} INFO - [2024-01-06T01:17:14.210+0000] {dagbag.py:538} INFO - Filling up the DagBag from /opt/airflow/dags/dummy_dag.py
[2024-01-06T01:17:14.229+0000] {processor.py:840} INFO - DAG(s) 'dummy_dag' retrieved from /opt/airflow/dags/dummy_dag.py
[2024-01-06T01:17:14.248+0000] {logging_mixin.py:188} INFO - [2024-01-06T01:17:14.248+0000] {dag.py:3033} INFO - Sync 1 DAGs
[2024-01-06T01:17:14.261+0000] {logging_mixin.py:188} INFO - [2024-01-06T01:17:14.261+0000] {dag.py:3820} INFO - Setting next_dagrun for dummy_dag to None, run_after=None
[2024-01-06T01:17:14.272+0000] {processor.py:183} INFO - Processing /opt/airflow/dags/dummy_dag.py took 0.072 seconds
[2024-01-06T01:17:44.554+0000] {processor.py:161} INFO - Started process (PID=1303) to work on /opt/airflow/dags/dummy_dag.py
[2024-01-06T01:17:44.555+0000] {processor.py:830} INFO - Processing file /opt/airflow/dags/dummy_dag.py for tasks to queue
[2024-01-06T01:17:44.558+0000] {logging_mixin.py:188} INFO - [2024-01-06T01:17:44.557+0000] {dagbag.py:538} INFO - Filling up the DagBag from /opt/airflow/dags/dummy_dag.py
[2024-01-06T01:17:44.569+0000] {processor.py:840} INFO - DAG(s) 'dummy_dag' retrieved from /opt/airflow/dags/dummy_dag.py
[2024-01-06T01:17:44.585+0000] {logging_mixin.py:188} INFO - [2024-01-06T01:17:44.585+0000] {dag.py:3033} INFO - Sync 1 DAGs
[2024-01-06T01:17:44.598+0000] {logging_mixin.py:188} INFO - [2024-01-06T01:17:44.598+0000] {dag.py:3820} INFO - Setting next_dagrun for dummy_dag to None, run_after=None
[2024-01-06T01:17:44.609+0000] {processor.py:183} INFO - Processing /opt/airflow/dags/dummy_dag.py took 0.057 seconds
[2024-01-06T01:18:14.890+0000] {processor.py:161} INFO - Started process (PID=1312) to work on /opt/airflow/dags/dummy_dag.py
[2024-01-06T01:18:14.891+0000] {processor.py:830} INFO - Processing file /opt/airflow/dags/dummy_dag.py for tasks to queue
[2024-01-06T01:18:14.894+0000] {logging_mixin.py:188} INFO - [2024-01-06T01:18:14.894+0000] {dagbag.py:538} INFO - Filling up the DagBag from /opt/airflow/dags/dummy_dag.py
[2024-01-06T01:18:14.903+0000] {processor.py:840} INFO - DAG(s) 'dummy_dag' retrieved from /opt/airflow/dags/dummy_dag.py
[2024-01-06T01:18:14.924+0000] {logging_mixin.py:188} INFO - [2024-01-06T01:18:14.924+0000] {dag.py:3033} INFO - Sync 1 DAGs
[2024-01-06T01:18:14.937+0000] {logging_mixin.py:188} INFO - [2024-01-06T01:18:14.937+0000] {dag.py:3820} INFO - Setting next_dagrun for dummy_dag to None, run_after=None
[2024-01-06T01:18:14.948+0000] {processor.py:183} INFO - Processing /opt/airflow/dags/dummy_dag.py took 0.060 seconds
[2024-01-06T01:18:45.342+0000] {processor.py:161} INFO - Started process (PID=1321) to work on /opt/airflow/dags/dummy_dag.py
[2024-01-06T01:18:45.343+0000] {processor.py:830} INFO - Processing file /opt/airflow/dags/dummy_dag.py for tasks to queue
[2024-01-06T01:18:45.346+0000] {logging_mixin.py:188} INFO - [2024-01-06T01:18:45.346+0000] {dagbag.py:538} INFO - Filling up the DagBag from /opt/airflow/dags/dummy_dag.py
[2024-01-06T01:18:45.360+0000] {processor.py:840} INFO - DAG(s) 'dummy_dag' retrieved from /opt/airflow/dags/dummy_dag.py
[2024-01-06T01:18:45.385+0000] {logging_mixin.py:188} INFO - [2024-01-06T01:18:45.384+0000] {dag.py:3033} INFO - Sync 1 DAGs
[2024-01-06T01:18:45.401+0000] {logging_mixin.py:188} INFO - [2024-01-06T01:18:45.401+0000] {dag.py:3820} INFO - Setting next_dagrun for dummy_dag to None, run_after=None
[2024-01-06T01:18:45.414+0000] {processor.py:183} INFO - Processing /opt/airflow/dags/dummy_dag.py took 0.074 seconds
[2024-01-06T01:19:15.775+0000] {processor.py:161} INFO - Started process (PID=1330) to work on /opt/airflow/dags/dummy_dag.py
[2024-01-06T01:19:15.775+0000] {processor.py:830} INFO - Processing file /opt/airflow/dags/dummy_dag.py for tasks to queue
[2024-01-06T01:19:15.777+0000] {logging_mixin.py:188} INFO - [2024-01-06T01:19:15.777+0000] {dagbag.py:538} INFO - Filling up the DagBag from /opt/airflow/dags/dummy_dag.py
[2024-01-06T01:19:15.788+0000] {processor.py:840} INFO - DAG(s) 'dummy_dag' retrieved from /opt/airflow/dags/dummy_dag.py
[2024-01-06T01:19:15.806+0000] {logging_mixin.py:188} INFO - [2024-01-06T01:19:15.806+0000] {dag.py:3033} INFO - Sync 1 DAGs
[2024-01-06T01:19:15.819+0000] {logging_mixin.py:188} INFO - [2024-01-06T01:19:15.819+0000] {dag.py:3820} INFO - Setting next_dagrun for dummy_dag to None, run_after=None
[2024-01-06T01:19:15.830+0000] {processor.py:183} INFO - Processing /opt/airflow/dags/dummy_dag.py took 0.058 seconds
[2024-01-06T01:19:46.173+0000] {processor.py:161} INFO - Started process (PID=1339) to work on /opt/airflow/dags/dummy_dag.py
[2024-01-06T01:19:46.175+0000] {processor.py:830} INFO - Processing file /opt/airflow/dags/dummy_dag.py for tasks to queue
[2024-01-06T01:19:46.178+0000] {logging_mixin.py:188} INFO - [2024-01-06T01:19:46.177+0000] {dagbag.py:538} INFO - Filling up the DagBag from /opt/airflow/dags/dummy_dag.py
[2024-01-06T01:19:46.198+0000] {processor.py:840} INFO - DAG(s) 'dummy_dag' retrieved from /opt/airflow/dags/dummy_dag.py
[2024-01-06T01:19:46.217+0000] {logging_mixin.py:188} INFO - [2024-01-06T01:19:46.217+0000] {dag.py:3033} INFO - Sync 1 DAGs
[2024-01-06T01:19:46.229+0000] {logging_mixin.py:188} INFO - [2024-01-06T01:19:46.229+0000] {dag.py:3820} INFO - Setting next_dagrun for dummy_dag to None, run_after=None
[2024-01-06T01:19:46.240+0000] {processor.py:183} INFO - Processing /opt/airflow/dags/dummy_dag.py took 0.072 seconds
[2024-01-06T01:20:00.432+0000] {processor.py:161} INFO - Started process (PID=1348) to work on /opt/airflow/dags/dummy_dag.py
[2024-01-06T01:20:00.432+0000] {processor.py:830} INFO - Processing file /opt/airflow/dags/dummy_dag.py for tasks to queue
[2024-01-06T01:20:00.434+0000] {logging_mixin.py:188} INFO - [2024-01-06T01:20:00.434+0000] {dagbag.py:538} INFO - Filling up the DagBag from /opt/airflow/dags/dummy_dag.py
[2024-01-06T01:20:00.447+0000] {processor.py:840} INFO - DAG(s) 'dummy_dag' retrieved from /opt/airflow/dags/dummy_dag.py
[2024-01-06T01:20:00.535+0000] {logging_mixin.py:188} INFO - [2024-01-06T01:20:00.535+0000] {dag.py:3033} INFO - Sync 1 DAGs
[2024-01-06T01:20:00.545+0000] {logging_mixin.py:188} INFO - [2024-01-06T01:20:00.545+0000] {dag.py:3820} INFO - Setting next_dagrun for dummy_dag to None, run_after=None
[2024-01-06T01:20:00.557+0000] {processor.py:183} INFO - Processing /opt/airflow/dags/dummy_dag.py took 0.128 seconds
[2024-01-06T01:20:30.837+0000] {processor.py:161} INFO - Started process (PID=1357) to work on /opt/airflow/dags/dummy_dag.py
[2024-01-06T01:20:30.838+0000] {processor.py:830} INFO - Processing file /opt/airflow/dags/dummy_dag.py for tasks to queue
[2024-01-06T01:20:30.840+0000] {logging_mixin.py:188} INFO - [2024-01-06T01:20:30.839+0000] {dagbag.py:538} INFO - Filling up the DagBag from /opt/airflow/dags/dummy_dag.py
[2024-01-06T01:20:30.850+0000] {processor.py:840} INFO - DAG(s) 'dummy_dag' retrieved from /opt/airflow/dags/dummy_dag.py
[2024-01-06T01:20:30.869+0000] {logging_mixin.py:188} INFO - [2024-01-06T01:20:30.869+0000] {dag.py:3033} INFO - Sync 1 DAGs
[2024-01-06T01:20:30.883+0000] {logging_mixin.py:188} INFO - [2024-01-06T01:20:30.882+0000] {dag.py:3820} INFO - Setting next_dagrun for dummy_dag to None, run_after=None
[2024-01-06T01:20:30.895+0000] {processor.py:183} INFO - Processing /opt/airflow/dags/dummy_dag.py took 0.060 seconds
[2024-01-06T01:21:01.272+0000] {processor.py:161} INFO - Started process (PID=1366) to work on /opt/airflow/dags/dummy_dag.py
[2024-01-06T01:21:01.273+0000] {processor.py:830} INFO - Processing file /opt/airflow/dags/dummy_dag.py for tasks to queue
[2024-01-06T01:21:01.275+0000] {logging_mixin.py:188} INFO - [2024-01-06T01:21:01.275+0000] {dagbag.py:538} INFO - Filling up the DagBag from /opt/airflow/dags/dummy_dag.py
[2024-01-06T01:21:01.287+0000] {processor.py:840} INFO - DAG(s) 'dummy_dag' retrieved from /opt/airflow/dags/dummy_dag.py
[2024-01-06T01:21:01.304+0000] {logging_mixin.py:188} INFO - [2024-01-06T01:21:01.304+0000] {dag.py:3033} INFO - Sync 1 DAGs
[2024-01-06T01:21:01.316+0000] {logging_mixin.py:188} INFO - [2024-01-06T01:21:01.316+0000] {dag.py:3820} INFO - Setting next_dagrun for dummy_dag to None, run_after=None
[2024-01-06T01:21:01.325+0000] {processor.py:183} INFO - Processing /opt/airflow/dags/dummy_dag.py took 0.056 seconds
