[2024-01-05T14:53:55.169+0000] {taskinstance.py:1957} INFO - Dependencies all met for dep_context=non-requeueable deps ti=<TaskInstance: dag_metadata_collector.send_metadata_to_kafka scheduled__2024-01-01T00:00:00+00:00 [queued]>
[2024-01-05T14:53:55.174+0000] {taskinstance.py:1957} INFO - Dependencies all met for dep_context=requeueable deps ti=<TaskInstance: dag_metadata_collector.send_metadata_to_kafka scheduled__2024-01-01T00:00:00+00:00 [queued]>
[2024-01-05T14:53:55.174+0000] {taskinstance.py:2171} INFO - Starting attempt 5 of 5
[2024-01-05T14:53:55.180+0000] {taskinstance.py:2192} INFO - Executing <Task(SendMetadataToKafkaOperator): send_metadata_to_kafka> on 2024-01-01 00:00:00+00:00
[2024-01-05T14:53:55.183+0000] {standard_task_runner.py:60} INFO - Started process 338 to run task
[2024-01-05T14:53:55.185+0000] {standard_task_runner.py:87} INFO - Running: ['***', 'tasks', 'run', 'dag_metadata_collector', 'send_metadata_to_kafka', 'scheduled__2024-01-01T00:00:00+00:00', '--job-id', '23', '--raw', '--subdir', 'DAGS_FOLDER/dag_metadata_collector.py', '--cfg-path', '/tmp/tmpqxs5eddy']
[2024-01-05T14:53:55.186+0000] {standard_task_runner.py:88} INFO - Job 23: Subtask send_metadata_to_kafka
[2024-01-05T14:53:55.212+0000] {task_command.py:423} INFO - Running <TaskInstance: dag_metadata_collector.send_metadata_to_kafka scheduled__2024-01-01T00:00:00+00:00 [running]> on host 0529dd376327
[2024-01-05T14:53:55.247+0000] {taskinstance.py:2481} INFO - Exporting env vars: AIRFLOW_CTX_DAG_OWNER='***' AIRFLOW_CTX_DAG_ID='dag_metadata_collector' AIRFLOW_CTX_TASK_ID='send_metadata_to_kafka' AIRFLOW_CTX_EXECUTION_DATE='2024-01-01T00:00:00+00:00' AIRFLOW_CTX_TRY_NUMBER='5' AIRFLOW_CTX_DAG_RUN_ID='scheduled__2024-01-01T00:00:00+00:00'
[2024-01-05T14:53:55.263+0000] {conn.py:1527} WARNING - DNS lookup failed for broker:29092, exception was [Errno -5] No address associated with hostname. Is your advertised.listeners (called advertised.host.name before Kafka 9) correct and resolvable?
[2024-01-05T14:53:55.264+0000] {conn.py:315} ERROR - DNS lookup failed for broker:29092 (0)
[2024-01-05T14:53:55.264+0000] {conn.py:1205} INFO - Probing node bootstrap-0 broker version
[2024-01-05T14:53:55.267+0000] {conn.py:1527} WARNING - DNS lookup failed for broker:29092, exception was [Errno -5] No address associated with hostname. Is your advertised.listeners (called advertised.host.name before Kafka 9) correct and resolvable?
[2024-01-05T14:53:55.268+0000] {conn.py:315} ERROR - DNS lookup failed for broker:29092 (0)
[2024-01-05T14:53:55.268+0000] {taskinstance.py:2699} ERROR - Task failed with exception
Traceback (most recent call last):
  File "/home/airflow/.local/lib/python3.8/site-packages/airflow/models/taskinstance.py", line 433, in _execute_task
    result = execute_callable(context=context, **execute_callable_kwargs)
  File "/opt/airflow/dags/send_metadata_to_kafka_operator.py", line 14, in execute
    producer = KafkaProducer(bootstrap_servers=["broker:29092"],
  File "/home/airflow/.local/lib/python3.8/site-packages/kafka/producer/kafka.py", line 381, in __init__
    client = KafkaClient(metrics=self._metrics, metric_group_prefix='producer',
  File "/home/airflow/.local/lib/python3.8/site-packages/kafka/client_async.py", line 244, in __init__
    self.config['api_version'] = self.check_version(timeout=check_timeout)
  File "/home/airflow/.local/lib/python3.8/site-packages/kafka/client_async.py", line 900, in check_version
    raise Errors.NoBrokersAvailable()
kafka.errors.NoBrokersAvailable: NoBrokersAvailable
[2024-01-05T14:53:55.274+0000] {taskinstance.py:1138} INFO - Marking task as FAILED. dag_id=dag_metadata_collector, task_id=send_metadata_to_kafka, execution_date=20240101T000000, start_date=20240105T145355, end_date=20240105T145355
[2024-01-05T14:53:55.280+0000] {standard_task_runner.py:107} ERROR - Failed to execute job 23 for task send_metadata_to_kafka (NoBrokersAvailable; 338)
[2024-01-05T14:53:55.323+0000] {local_task_job_runner.py:234} INFO - Task exited with return code 1
[2024-01-05T14:53:55.333+0000] {taskinstance.py:3281} INFO - 0 downstream tasks scheduled from follow-on schedule check
